<?xml version="1.0" encoding="utf-8"?>
<TestRun id="7ca40992-33d0-4070-848f-cee764143081" name="hp@DESKTOP-GH65CIA 2026-01-26 16:29:38" runUser="DESKTOP-GH65CIA\hp" xmlns="http://microsoft.com/schemas/VisualStudio/TeamTest/2010">
  <Times creation="2026-01-26T16:29:38.8039208+01:00" queuing="2026-01-26T16:29:38.8039220+01:00" start="2026-01-26T16:29:24.3357385+01:00" finish="2026-01-26T16:30:03.2249925+01:00" />
  <TestSettings name="default" id="8b59f337-9f1f-4a74-88ba-9c1fa08a29b6">
    <Deployment runDeploymentRoot="hp_DESKTOP-GH65CIA_2026-01-26_16_29_38" />
  </TestSettings>
  <Results>
    <UnitTestResult executionId="1756305c-92e5-4472-8f8b-362dc63fb4a9" testId="8438f0a5-561f-7ed6-018e-986efc117d06" testName="ShoppingProject.UnitTests.Architecture.ArchitectureTests.Domain_Entities_Should_BeSealed_Or_Abstract" computerName="DESKTOP-GH65CIA" duration="00:00:00.0023865" startTime="2026-01-26T16:29:54.2965272+01:00" endTime="2026-01-26T16:29:54.2965275+01:00" testType="13cdc9d9-ddb5-4fa4-a97d-d965ccfc6d4b" outcome="Failed" testListId="8c84fa94-04c1-424b-9868-57a2d4851a1d" relativeResultsDirectory="1756305c-92e5-4472-8f8b-362dc63fb4a9">
      <Output>
        <ErrorInfo>
          <Message>All domain entities should be sealed or abstract to prevent unintended inheritance</Message>
          <StackTrace>   at ShoppingProject.UnitTests.Architecture.ArchitectureTests.Domain_Entities_Should_BeSealed_Or_Abstract() in O:\Projets\pipeline_azure\src\Tests\Architecture\ArchitectureTests.cs:line 128&#xD;
   at System.RuntimeMethodHandle.InvokeMethod(ObjectHandleOnStack target, Void** arguments, ObjectHandleOnStack sig, BOOL isConstructor, ObjectHandleOnStack result)&#xD;
   at System.Reflection.MethodBaseInvoker.InterpretedInvoke_Method(Object obj, IntPtr* args)&#xD;
   at System.Reflection.RuntimeMethodInfo.Invoke(Object obj, BindingFlags invokeAttr, Binder binder, Object[] parameters, CultureInfo culture)</StackTrace>
        </ErrorInfo>
      </Output>
    </UnitTestResult>
    <UnitTestResult executionId="c93070c0-122c-4cc8-8f38-880ec4b6c5de" testId="aee38502-c3b1-5dd2-6487-e28206af284e" testName="ShoppingProject.UnitTests.Application.Queries.GetProductByIdQueryTests.Handle_ExistingProduct_ShouldReturnProductFromCache" computerName="DESKTOP-GH65CIA" duration="00:00:00.8550271" startTime="2026-01-26T16:29:43.5977908+01:00" endTime="2026-01-26T16:29:43.5977912+01:00" testType="13cdc9d9-ddb5-4fa4-a97d-d965ccfc6d4b" outcome="Passed" testListId="8c84fa94-04c1-424b-9868-57a2d4851a1d" relativeResultsDirectory="c93070c0-122c-4cc8-8f38-880ec4b6c5de" />
    <UnitTestResult executionId="35ca8e58-c328-4da8-8c65-eff78d3daa4d" testId="bcba41de-9f2d-423e-6b98-bc88dd5543e6" testName="ShoppingProject.UnitTests.Application.Queries.GetProductByIdQueryTests.Handle_ValidQuery_ShouldUseCacheKeyWithProductId" computerName="DESKTOP-GH65CIA" duration="00:00:00.0056534" startTime="2026-01-26T16:29:43.6098110+01:00" endTime="2026-01-26T16:29:43.6098114+01:00" testType="13cdc9d9-ddb5-4fa4-a97d-d965ccfc6d4b" outcome="Passed" testListId="8c84fa94-04c1-424b-9868-57a2d4851a1d" relativeResultsDirectory="35ca8e58-c328-4da8-8c65-eff78d3daa4d" />
    <UnitTestResult executionId="8482620d-155c-42bd-8250-190c439df4b7" testId="097768c3-87df-ae1e-3782-039d63ac0293" testName="ShoppingProject.Tests.Infrastructure.RepositoryPatternIntegrationTests.DeleteAsync_RemovesEntity" computerName="DESKTOP-GH65CIA" duration="00:00:00.0046055" startTime="2026-01-26T16:29:50.9736351+01:00" endTime="2026-01-26T16:29:50.9736352+01:00" testType="13cdc9d9-ddb5-4fa4-a97d-d965ccfc6d4b" outcome="Passed" testListId="8c84fa94-04c1-424b-9868-57a2d4851a1d" relativeResultsDirectory="8482620d-155c-42bd-8250-190c439df4b7" />
    <UnitTestResult executionId="d3722959-d196-4ac2-b1fb-7ada44543de2" testId="416ad280-1cd3-d099-17af-db002b556be8" testName="ShoppingProject.Tests.Infrastructure.OutboxMessageStoreIntegrationTests.CleanupProcessedMessagesAsync_RemovesOldProcessedMessages" computerName="DESKTOP-GH65CIA" duration="00:00:00.0704953" startTime="2026-01-26T16:29:50.8850223+01:00" endTime="2026-01-26T16:29:50.8850227+01:00" testType="13cdc9d9-ddb5-4fa4-a97d-d965ccfc6d4b" outcome="Failed" testListId="8c84fa94-04c1-424b-9868-57a2d4851a1d" relativeResultsDirectory="d3722959-d196-4ac2-b1fb-7ada44543de2">
      <Output>
        <ErrorInfo>
          <Message>System.InvalidOperationException : The LINQ expression 'DbSet&lt;OutboxMessage&gt;()&#xD;
    .Where(o =&gt; o.Id == __message_Id_0)&#xD;
    .ExecuteUpdate(s =&gt; s.SetProperty&lt;DateTime?&gt;(&#xD;
        propertyExpression: m =&gt; m.ProcessedOnUtc, &#xD;
        valueExpression: __oldDate_1))' could not be translated. Either rewrite the query in a form that can be translated, or switch to client evaluation explicitly by inserting a call to 'AsEnumerable', 'AsAsyncEnumerable', 'ToList', or 'ToListAsync'. See https://go.microsoft.com/fwlink/?linkid=2101038 for more information.</Message>
          <StackTrace>   at Microsoft.EntityFrameworkCore.Query.QueryableMethodTranslatingExpressionVisitor.VisitMethodCall(MethodCallExpression methodCallExpression)&#xD;
   at Microsoft.EntityFrameworkCore.InMemory.Query.Internal.InMemoryQueryableMethodTranslatingExpressionVisitor.VisitMethodCall(MethodCallExpression methodCallExpression)&#xD;
   at Microsoft.EntityFrameworkCore.Query.QueryableMethodTranslatingExpressionVisitor.Translate(Expression expression)&#xD;
   at Microsoft.EntityFrameworkCore.Query.QueryCompilationContext.CreateQueryExecutor[TResult](Expression query)&#xD;
   at Microsoft.EntityFrameworkCore.Storage.Database.CompileQuery[TResult](Expression query, Boolean async)&#xD;
   at Microsoft.EntityFrameworkCore.Query.Internal.QueryCompiler.CompileQueryCore[TResult](IDatabase database, Expression query, IModel model, Boolean async)&#xD;
   at Microsoft.EntityFrameworkCore.Query.Internal.QueryCompiler.&lt;&gt;c__DisplayClass12_0`1.&lt;ExecuteAsync&gt;b__0()&#xD;
   at Microsoft.EntityFrameworkCore.Query.Internal.CompiledQueryCache.GetOrAddQuery[TResult](Object cacheKey, Func`1 compiler)&#xD;
   at Microsoft.EntityFrameworkCore.Query.Internal.QueryCompiler.ExecuteAsync[TResult](Expression query, CancellationToken cancellationToken)&#xD;
   at Microsoft.EntityFrameworkCore.Query.Internal.EntityQueryProvider.ExecuteAsync[TResult](Expression expression, CancellationToken cancellationToken)&#xD;
   at Microsoft.EntityFrameworkCore.RelationalQueryableExtensions.ExecuteUpdateAsync[TSource](IQueryable`1 source, Expression`1 setPropertyCalls, CancellationToken cancellationToken)&#xD;
   at ShoppingProject.Tests.Infrastructure.OutboxMessageStoreIntegrationTests.CleanupProcessedMessagesAsync_RemovesOldProcessedMessages() in O:\Projets\pipeline_azure\src\Tests\Infrastructure\OutboxMessageStoreIntegrationTests.cs:line 277&#xD;
--- End of stack trace from previous location ---</StackTrace>
        </ErrorInfo>
      </Output>
    </UnitTestResult>
    <UnitTestResult executionId="cd44fd97-a31e-43df-ab33-7961956fc222" testId="f92074fb-1abf-5822-eec5-361f053c7227" testName="ShoppingProject.UnitTests.Presentation.Controllers.CartsControllerAuthorizationTests.DeleteAll_HasAuthorizeAttributeWithCanPurgePolicy" computerName="DESKTOP-GH65CIA" duration="00:00:00.0031388" startTime="2026-01-26T16:29:42.4975932+01:00" endTime="2026-01-26T16:29:42.4975936+01:00" testType="13cdc9d9-ddb5-4fa4-a97d-d965ccfc6d4b" outcome="Failed" testListId="8c84fa94-04c1-424b-9868-57a2d4851a1d" relativeResultsDirectory="cd44fd97-a31e-43df-ab33-7961956fc222">
      <Output>
        <ErrorInfo>
          <Message>Assert.NotEmpty() Failure: Collection was empty</Message>
          <StackTrace>   at ShoppingProject.UnitTests.Presentation.Controllers.CartsControllerAuthorizationTests.DeleteAll_HasAuthorizeAttributeWithCanPurgePolicy() in O:\Projets\pipeline_azure\src\Tests\Presentation\Controllers\CartsControllerAuthorizationTests.cs:line 74&#xD;
   at System.RuntimeMethodHandle.InvokeMethod(ObjectHandleOnStack target, Void** arguments, ObjectHandleOnStack sig, BOOL isConstructor, ObjectHandleOnStack result)&#xD;
   at System.Reflection.MethodBaseInvoker.InterpretedInvoke_Method(Object obj, IntPtr* args)&#xD;
   at System.Reflection.RuntimeMethodInfo.Invoke(Object obj, BindingFlags invokeAttr, Binder binder, Object[] parameters, CultureInfo culture)</StackTrace>
        </ErrorInfo>
      </Output>
    </UnitTestResult>
    <UnitTestResult executionId="1b0b7386-e5eb-4cc1-a79e-db3c03a09541" testId="b1e49cfd-b9f4-8c9e-9539-bdd83414e806" testName="ShoppingProject.Tests.Infrastructure.SpecificationPatternIntegrationTests.SpecificationEvaluator_AppliesFiltersAndOrderingAndPagination" computerName="DESKTOP-GH65CIA" duration="00:00:00.0793686" startTime="2026-01-26T16:29:50.9636141+01:00" endTime="2026-01-26T16:29:50.9636143+01:00" testType="13cdc9d9-ddb5-4fa4-a97d-d965ccfc6d4b" outcome="Passed" testListId="8c84fa94-04c1-424b-9868-57a2d4851a1d" relativeResultsDirectory="1b0b7386-e5eb-4cc1-a79e-db3c03a09541" />
    <UnitTestResult executionId="2ae5c2b2-001e-4aa8-9b02-38a2afbb1ad6" testId="db809357-af0d-b103-4f3f-f2eeedb24fe5" testName="ShoppingProject.UnitTests.Application.QueryableExtensionsTests.ToDynamic_ShouldSortDescending" computerName="DESKTOP-GH65CIA" duration="00:00:00.0029058" startTime="2026-01-26T16:30:03.0502130+01:00" endTime="2026-01-26T16:30:03.0502135+01:00" testType="13cdc9d9-ddb5-4fa4-a97d-d965ccfc6d4b" outcome="Passed" testListId="8c84fa94-04c1-424b-9868-57a2d4851a1d" relativeResultsDirectory="2ae5c2b2-001e-4aa8-9b02-38a2afbb1ad6" />
    <UnitTestResult executionId="8d21819c-1dd2-4174-a1bf-f252d66a6c6a" testId="d178c882-4e93-5f39-0302-915c42fe068e" testName="ShoppingProject.Tests.Infrastructure.RepositoryPatternIntegrationTests.FirstOrDefaultAsync_ReturnsNullWhenNotFound" computerName="DESKTOP-GH65CIA" duration="00:00:00.2099730" startTime="2026-01-26T16:29:50.5579009+01:00" endTime="2026-01-26T16:29:50.5579013+01:00" testType="13cdc9d9-ddb5-4fa4-a97d-d965ccfc6d4b" outcome="Passed" testListId="8c84fa94-04c1-424b-9868-57a2d4851a1d" relativeResultsDirectory="8d21819c-1dd2-4174-a1bf-f252d66a6c6a" />
    <UnitTestResult executionId="05c82597-657e-4107-aee6-674068638217" testId="b850ad33-65d6-ff08-c0ca-7e4517012a7e" testName="ShoppingProject.UnitTests.Architecture.ArchitectureTests.Domain_Should_Not_HaveDependencyOnOtherProjects" computerName="DESKTOP-GH65CIA" duration="00:00:00.0104692" startTime="2026-01-26T16:29:54.2933303+01:00" endTime="2026-01-26T16:29:54.2933307+01:00" testType="13cdc9d9-ddb5-4fa4-a97d-d965ccfc6d4b" outcome="Passed" testListId="8c84fa94-04c1-424b-9868-57a2d4851a1d" relativeResultsDirectory="05c82597-657e-4107-aee6-674068638217" />
    <UnitTestResult executionId="06b83002-46ef-4c6e-9411-7adb582162d8" testId="5a62bf38-2ca3-a50e-cf24-6fdab96a3d50" testName="ShoppingProject.UnitTests.Presentation.Controllers.IdentityControllerAuthorizationTests.Register_HasAllowAnonymousAttribute" computerName="DESKTOP-GH65CIA" duration="00:00:05.5233606" startTime="2026-01-26T16:29:41.4349433+01:00" endTime="2026-01-26T16:29:41.4349436+01:00" testType="13cdc9d9-ddb5-4fa4-a97d-d965ccfc6d4b" outcome="Passed" testListId="8c84fa94-04c1-424b-9868-57a2d4851a1d" relativeResultsDirectory="06b83002-46ef-4c6e-9411-7adb582162d8" />
    <UnitTestResult executionId="9ec30305-6747-4f68-b2d5-725083c6eaa8" testId="55e479ad-1a4a-69dd-c034-6a253afc0674" testName="ShoppingProject.UnitTests.IntegrationTests.CartsIntegrationTests.GetCartById_Should_Return_Cart" computerName="DESKTOP-GH65CIA" duration="00:00:00.0010000" startTime="2026-01-26T16:29:50.7743820+01:00" endTime="2026-01-26T16:29:50.7743824+01:00" testType="13cdc9d9-ddb5-4fa4-a97d-d965ccfc6d4b" outcome="Failed" testListId="8c84fa94-04c1-424b-9868-57a2d4851a1d" relativeResultsDirectory="9ec30305-6747-4f68-b2d5-725083c6eaa8">
      <Output>
        <ErrorInfo>
          <Message>System.UriFormatException : Invalid URI: The hostname could not be parsed.</Message>
          <StackTrace>   at System.Uri.CreateThis(String uri, Boolean dontEscape, UriKind uriKind, UriCreationOptions&amp; creationOptions)&#xD;
   at System.Uri..ctor(String uriString)&#xD;
   at Program.&lt;Main&gt;$(String[] args) in O:\Projets\pipeline_azure\src\Presentation\API\Program.cs:line 19&#xD;
   at Program.&lt;Main&gt;(String[] args)&#xD;
   at InvokeStub_Program.&lt;Main&gt;(Object, Span`1)&#xD;
   at System.Reflection.MethodBaseInvoker.InvokeWithOneArg(Object obj, BindingFlags invokeAttr, Binder binder, Object[] parameters, CultureInfo culture)&#xD;
--- End of stack trace from previous location ---&#xD;
   at Microsoft.Extensions.Hosting.HostFactoryResolver.HostingListener.CreateHost()&#xD;
   at Microsoft.Extensions.Hosting.HostFactoryResolver.&lt;&gt;c__DisplayClass10_0.&lt;ResolveHostFactory&gt;b__0(String[] args)&#xD;
   at Microsoft.AspNetCore.Mvc.Testing.DeferredHostBuilder.Build()&#xD;
   at Microsoft.AspNetCore.Mvc.Testing.WebApplicationFactory`1.CreateHost(IHostBuilder builder)&#xD;
   at ShoppingProject.Tests.Infrastructure.CustomWebApplicationFactory.CreateHost(IHostBuilder builder) in O:\Projets\pipeline_azure\src\Tests\Infrastructure\CustomWebApplicationFactory.cs:line 94&#xD;
   at Microsoft.AspNetCore.Mvc.Testing.WebApplicationFactory`1.ConfigureHostBuilder(IHostBuilder hostBuilder)&#xD;
   at Microsoft.AspNetCore.Mvc.Testing.WebApplicationFactory`1.EnsureServer()&#xD;
   at Microsoft.AspNetCore.Mvc.Testing.WebApplicationFactory`1.CreateDefaultClient(DelegatingHandler[] handlers)&#xD;
   at Microsoft.AspNetCore.Mvc.Testing.WebApplicationFactory`1.CreateDefaultClient(Uri baseAddress, DelegatingHandler[] handlers)&#xD;
   at Microsoft.AspNetCore.Mvc.Testing.WebApplicationFactory`1.CreateClient(WebApplicationFactoryClientOptions options)&#xD;
   at Microsoft.AspNetCore.Mvc.Testing.WebApplicationFactory`1.CreateClient()&#xD;
   at ShoppingProject.UnitTests.IntegrationTests.CartsIntegrationTests..ctor(CustomWebApplicationFactory factory, ITestOutputHelper output) in O:\Projets\pipeline_azure\src\Tests\IntegrationTests\CartsIntegrationTests.cs:line 19&#xD;
   at System.RuntimeMethodHandle.InvokeMethod(ObjectHandleOnStack target, Void** arguments, ObjectHandleOnStack sig, BOOL isConstructor, ObjectHandleOnStack result)&#xD;
   at System.Reflection.MethodBaseInvoker.InvokeDirectByRefWithFewArgs(Object obj, Span`1 copyOfArgs, BindingFlags invokeAttr)</StackTrace>
        </ErrorInfo>
      </Output>
    </UnitTestResult>
    <UnitTestResult executionId="68dd638a-b526-46a6-8380-84d7333d896b" testId="164119e4-4ed2-818a-467c-194d899adbaa" testName="ShoppingProject.UnitTests.Architecture.ArchitectureTests.Controllers_Should_NotDependOnInfrastructureOrApplication" computerName="DESKTOP-GH65CIA" duration="00:00:00.0014775" startTime="2026-01-26T16:29:54.4078949+01:00" endTime="2026-01-26T16:29:54.4078957+01:00" testType="13cdc9d9-ddb5-4fa4-a97d-d965ccfc6d4b" outcome="Passed" testListId="8c84fa94-04c1-424b-9868-57a2d4851a1d" relativeResultsDirectory="68dd638a-b526-46a6-8380-84d7333d896b" />
    <UnitTestResult executionId="018a18e3-2d39-4bd5-9414-434d65322081" testId="b614155b-fd8c-87ce-3dca-59ca861072f9" testName="ShoppingProject.Tests.Application.Common.ErrorTests.Forbidden_CreatesForbiddenError" computerName="DESKTOP-GH65CIA" duration="00:00:00.0003870" startTime="2026-01-26T16:29:38.7671319+01:00" endTime="2026-01-26T16:29:38.7671321+01:00" testType="13cdc9d9-ddb5-4fa4-a97d-d965ccfc6d4b" outcome="Passed" testListId="8c84fa94-04c1-424b-9868-57a2d4851a1d" relativeResultsDirectory="018a18e3-2d39-4bd5-9414-434d65322081" />
    <UnitTestResult executionId="5d927e9d-b664-44a3-80b9-e2475abdc401" testId="e5ca5969-27ee-88a6-ccbc-8ff6e56faad4" testName="ShoppingProject.Tests.Infrastructure.RepositoryPatternIntegrationTests.UpdateAsync_ModifiesEntity" computerName="DESKTOP-GH65CIA" duration="00:00:06.6656943" startTime="2026-01-26T16:29:50.2849082+01:00" endTime="2026-01-26T16:29:50.2849084+01:00" testType="13cdc9d9-ddb5-4fa4-a97d-d965ccfc6d4b" outcome="Passed" testListId="8c84fa94-04c1-424b-9868-57a2d4851a1d" relativeResultsDirectory="5d927e9d-b664-44a3-80b9-e2475abdc401" />
    <UnitTestResult executionId="0d319d34-f39a-401f-98ec-f1ad25c39d8c" testId="d7a53b75-4f88-4dbd-f779-b0bd805d15f9" testName="ShoppingProject.Tests.Infrastructure.RepositoryPatternIntegrationTests.ListAsync_WithSpecification_Filters" computerName="DESKTOP-GH65CIA" duration="00:00:00.0113764" startTime="2026-01-26T16:29:50.6451251+01:00" endTime="2026-01-26T16:29:50.6451261+01:00" testType="13cdc9d9-ddb5-4fa4-a97d-d965ccfc6d4b" outcome="Failed" testListId="8c84fa94-04c1-424b-9868-57a2d4851a1d" relativeResultsDirectory="0d319d34-f39a-401f-98ec-f1ad25c39d8c">
      <Output>
        <ErrorInfo>
          <Message>Expected active to contain 2 item(s), but found 3: &#xD;
{&#xD;
    ShoppingProject.Domain.Entities.Product&#xD;
    {&#xD;
        Category = "Cat", &#xD;
        Created = &lt;0001-01-01 00:00:00.000&gt;, &#xD;
        CreatedBy = &lt;null&gt;, &#xD;
        Description = "Desc", &#xD;
        {&#xD;
        DomainEvents = ShoppingProject.Domain.Events.ProductCreatedEvent&#xD;
            {&#xD;
                Item = {Cyclic reference to type ShoppingProject.Domain.Entities.Product detected}, &#xD;
                OccurredOnUtc = &lt;2026-01-26 15:29:50.6255399 +0h&gt;&#xD;
                    }&#xD;
        }, &#xD;
        Id = 1, &#xD;
        Image = "https://img1.jpg", &#xD;
        LastModified = &lt;0001-01-01 00:00:00.000&gt;, &#xD;
        LastModifiedBy = &lt;null&gt;, &#xD;
        Price = 10M, &#xD;
        Rating = ShoppingProject.Domain.ValueObjects.Rating&#xD;
        {&#xD;
            Count = 0, &#xD;
            Rate = 0.0&#xD;
        }, &#xD;
        Status = EntityStatus.Active {value: 1}, &#xD;
        Title = "Active 1"&#xD;
    }, &#xD;
    ShoppingProject.Domain.Entities.Product&#xD;
    {&#xD;
        Category = "Cat", &#xD;
        Created = &lt;0001-01-01 00:00:00.000&gt;, &#xD;
        CreatedBy = &lt;null&gt;, &#xD;
        Description = "Desc", &#xD;
        DomainEvents = ShoppingProject.Domain.Events.ProductCreatedEvent&#xD;
        {&#xD;
            {&#xD;
                Item = {Cyclic reference to type ShoppingProject.Domain.Entities.Product detected}, &#xD;
                OccurredOnUtc = &lt;2026-01-26 15:29:50.626774 +0h&gt;&#xD;
            }&#xD;
        }, &#xD;
        Id = 3, &#xD;
        Image = "https://img3.jpg", &#xD;
        LastModified = &lt;0001-01-01 00:00:00.000&gt;, &#xD;
        LastModifiedBy = &lt;null&gt;, &#xD;
        Price = 20M, &#xD;
        Rating = ShoppingProject.Domain.ValueObjects.Rating&#xD;
        {&#xD;
            Count = 0, &#xD;
            Rate = 0.0&#xD;
        }, &#xD;
        Status = EntityStatus.Active {value: 1}, &#xD;
        Title = "Active 2"&#xD;
    }, &#xD;
    ShoppingProject.Domain.Entities.Product&#xD;
    {&#xD;
        Category = "Cat", &#xD;
        Created = &lt;0001-01-01 00:00:00.000&gt;, &#xD;
        CreatedBy = &lt;null&gt;, &#xD;
        Description = "Desc", &#xD;
        DomainEvents = ShoppingProject.Domain.Events.ProductCreatedEvent&#xD;
        {&#xD;
            {&#xD;
                Item = {Cyclic reference to type ShoppingProject.Domain.Entities.Product detected}, &#xD;
                OccurredOnUtc = &lt;2026-01-26 15:29:50.6263627 +0h&gt;&#xD;
            }&#xD;
        }, &#xD;
        Id = 2, &#xD;
        Image = "https://img2.jpg", &#xD;
        LastModified = &lt;0001-01-01 00:00:00.000&gt;, &#xD;
        LastModifiedBy = &lt;null&gt;, &#xD;
        Price = 0M, &#xD;
        Rating = ShoppingProject.Domain.ValueObjects.Rating&#xD;
        {&#xD;
            Count = 0, &#xD;
            Rate = 0.0&#xD;
        }, &#xD;
        Status = EntityStatus.Active {value: 1}, &#xD;
        Title = "Inactive"&#xD;
    }&#xD;
}.</Message>
          <StackTrace>   at FluentAssertions.Execution.LateBoundTestFramework.Throw(String message)&#xD;
   at FluentAssertions.Execution.TestFrameworkProvider.Throw(String message)&#xD;
   at FluentAssertions.Execution.DefaultAssertionStrategy.HandleFailure(String message)&#xD;
   at FluentAssertions.Execution.AssertionScope.FailWith(Func`1 failReasonFunc)&#xD;
   at FluentAssertions.Execution.AssertionScope.FailWith(Func`1 failReasonFunc)&#xD;
   at FluentAssertions.Execution.AssertionScope.FailWith(String message, Object[] args)&#xD;
   at FluentAssertions.Collections.GenericCollectionAssertions`3.HaveCount(Int32 expected, String because, Object[] becauseArgs)&#xD;
   at ShoppingProject.Tests.Infrastructure.RepositoryPatternIntegrationTests.ListAsync_WithSpecification_Filters() in O:\Projets\pipeline_azure\src\Tests\Infrastructure\RepositoryPatternIntegrationTests.cs:line 163&#xD;
--- End of stack trace from previous location ---</StackTrace>
        </ErrorInfo>
      </Output>
    </UnitTestResult>
    <UnitTestResult executionId="e58929fe-0614-4f31-9327-47399caebc0c" testId="41b76981-3c1d-92bc-dc8d-d4c0811c5a8c" testName="ShoppingProject.UnitTests.Architecture.ArchitectureTests.Services_Should_HaveCorrectNaming" computerName="DESKTOP-GH65CIA" duration="00:00:01.7186886" startTime="2026-01-26T16:29:52.6160917+01:00" endTime="2026-01-26T16:29:52.6160920+01:00" testType="13cdc9d9-ddb5-4fa4-a97d-d965ccfc6d4b" outcome="Failed" testListId="8c84fa94-04c1-424b-9868-57a2d4851a1d" relativeResultsDirectory="e58929fe-0614-4f31-9327-47399caebc0c">
      <Output>
        <ErrorInfo>
          <Message>All services should end with 'Service'</Message>
          <StackTrace>   at ShoppingProject.UnitTests.Architecture.ArchitectureTests.Services_Should_HaveCorrectNaming() in O:\Projets\pipeline_azure\src\Tests\Architecture\ArchitectureTests.cs:line 218&#xD;
   at System.RuntimeMethodHandle.InvokeMethod(ObjectHandleOnStack target, Void** arguments, ObjectHandleOnStack sig, BOOL isConstructor, ObjectHandleOnStack result)&#xD;
   at System.Reflection.MethodBaseInvoker.InterpretedInvoke_Method(Object obj, IntPtr* args)&#xD;
   at System.Reflection.RuntimeMethodInfo.Invoke(Object obj, BindingFlags invokeAttr, Binder binder, Object[] parameters, CultureInfo culture)</StackTrace>
        </ErrorInfo>
      </Output>
    </UnitTestResult>
    <UnitTestResult executionId="4582fc09-59e6-4eaf-bfa9-56b1e473a9f7" testId="217470ee-06ae-b633-7353-5b81ef9b79fa" testName="ShoppingProject.Tests.Infrastructure.RepositoryPatternIntegrationTests.ListAsync_WithMultipleFilters_Specification" computerName="DESKTOP-GH65CIA" duration="00:00:00.0052765" startTime="2026-01-26T16:29:50.9813234+01:00" endTime="2026-01-26T16:29:50.9813237+01:00" testType="13cdc9d9-ddb5-4fa4-a97d-d965ccfc6d4b" outcome="Passed" testListId="8c84fa94-04c1-424b-9868-57a2d4851a1d" relativeResultsDirectory="4582fc09-59e6-4eaf-bfa9-56b1e473a9f7" />
    <UnitTestResult executionId="592bf184-7f1d-4f7f-8173-769150d3cb9a" testId="b9c92f88-4947-8cfe-3563-13f47f401e1e" testName="ShoppingProject.UnitTests.Domain.ProductTests.Product_ShouldHaveIdProperty" computerName="DESKTOP-GH65CIA" duration="00:00:00.0008431" startTime="2026-01-26T16:29:50.8858871+01:00" endTime="2026-01-26T16:29:50.8858872+01:00" testType="13cdc9d9-ddb5-4fa4-a97d-d965ccfc6d4b" outcome="Passed" testListId="8c84fa94-04c1-424b-9868-57a2d4851a1d" relativeResultsDirectory="592bf184-7f1d-4f7f-8173-769150d3cb9a" />
    <UnitTestResult executionId="6a2534a6-7aa6-439a-9ff5-28b423590b3a" testId="6b62b907-28c8-55a3-4b5d-366614ccb16c" testName="ShoppingProject.Tests.Application.Common.ErrorTests.Create_WithCodeAndMessage" computerName="DESKTOP-GH65CIA" duration="00:00:00.0002777" startTime="2026-01-26T16:29:38.7452573+01:00" endTime="2026-01-26T16:29:38.7452574+01:00" testType="13cdc9d9-ddb5-4fa4-a97d-d965ccfc6d4b" outcome="Passed" testListId="8c84fa94-04c1-424b-9868-57a2d4851a1d" relativeResultsDirectory="6a2534a6-7aa6-439a-9ff5-28b423590b3a" />
    <UnitTestResult executionId="a364b850-6b9e-43df-8e92-7f31a8073dfc" testId="3ccf85b5-b4f6-7c8e-93f0-cdfc37efccaf" testName="ShoppingProject.Tests.Infrastructure.RepositoryPatternIntegrationTests.GetByIdAsync_ReturnsNullForNonexistent" computerName="DESKTOP-GH65CIA" duration="00:00:00.0411561" startTime="2026-01-26T16:29:50.9330334+01:00" endTime="2026-01-26T16:29:50.9330336+01:00" testType="13cdc9d9-ddb5-4fa4-a97d-d965ccfc6d4b" outcome="Passed" testListId="8c84fa94-04c1-424b-9868-57a2d4851a1d" relativeResultsDirectory="a364b850-6b9e-43df-8e92-7f31a8073dfc" />
    <UnitTestResult executionId="55365c41-4bb5-4de8-92f4-0043b76aceb1" testId="9bce003f-18e4-8aa3-6ad5-73315170f085" testName="ShoppingProject.UnitTests.Presentation.Controllers.CartsControllerAuthorizationTests.Update_HasAuthorizeAttribute" computerName="DESKTOP-GH65CIA" duration="00:00:00.0003042" startTime="2026-01-26T16:29:42.4988105+01:00" endTime="2026-01-26T16:29:42.4988106+01:00" testType="13cdc9d9-ddb5-4fa4-a97d-d965ccfc6d4b" outcome="Passed" testListId="8c84fa94-04c1-424b-9868-57a2d4851a1d" relativeResultsDirectory="55365c41-4bb5-4de8-92f4-0043b76aceb1" />
    <UnitTestResult executionId="014abb6e-b8ed-439b-b37f-cc1f2751c8b9" testId="14656c88-7b07-e51f-ffbd-76309ed2f874" testName="ShoppingProject.UnitTests.IntegrationTests.ProductsIntegrationTests.CreateProduct_Should_Return_Success_When_Authorized" computerName="DESKTOP-GH65CIA" duration="00:00:00.0010000" startTime="2026-01-26T16:29:50.9174081+01:00" endTime="2026-01-26T16:29:50.9174085+01:00" testType="13cdc9d9-ddb5-4fa4-a97d-d965ccfc6d4b" outcome="Failed" testListId="8c84fa94-04c1-424b-9868-57a2d4851a1d" relativeResultsDirectory="014abb6e-b8ed-439b-b37f-cc1f2751c8b9">
      <Output>
        <ErrorInfo>
          <Message>System.UriFormatException : Invalid URI: The hostname could not be parsed.</Message>
          <StackTrace>   at System.Uri.CreateThis(String uri, Boolean dontEscape, UriKind uriKind, UriCreationOptions&amp; creationOptions)&#xD;
   at System.Uri..ctor(String uriString)&#xD;
   at Program.&lt;Main&gt;$(String[] args) in O:\Projets\pipeline_azure\src\Presentation\API\Program.cs:line 19&#xD;
   at Program.&lt;Main&gt;(String[] args)&#xD;
   at InvokeStub_Program.&lt;Main&gt;(Object, Span`1)&#xD;
   at System.Reflection.MethodBaseInvoker.InvokeWithOneArg(Object obj, BindingFlags invokeAttr, Binder binder, Object[] parameters, CultureInfo culture)&#xD;
--- End of stack trace from previous location ---&#xD;
   at Microsoft.Extensions.Hosting.HostFactoryResolver.HostingListener.CreateHost()&#xD;
   at Microsoft.Extensions.Hosting.HostFactoryResolver.&lt;&gt;c__DisplayClass10_0.&lt;ResolveHostFactory&gt;b__0(String[] args)&#xD;
   at Microsoft.AspNetCore.Mvc.Testing.DeferredHostBuilder.Build()&#xD;
   at Microsoft.AspNetCore.Mvc.Testing.WebApplicationFactory`1.CreateHost(IHostBuilder builder)&#xD;
   at ShoppingProject.Tests.Infrastructure.CustomWebApplicationFactory.CreateHost(IHostBuilder builder) in O:\Projets\pipeline_azure\src\Tests\Infrastructure\CustomWebApplicationFactory.cs:line 94&#xD;
   at Microsoft.AspNetCore.Mvc.Testing.WebApplicationFactory`1.ConfigureHostBuilder(IHostBuilder hostBuilder)&#xD;
   at Microsoft.AspNetCore.Mvc.Testing.WebApplicationFactory`1.EnsureServer()&#xD;
   at Microsoft.AspNetCore.Mvc.Testing.WebApplicationFactory`1.CreateDefaultClient(DelegatingHandler[] handlers)&#xD;
   at Microsoft.AspNetCore.Mvc.Testing.WebApplicationFactory`1.CreateDefaultClient(Uri baseAddress, DelegatingHandler[] handlers)&#xD;
   at Microsoft.AspNetCore.Mvc.Testing.WebApplicationFactory`1.CreateClient(WebApplicationFactoryClientOptions options)&#xD;
   at Microsoft.AspNetCore.Mvc.Testing.WebApplicationFactory`1.CreateClient()&#xD;
   at ShoppingProject.UnitTests.IntegrationTests.ProductsIntegrationTests..ctor(CustomWebApplicationFactory factory) in O:\Projets\pipeline_azure\src\Tests\IntegrationTests\ProductsIntegrationTests.cs:line 19&#xD;
   at InvokeStub_ProductsIntegrationTests..ctor(Object, Span`1)&#xD;
   at System.Reflection.MethodBaseInvoker.InvokeWithOneArg(Object obj, BindingFlags invokeAttr, Binder binder, Object[] parameters, CultureInfo culture)</StackTrace>
        </ErrorInfo>
      </Output>
    </UnitTestResult>
    <UnitTestResult executionId="9291c799-3fca-4b97-8615-7a2d2acd75bd" testId="c8927817-9394-2555-8519-ad70ed0225c1" testName="ShoppingProject.UnitTests.Presentation.Controllers.IdentityControllerAuthorizationTests.CreateRole_HasAuthorizeAttributeWithRequireAdministratorRolePolicy" computerName="DESKTOP-GH65CIA" duration="00:00:00.0065302" startTime="2026-01-26T16:29:41.4427692+01:00" endTime="2026-01-26T16:29:41.4427697+01:00" testType="13cdc9d9-ddb5-4fa4-a97d-d965ccfc6d4b" outcome="Passed" testListId="8c84fa94-04c1-424b-9868-57a2d4851a1d" relativeResultsDirectory="9291c799-3fca-4b97-8615-7a2d2acd75bd" />
    <UnitTestResult executionId="bede5127-120b-4b60-bbf3-543540c05ff5" testId="fc460084-77da-b52b-907c-b8307ba55140" testName="ShoppingProject.UnitTests.Domain.RatingTests.CreateRating_DefaultValues_ShouldBeZero" computerName="DESKTOP-GH65CIA" duration="00:00:00.0224581" startTime="2026-01-26T16:29:41.4888745+01:00" endTime="2026-01-26T16:29:41.4888751+01:00" testType="13cdc9d9-ddb5-4fa4-a97d-d965ccfc6d4b" outcome="Passed" testListId="8c84fa94-04c1-424b-9868-57a2d4851a1d" relativeResultsDirectory="bede5127-120b-4b60-bbf3-543540c05ff5" />
    <UnitTestResult executionId="e84308c8-7d80-4105-9bd7-4ff330637ee5" testId="7be56e26-27f3-2b69-4b13-26bfc0918fa2" testName="ShoppingProject.UnitTests.Application.Commands.DeleteProductCommandTests.Handle_ValidCommand_ShouldRaiseDomainEvent" computerName="DESKTOP-GH65CIA" duration="00:00:02.1776686" startTime="2026-01-26T16:29:44.6651538+01:00" endTime="2026-01-26T16:29:44.6651546+01:00" testType="13cdc9d9-ddb5-4fa4-a97d-d965ccfc6d4b" outcome="Failed" testListId="8c84fa94-04c1-424b-9868-57a2d4851a1d" relativeResultsDirectory="e84308c8-7d80-4105-9bd7-4ff330637ee5">
      <Output>
        <ErrorInfo>
          <Message>Expected existingProduct.DomainEvents &#xD;
{&#xD;
    ShoppingProject.Domain.Events.ProductCreatedEvent&#xD;
    {&#xD;
        Item = ShoppingProject.Domain.Entities.Product&#xD;
        {&#xD;
            Category = "test", &#xD;
            Created = &lt;0001-01-01 00:00:00.000&gt;, &#xD;
            CreatedBy = &lt;null&gt;, &#xD;
            Description = "Test", &#xD;
            {&#xD;
            DomainEvents = {Cyclic reference to type ShoppingProject.Domain.Events.ProductCreatedEvent detected}, &#xD;
                ShoppingProject.Domain.Events.ProductStatusChangedEvent&#xD;
                {&#xD;
                    OccurredOnUtc = &lt;2026-01-26 15:29:42.4939346 +0h&gt;, &#xD;
                    ProductId = 1, &#xD;
                    Status = EntityStatus.Deleted {value: 3}&#xD;
                            }&#xD;
            }, &#xD;
            Id = 1, &#xD;
            Image = "test.jpg", &#xD;
            LastModified = &lt;0001-01-01 00:00:00.000&gt;, &#xD;
            LastModifiedBy = &lt;null&gt;, &#xD;
            Price = 10M, &#xD;
            Rating = ShoppingProject.Domain.ValueObjects.Rating&#xD;
            {&#xD;
                Count = 0, &#xD;
                Rate = 0.0&#xD;
            }, &#xD;
            Status = EntityStatus.Deleted {value: 3}, &#xD;
            Title = "Test Product"&#xD;
        }, &#xD;
        OccurredOnUtc = &lt;2026-01-26 15:29:42.4863477 +0h&gt;&#xD;
    }, &#xD;
    ShoppingProject.Domain.Events.ProductStatusChangedEvent&#xD;
    {&#xD;
        OccurredOnUtc = &lt;2026-01-26 15:29:42.4939346 +0h&gt;, &#xD;
        ProductId = 1, &#xD;
        Status = EntityStatus.Deleted {value: 3}&#xD;
    }&#xD;
} to have an item matching (x Is ProductDeletedEvent).</Message>
          <StackTrace>   at FluentAssertions.Execution.LateBoundTestFramework.Throw(String message)&#xD;
   at FluentAssertions.Execution.TestFrameworkProvider.Throw(String message)&#xD;
   at FluentAssertions.Execution.DefaultAssertionStrategy.HandleFailure(String message)&#xD;
   at FluentAssertions.Execution.AssertionScope.FailWith(Func`1 failReasonFunc)&#xD;
   at FluentAssertions.Execution.AssertionScope.FailWith(Func`1 failReasonFunc)&#xD;
   at FluentAssertions.Execution.AssertionScope.FailWith(String message, Object[] args)&#xD;
   at FluentAssertions.Collections.GenericCollectionAssertions`3.Contain(Expression`1 predicate, String because, Object[] becauseArgs)&#xD;
   at ShoppingProject.UnitTests.Application.Commands.DeleteProductCommandTests.Handle_ValidCommand_ShouldRaiseDomainEvent() in O:\Projets\pipeline_azure\src\Tests\Application\Commands\DeleteProductCommandTests.cs:line 60&#xD;
--- End of stack trace from previous location ---</StackTrace>
        </ErrorInfo>
      </Output>
    </UnitTestResult>
    <UnitTestResult executionId="74ffb31a-0721-4213-883c-6f83bc04e021" testId="f0e4bf98-f8d9-fc50-1b0a-42351911a763" testName="ShoppingProject.UnitTests.Domain.RatingTests.Rating_ShouldBeValueObject" computerName="DESKTOP-GH65CIA" duration="00:00:00.0009911" startTime="2026-01-26T16:29:41.4654299+01:00" endTime="2026-01-26T16:29:41.4654304+01:00" testType="13cdc9d9-ddb5-4fa4-a97d-d965ccfc6d4b" outcome="Passed" testListId="8c84fa94-04c1-424b-9868-57a2d4851a1d" relativeResultsDirectory="74ffb31a-0721-4213-883c-6f83bc04e021" />
    <UnitTestResult executionId="393ad63a-f753-4c03-9c18-5062ed547aec" testId="52998a6e-b08a-dbb9-27d8-edec4923d436" testName="ShoppingProject.UnitTests.Infrastructure.Authorization.ResourceOwnerRequirementHandlerTests.HandleRequirementAsync_NoResourceId_Fails" computerName="DESKTOP-GH65CIA" duration="00:00:00.0018788" startTime="2026-01-26T16:29:41.4986461+01:00" endTime="2026-01-26T16:29:41.4986467+01:00" testType="13cdc9d9-ddb5-4fa4-a97d-d965ccfc6d4b" outcome="Passed" testListId="8c84fa94-04c1-424b-9868-57a2d4851a1d" relativeResultsDirectory="393ad63a-f753-4c03-9c18-5062ed547aec" />
    <UnitTestResult executionId="6fd4c58d-9596-491e-8a28-012b03214ade" testId="e36ead5d-ad43-50b5-083b-58d2067bab18" testName="ShoppingProject.UnitTests.Domain.ProductTests.CreateProduct_WithDifferentCategories_ShouldSucceed(category: &quot;books&quot;, price: 14,99)" computerName="DESKTOP-GH65CIA" duration="00:00:00.0000244" startTime="2026-01-26T16:29:50.8864194+01:00" endTime="2026-01-26T16:29:50.8864195+01:00" testType="13cdc9d9-ddb5-4fa4-a97d-d965ccfc6d4b" outcome="Passed" testListId="8c84fa94-04c1-424b-9868-57a2d4851a1d" relativeResultsDirectory="6fd4c58d-9596-491e-8a28-012b03214ade" />
    <UnitTestResult executionId="3f22a3a9-7bb4-4350-a25d-125e9dafa89d" testId="c50d23ec-130a-8e78-fc07-99df3ac5a313" testName="ShoppingProject.Tests.Infrastructure.RepositoryPatternIntegrationTests.GetByIdAsync_ReturnsEntity" computerName="DESKTOP-GH65CIA" duration="00:00:00.0032682" startTime="2026-01-26T16:29:50.6236324+01:00" endTime="2026-01-26T16:29:50.6236327+01:00" testType="13cdc9d9-ddb5-4fa4-a97d-d965ccfc6d4b" outcome="Passed" testListId="8c84fa94-04c1-424b-9868-57a2d4851a1d" relativeResultsDirectory="3f22a3a9-7bb4-4350-a25d-125e9dafa89d" />
    <UnitTestResult executionId="f1ba120f-a075-4bc4-85b0-3e8946723589" testId="8be18fad-9834-d2e0-a43d-35545006e290" testName="ShoppingProject.UnitTests.Presentation.Controllers.CacheControllerAuthorizationTests.Get_InheritsControllerAuthorization" computerName="DESKTOP-GH65CIA" duration="00:00:00.7054338" startTime="2026-01-26T16:29:45.6580560+01:00" endTime="2026-01-26T16:29:45.6580564+01:00" testType="13cdc9d9-ddb5-4fa4-a97d-d965ccfc6d4b" outcome="Passed" testListId="8c84fa94-04c1-424b-9868-57a2d4851a1d" relativeResultsDirectory="f1ba120f-a075-4bc4-85b0-3e8946723589" />
    <UnitTestResult executionId="2be07650-de19-47ec-ab06-b93736124643" testId="b86714d1-e3b9-748b-d667-bfc6d5c63dd9" testName="ShoppingProject.Tests.Infrastructure.RepositoryPatternIntegrationTests.ListAsync_WithSearchSpecification" computerName="DESKTOP-GH65CIA" duration="00:00:00.0681945" startTime="2026-01-26T16:29:50.8176229+01:00" endTime="2026-01-26T16:29:50.8176232+01:00" testType="13cdc9d9-ddb5-4fa4-a97d-d965ccfc6d4b" outcome="Passed" testListId="8c84fa94-04c1-424b-9868-57a2d4851a1d" relativeResultsDirectory="2be07650-de19-47ec-ab06-b93736124643">
      <Output>
        <StdOut>[Test] ListAsync_WithSearchSpecification started&#xD;
[Arrange] Adding 3 products to repository&#xD;
[Arrange] Products saved successfully&#xD;
[Act] Searching for products with term 'Laptop'&#xD;
[Act] Search returned 1 result(s)&#xD;
[Result] Product: Laptop Computer, Price: 999&#xD;
[Assert] Verifying results count is 1&#xD;
[Assert] Verifying product title is 'Laptop Computer'&#xD;
[Test] ListAsync_WithSearchSpecification passed</StdOut>
      </Output>
    </UnitTestResult>
    <UnitTestResult executionId="0597e509-414e-49f3-bb94-e3a0678609a0" testId="eacae478-2205-c00c-98e1-104790459ee3" testName="ShoppingProject.UnitTests.Presentation.Controllers.CacheControllerAuthorizationTests.Set_InheritsControllerAuthorization" computerName="DESKTOP-GH65CIA" duration="00:00:00.0003350" startTime="2026-01-26T16:29:45.6598123+01:00" endTime="2026-01-26T16:29:45.6598124+01:00" testType="13cdc9d9-ddb5-4fa4-a97d-d965ccfc6d4b" outcome="Passed" testListId="8c84fa94-04c1-424b-9868-57a2d4851a1d" relativeResultsDirectory="0597e509-414e-49f3-bb94-e3a0678609a0" />
    <UnitTestResult executionId="be0d86ec-07f6-46de-840b-309cd5a0aabd" testId="4d0c3f43-2dd4-6238-abad-e10d7d964a9e" testName="ShoppingProject.Tests.Application.Common.ErrorTests.Conflict_CreatesConflictError" computerName="DESKTOP-GH65CIA" duration="00:00:00.0002878" startTime="2026-01-26T16:29:38.7603018+01:00" endTime="2026-01-26T16:29:38.7603019+01:00" testType="13cdc9d9-ddb5-4fa4-a97d-d965ccfc6d4b" outcome="Passed" testListId="8c84fa94-04c1-424b-9868-57a2d4851a1d" relativeResultsDirectory="be0d86ec-07f6-46de-840b-309cd5a0aabd" />
    <UnitTestResult executionId="6ff2b8fc-ea47-4faf-9ae9-c90483018a26" testId="2f645cf7-b452-f971-a2c8-3e17d2e5b173" testName="ShoppingProject.UnitTests.Domain.RatingTests.CreateRating_WithVariousValues_ShouldSucceed(rate: 5, count: 1000)" computerName="DESKTOP-GH65CIA" duration="00:00:00.0000252" startTime="2026-01-26T16:29:41.4639682+01:00" endTime="2026-01-26T16:29:41.4639684+01:00" testType="13cdc9d9-ddb5-4fa4-a97d-d965ccfc6d4b" outcome="Passed" testListId="8c84fa94-04c1-424b-9868-57a2d4851a1d" relativeResultsDirectory="6ff2b8fc-ea47-4faf-9ae9-c90483018a26" />
    <UnitTestResult executionId="80396225-e4bc-4eeb-889d-38c6a866d316" testId="7d7b6eb1-f668-d72c-d1d8-cf6ad8fc762a" testName="ShoppingProject.Tests.Infrastructure.RepositoryPatternIntegrationTests.CountAsync_ReturnsCorrectCount" computerName="DESKTOP-GH65CIA" duration="00:00:00.0076970" startTime="2026-01-26T16:29:50.5938611+01:00" endTime="2026-01-26T16:29:50.5938614+01:00" testType="13cdc9d9-ddb5-4fa4-a97d-d965ccfc6d4b" outcome="Passed" testListId="8c84fa94-04c1-424b-9868-57a2d4851a1d" relativeResultsDirectory="80396225-e4bc-4eeb-889d-38c6a866d316" />
    <UnitTestResult executionId="685b3b34-8712-4af8-a279-857fb7f33b4c" testId="6eb2befa-1e87-a9c5-3294-7d7e543f1c22" testName="ShoppingProject.UnitTests.Domain.CartTests.SetQuantity_WithValidQuantity_ShouldSucceed(quantity: 5)" computerName="DESKTOP-GH65CIA" duration="00:00:00.0003579" startTime="2026-01-26T16:29:50.9323547+01:00" endTime="2026-01-26T16:29:50.9323549+01:00" testType="13cdc9d9-ddb5-4fa4-a97d-d965ccfc6d4b" outcome="Passed" testListId="8c84fa94-04c1-424b-9868-57a2d4851a1d" relativeResultsDirectory="685b3b34-8712-4af8-a279-857fb7f33b4c" />
    <UnitTestResult executionId="e1889a09-84b6-46ae-bc31-59283fb2e709" testId="9a33d098-311e-0b13-c287-656695201510" testName="ShoppingProject.UnitTests.Application.Queries.GetCurrentUserInfoQueryTests.GetCurrentUserInfo_ShouldSucceed_WhenUserIdIsValid" computerName="DESKTOP-GH65CIA" duration="00:00:00.0457876" startTime="2026-01-26T16:29:41.4571013+01:00" endTime="2026-01-26T16:29:41.4571019+01:00" testType="13cdc9d9-ddb5-4fa4-a97d-d965ccfc6d4b" outcome="Passed" testListId="8c84fa94-04c1-424b-9868-57a2d4851a1d" relativeResultsDirectory="e1889a09-84b6-46ae-bc31-59283fb2e709" />
    <UnitTestResult executionId="81f7e709-66eb-4f75-acde-2f35c412c60f" testId="7b58db0e-3388-1f7c-805d-c603bcb946d3" testName="ShoppingProject.UnitTests.Architecture.ArchitectureTests.Controllers_Should_HaveCorrectNaming" computerName="DESKTOP-GH65CIA" duration="00:00:00.1101744" startTime="2026-01-26T16:29:54.4061974+01:00" endTime="2026-01-26T16:29:54.4061978+01:00" testType="13cdc9d9-ddb5-4fa4-a97d-d965ccfc6d4b" outcome="Passed" testListId="8c84fa94-04c1-424b-9868-57a2d4851a1d" relativeResultsDirectory="81f7e709-66eb-4f75-acde-2f35c412c60f" />
    <UnitTestResult executionId="68d21300-635f-4e1f-9163-4231ec7ab558" testId="243b4854-e710-c345-ffeb-b47f40bff4d2" testName="ShoppingProject.UnitTests.Infrastructure.Authorization.AuthorizationPolicyTests.RequireClientRolePolicy_RequiresClientRole" computerName="DESKTOP-GH65CIA" duration="00:00:00.0004129" startTime="2026-01-26T16:29:44.9513845+01:00" endTime="2026-01-26T16:29:44.9513848+01:00" testType="13cdc9d9-ddb5-4fa4-a97d-d965ccfc6d4b" outcome="Passed" testListId="8c84fa94-04c1-424b-9868-57a2d4851a1d" relativeResultsDirectory="68d21300-635f-4e1f-9163-4231ec7ab558" />
    <UnitTestResult executionId="0f88d968-43e1-4f1c-af2f-b3d3c28c5b02" testId="5646406b-be47-3e46-349b-7f3c01dc54aa" testName="ShoppingProject.UnitTests.Application.Commands.CreateProductCommandTests.Handle_ValidCommand_ShouldInitializeRating" computerName="DESKTOP-GH65CIA" duration="00:00:00.0244602" startTime="2026-01-26T16:29:50.9950560+01:00" endTime="2026-01-26T16:29:50.9950561+01:00" testType="13cdc9d9-ddb5-4fa4-a97d-d965ccfc6d4b" outcome="Passed" testListId="8c84fa94-04c1-424b-9868-57a2d4851a1d" relativeResultsDirectory="0f88d968-43e1-4f1c-af2f-b3d3c28c5b02" />
    <UnitTestResult executionId="d563f651-ce2a-402d-b2b5-71d2d8d37f19" testId="2eea2564-e665-180a-02ff-cc2841673b7e" testName="ShoppingProject.Tests.Application.Common.ErrorTests.NotFound_CreatesNotFoundError" computerName="DESKTOP-GH65CIA" duration="00:00:00.0016100" startTime="2026-01-26T16:29:38.7440023+01:00" endTime="2026-01-26T16:29:38.7440024+01:00" testType="13cdc9d9-ddb5-4fa4-a97d-d965ccfc6d4b" outcome="Passed" testListId="8c84fa94-04c1-424b-9868-57a2d4851a1d" relativeResultsDirectory="d563f651-ce2a-402d-b2b5-71d2d8d37f19" />
    <UnitTestResult executionId="c8aa475f-7c39-4f0e-a69d-f658efc9aa90" testId="05268778-3055-573d-1fa8-0a04305d4295" testName="ShoppingProject.UnitTests.Presentation.Middleware.ApiKeyMiddlewareTests.InvokeAsync_ValidApiKey_CallsNextDelegate" computerName="DESKTOP-GH65CIA" duration="00:00:00.0044577" startTime="2026-01-26T16:29:42.7423138+01:00" endTime="2026-01-26T16:29:42.7423142+01:00" testType="13cdc9d9-ddb5-4fa4-a97d-d965ccfc6d4b" outcome="Passed" testListId="8c84fa94-04c1-424b-9868-57a2d4851a1d" relativeResultsDirectory="c8aa475f-7c39-4f0e-a69d-f658efc9aa90" />
    <UnitTestResult executionId="47cca8d0-ebfa-42bf-8723-410411764f4f" testId="deae59ed-3c19-3383-ca5a-22aff140beca" testName="ShoppingProject.UnitTests.Application.Queries.GetProductByIdQueryTests.Handle_ValidQuery_ShouldUse10MinuteCacheExpiration" computerName="DESKTOP-GH65CIA" duration="00:00:00.0061229" startTime="2026-01-26T16:29:43.6040616+01:00" endTime="2026-01-26T16:29:43.6040621+01:00" testType="13cdc9d9-ddb5-4fa4-a97d-d965ccfc6d4b" outcome="Passed" testListId="8c84fa94-04c1-424b-9868-57a2d4851a1d" relativeResultsDirectory="47cca8d0-ebfa-42bf-8723-410411764f4f" />
    <UnitTestResult executionId="c4704664-7750-404e-af81-f8f9e3b867bb" testId="5c6d7d80-8e77-3ba4-3955-f44ea3da2131" testName="ShoppingProject.UnitTests.Infrastructure.Authorization.AuthorizationPolicyTests.RequireAdministratorRolePolicy_RequiresAdministratorRole" computerName="DESKTOP-GH65CIA" duration="00:00:00.0033421" startTime="2026-01-26T16:29:44.9503027+01:00" endTime="2026-01-26T16:29:44.9503030+01:00" testType="13cdc9d9-ddb5-4fa4-a97d-d965ccfc6d4b" outcome="Passed" testListId="8c84fa94-04c1-424b-9868-57a2d4851a1d" relativeResultsDirectory="c4704664-7750-404e-af81-f8f9e3b867bb" />
    <UnitTestResult executionId="e8a6d4ab-9bf2-4979-bc55-da0396e07ac0" testId="c54ec85f-73b6-87e6-c576-db5d62e412a4" testName="ShoppingProject.UnitTests.IntegrationTests.AuditIntegrationTests.SaveEntity_Should_Publish_IAuditEvent" computerName="DESKTOP-GH65CIA" duration="00:00:14.7315831" startTime="2026-01-26T16:29:50.7488316+01:00" endTime="2026-01-26T16:29:50.7488319+01:00" testType="13cdc9d9-ddb5-4fa4-a97d-d965ccfc6d4b" outcome="Failed" testListId="8c84fa94-04c1-424b-9868-57a2d4851a1d" relativeResultsDirectory="e8a6d4ab-9bf2-4979-bc55-da0396e07ac0">
      <Output>
        <StdOut>[Test] SaveEntity_Should_Publish_IAuditEvent started&#xD;
[Arrange] Creating HTTP client</StdOut>
        <ErrorInfo>
          <Message>System.UriFormatException : Invalid URI: The hostname could not be parsed.</Message>
          <StackTrace>   at System.Uri.CreateThis(String uri, Boolean dontEscape, UriKind uriKind, UriCreationOptions&amp; creationOptions)&#xD;
   at System.Uri..ctor(String uriString)&#xD;
   at Program.&lt;Main&gt;$(String[] args) in O:\Projets\pipeline_azure\src\Presentation\API\Program.cs:line 19&#xD;
   at Program.&lt;Main&gt;(String[] args)&#xD;
   at System.RuntimeMethodHandle.InvokeMethod(ObjectHandleOnStack target, Void** arguments, ObjectHandleOnStack sig, BOOL isConstructor, ObjectHandleOnStack result)&#xD;
   at System.Reflection.MethodBaseInvoker.InterpretedInvoke_Method(Object obj, IntPtr* args)&#xD;
   at System.Reflection.MethodBaseInvoker.InvokeDirectByRefWithFewArgs(Object obj, Span`1 copyOfArgs, BindingFlags invokeAttr)&#xD;
--- End of stack trace from previous location ---&#xD;
   at Microsoft.Extensions.Hosting.HostFactoryResolver.HostingListener.CreateHost()&#xD;
   at Microsoft.Extensions.Hosting.HostFactoryResolver.&lt;&gt;c__DisplayClass10_0.&lt;ResolveHostFactory&gt;b__0(String[] args)&#xD;
   at Microsoft.AspNetCore.Mvc.Testing.DeferredHostBuilder.Build()&#xD;
   at Microsoft.AspNetCore.Mvc.Testing.WebApplicationFactory`1.CreateHost(IHostBuilder builder)&#xD;
   at ShoppingProject.Tests.Infrastructure.CustomWebApplicationFactory.CreateHost(IHostBuilder builder) in O:\Projets\pipeline_azure\src\Tests\Infrastructure\CustomWebApplicationFactory.cs:line 94&#xD;
   at Microsoft.AspNetCore.Mvc.Testing.WebApplicationFactory`1.ConfigureHostBuilder(IHostBuilder hostBuilder)&#xD;
   at Microsoft.AspNetCore.Mvc.Testing.WebApplicationFactory`1.EnsureServer()&#xD;
   at Microsoft.AspNetCore.Mvc.Testing.WebApplicationFactory`1.CreateDefaultClient(DelegatingHandler[] handlers)&#xD;
   at Microsoft.AspNetCore.Mvc.Testing.WebApplicationFactory`1.CreateDefaultClient(Uri baseAddress, DelegatingHandler[] handlers)&#xD;
   at Microsoft.AspNetCore.Mvc.Testing.WebApplicationFactory`1.CreateClient(WebApplicationFactoryClientOptions options)&#xD;
   at Microsoft.AspNetCore.Mvc.Testing.WebApplicationFactory`1.CreateClient()&#xD;
   at ShoppingProject.UnitTests.IntegrationTests.AuditIntegrationTests.SaveEntity_Should_Publish_IAuditEvent() in O:\Projets\pipeline_azure\src\Tests\IntegrationTests\AuditIntegrationTests.cs:line 34&#xD;
--- End of stack trace from previous location ---</StackTrace>
        </ErrorInfo>
      </Output>
    </UnitTestResult>
    <UnitTestResult executionId="c738e1e2-d305-49e9-a5b8-888154c95a83" testId="9d0a0a25-8c50-0b4f-8fb8-7a1c00a25166" testName="ShoppingProject.UnitTests.Domain.ProductTests.CreateProduct_WithDifferentCategories_ShouldSucceed(category: &quot;electronics&quot;, price: 99,99)" computerName="DESKTOP-GH65CIA" duration="00:00:00.0003178" startTime="2026-01-26T16:29:50.8859160+01:00" endTime="2026-01-26T16:29:50.8859161+01:00" testType="13cdc9d9-ddb5-4fa4-a97d-d965ccfc6d4b" outcome="Passed" testListId="8c84fa94-04c1-424b-9868-57a2d4851a1d" relativeResultsDirectory="c738e1e2-d305-49e9-a5b8-888154c95a83" />
    <UnitTestResult executionId="c3a2ce98-7f06-4885-ad65-d7a30a428745" testId="3e530f6c-c73c-9d98-7bab-207dff3bd256" testName="ShoppingProject.UnitTests.Domain.ProductTests.Product_ShouldInheritFromBaseAuditableEntity" computerName="DESKTOP-GH65CIA" duration="00:00:00.0009684" startTime="2026-01-26T16:29:50.8864777+01:00" endTime="2026-01-26T16:29:50.8864778+01:00" testType="13cdc9d9-ddb5-4fa4-a97d-d965ccfc6d4b" outcome="Passed" testListId="8c84fa94-04c1-424b-9868-57a2d4851a1d" relativeResultsDirectory="c3a2ce98-7f06-4885-ad65-d7a30a428745" />
    <UnitTestResult executionId="68394f85-d7e3-4003-b841-bb993b069b98" testId="a7410229-a051-399d-b129-9a45f51b4a84" testName="ShoppingProject.UnitTests.Presentation.Controllers.CacheControllerAuthorizationTests.Delete_InheritsControllerAuthorization" computerName="DESKTOP-GH65CIA" duration="00:00:00.0011768" startTime="2026-01-26T16:29:45.6593591+01:00" endTime="2026-01-26T16:29:45.6593596+01:00" testType="13cdc9d9-ddb5-4fa4-a97d-d965ccfc6d4b" outcome="Passed" testListId="8c84fa94-04c1-424b-9868-57a2d4851a1d" relativeResultsDirectory="68394f85-d7e3-4003-b841-bb993b069b98" />
    <UnitTestResult executionId="e9a1a8a5-1839-496c-b698-644f0373d1e5" testId="1bc9c176-994a-80d8-e1d1-390a9ddc1bdd" testName="ShoppingProject.Tests.Infrastructure.OutboxMessageStoreIntegrationTests.AddEventAsync_CreatesOutboxMessage" computerName="DESKTOP-GH65CIA" duration="00:00:00.0037003" startTime="2026-01-26T16:29:51.0327926+01:00" endTime="2026-01-26T16:29:51.0327928+01:00" testType="13cdc9d9-ddb5-4fa4-a97d-d965ccfc6d4b" outcome="Passed" testListId="8c84fa94-04c1-424b-9868-57a2d4851a1d" relativeResultsDirectory="e9a1a8a5-1839-496c-b698-644f0373d1e5" />
    <UnitTestResult executionId="e1713832-865c-429e-bc9e-7e5da9d198df" testId="0a999f29-ea35-82d6-54ff-0d726d1a8c7b" testName="ShoppingProject.UnitTests.Application.Commands.UpdateProductCommandTests.Handle_ValidCommand_ShouldUpdateProduct" computerName="DESKTOP-GH65CIA" duration="00:00:03.2413958" startTime="2026-01-26T16:29:44.6666248+01:00" endTime="2026-01-26T16:29:44.6666249+01:00" testType="13cdc9d9-ddb5-4fa4-a97d-d965ccfc6d4b" outcome="Failed" testListId="8c84fa94-04c1-424b-9868-57a2d4851a1d" relativeResultsDirectory="e1713832-865c-429e-bc9e-7e5da9d198df">
      <Output>
        <ErrorInfo>
          <Message>Expected existingProduct.Category to be "new" with a length of 3, but "https://picsum.photos/640/480/?image=338" has a length of 40, differs near "htt" (index 0).</Message>
          <StackTrace>   at FluentAssertions.Execution.LateBoundTestFramework.Throw(String message)&#xD;
   at FluentAssertions.Execution.TestFrameworkProvider.Throw(String message)&#xD;
   at FluentAssertions.Execution.DefaultAssertionStrategy.HandleFailure(String message)&#xD;
   at FluentAssertions.Execution.AssertionScope.FailWith(Func`1 failReasonFunc)&#xD;
   at FluentAssertions.Execution.AssertionScope.FailWith(Func`1 failReasonFunc)&#xD;
   at FluentAssertions.Primitives.StringEqualityValidator.ValidateAgainstLengthDifferences()&#xD;
   at FluentAssertions.Primitives.StringValidator.Validate()&#xD;
   at FluentAssertions.Primitives.StringAssertions`1.Be(String expected, String because, Object[] becauseArgs)&#xD;
   at ShoppingProject.UnitTests.Application.Commands.UpdateProductCommandTests.Handle_ValidCommand_ShouldUpdateProduct() in O:\Projets\pipeline_azure\src\Tests\Application\Commands\UpdateProductCommandTests.cs:line 59&#xD;
--- End of stack trace from previous location ---</StackTrace>
        </ErrorInfo>
      </Output>
    </UnitTestResult>
    <UnitTestResult executionId="9e587198-dd96-47cf-a234-2dfa3211cf80" testId="0d9f132b-d1ce-a3ab-f517-79daef53e37e" testName="ShoppingProject.Tests.Infrastructure.RepositoryPatternIntegrationTests.DeleteRangeAsync_RemovesMultipleEntities" computerName="DESKTOP-GH65CIA" duration="00:00:00.0407422" startTime="2026-01-26T16:29:50.8989982+01:00" endTime="2026-01-26T16:29:50.8989984+01:00" testType="13cdc9d9-ddb5-4fa4-a97d-d965ccfc6d4b" outcome="Passed" testListId="8c84fa94-04c1-424b-9868-57a2d4851a1d" relativeResultsDirectory="9e587198-dd96-47cf-a234-2dfa3211cf80" />
    <UnitTestResult executionId="fcf88445-60be-42e0-94a5-fba6295922be" testId="3f6feedf-303e-7dfe-c6e5-1e0eab231649" testName="ShoppingProject.UnitTests.Domain.ProductTests.CreateProduct_WithRating_ShouldSucceed" computerName="DESKTOP-GH65CIA" duration="00:00:00.0004416" startTime="2026-01-26T16:29:50.8865053+01:00" endTime="2026-01-26T16:29:50.8865053+01:00" testType="13cdc9d9-ddb5-4fa4-a97d-d965ccfc6d4b" outcome="Passed" testListId="8c84fa94-04c1-424b-9868-57a2d4851a1d" relativeResultsDirectory="fcf88445-60be-42e0-94a5-fba6295922be" />
    <UnitTestResult executionId="8847d9e0-df26-447d-8a45-a149172045e9" testId="5b9a50f4-8b65-9cc4-142c-ad9ff14f650d" testName="ShoppingProject.UnitTests.Application.Commands.DeleteProductCommandTests.Handle_NonExistentProduct_ShouldThrowNotFoundException" computerName="DESKTOP-GH65CIA" duration="00:00:00.0060537" startTime="2026-01-26T16:29:44.6679387+01:00" endTime="2026-01-26T16:29:44.6679389+01:00" testType="13cdc9d9-ddb5-4fa4-a97d-d965ccfc6d4b" outcome="Passed" testListId="8c84fa94-04c1-424b-9868-57a2d4851a1d" relativeResultsDirectory="8847d9e0-df26-447d-8a45-a149172045e9" />
    <UnitTestResult executionId="2e76ba54-778b-4443-95d1-8ae75ae4e0a3" testId="67660a1e-761e-d6b8-cdcb-a76ca6ed1f3f" testName="ShoppingProject.UnitTests.Application.Handlers.GlobalExceptionHandlerTests.TryHandleAsync_NotFoundException_Returns404ProblemDetails" computerName="DESKTOP-GH65CIA" duration="00:00:00.0673800" startTime="2026-01-26T16:29:50.9330992+01:00" endTime="2026-01-26T16:29:50.9330993+01:00" testType="13cdc9d9-ddb5-4fa4-a97d-d965ccfc6d4b" outcome="Passed" testListId="8c84fa94-04c1-424b-9868-57a2d4851a1d" relativeResultsDirectory="2e76ba54-778b-4443-95d1-8ae75ae4e0a3" />
    <UnitTestResult executionId="3abe63f2-3f7c-46b9-b5da-4ab7d15f3dcd" testId="2c0bd344-55b1-16ee-72ca-1405f60ea373" testName="ShoppingProject.UnitTests.Application.Commands.DeleteProductCommandTests.Handle_ValidCommand_ShouldDeleteProduct" computerName="DESKTOP-GH65CIA" duration="00:00:00.2755639" startTime="2026-01-26T16:29:44.9475957+01:00" endTime="2026-01-26T16:29:44.9475961+01:00" testType="13cdc9d9-ddb5-4fa4-a97d-d965ccfc6d4b" outcome="Failed" testListId="8c84fa94-04c1-424b-9868-57a2d4851a1d" relativeResultsDirectory="3abe63f2-3f7c-46b9-b5da-4ab7d15f3dcd">
      <Output>
        <ErrorInfo>
          <Message>Moq.MockException : &#xD;
Expected invocation on the mock once, but was 0 times: x =&gt; x.Remove&lt;Product&gt;(Product)&#xD;
&#xD;
Performed invocations:&#xD;
&#xD;
   Mock&lt;IApplicationDbContext:11&gt; (x):&#xD;
&#xD;
      IApplicationDbContext.Products&#xD;
      IApplicationDbContext.SaveChangesAsync(CancellationToken)&#xD;
</Message>
          <StackTrace>   at Moq.Mock.Verify(Mock mock, LambdaExpression expression, Times times, String failMessage) in /_/src/Moq/Mock.cs:line 332&#xD;
   at Moq.Mock`1.Verify(Expression`1 expression, Times times) in /_/src/Moq/Mock`1.cs:line 727&#xD;
   at Moq.Mock`1.Verify(Expression`1 expression, Func`1 times) in /_/src/Moq/Mock`1.cs:line 741&#xD;
   at ShoppingProject.UnitTests.Application.Commands.DeleteProductCommandTests.Handle_ValidCommand_ShouldDeleteProduct() in O:\Projets\pipeline_azure\src\Tests\Application\Commands\DeleteProductCommandTests.cs:line 39&#xD;
--- End of stack trace from previous location ---</StackTrace>
        </ErrorInfo>
      </Output>
    </UnitTestResult>
    <UnitTestResult executionId="d82e5fc5-e3a6-4139-84f8-b317df79a1a5" testId="01cef28f-c014-710d-d26d-a55e2ba58584" testName="ShoppingProject.Tests.Infrastructure.RepositoryPatternIntegrationTests.ListAsync_ReturnsAllEntities" computerName="DESKTOP-GH65CIA" duration="00:00:00.0274631" startTime="2026-01-26T16:29:50.5859037+01:00" endTime="2026-01-26T16:29:50.5859041+01:00" testType="13cdc9d9-ddb5-4fa4-a97d-d965ccfc6d4b" outcome="Passed" testListId="8c84fa94-04c1-424b-9868-57a2d4851a1d" relativeResultsDirectory="d82e5fc5-e3a6-4139-84f8-b317df79a1a5" />
    <UnitTestResult executionId="c702cbf7-2104-4a44-b597-4ae658ce8a11" testId="b059b955-be09-e7af-eb41-153d30aea6dc" testName="ShoppingProject.UnitTests.Architecture.ArchitectureTests.Handlers_Should_Have_DependencyOn_MediatR" computerName="DESKTOP-GH65CIA" duration="00:00:00.0036125" startTime="2026-01-26T16:29:54.2786634+01:00" endTime="2026-01-26T16:29:54.2786639+01:00" testType="13cdc9d9-ddb5-4fa4-a97d-d965ccfc6d4b" outcome="Passed" testListId="8c84fa94-04c1-424b-9868-57a2d4851a1d" relativeResultsDirectory="c702cbf7-2104-4a44-b597-4ae658ce8a11" />
    <UnitTestResult executionId="eeec21dc-dcd3-4273-a8f6-04c98aea0353" testId="528df5fb-d586-b82c-5680-6577dabc0106" testName="ShoppingProject.UnitTests.Application.QueryableExtensionsTests.ToDynamic_ShouldFilterAndSort" computerName="DESKTOP-GH65CIA" duration="00:00:00.0690476" startTime="2026-01-26T16:30:03.0472518+01:00" endTime="2026-01-26T16:30:03.0472524+01:00" testType="13cdc9d9-ddb5-4fa4-a97d-d965ccfc6d4b" outcome="Passed" testListId="8c84fa94-04c1-424b-9868-57a2d4851a1d" relativeResultsDirectory="eeec21dc-dcd3-4273-a8f6-04c98aea0353" />
    <UnitTestResult executionId="c1026ccc-83aa-4958-945f-ffc75057c9f2" testId="28358a01-ac59-119b-197b-b8a75dda0b29" testName="ShoppingProject.UnitTests.Domain.ProductTests.CreateProduct_DefaultRating_ShouldBeInitialized" computerName="DESKTOP-GH65CIA" duration="00:00:00.0030686" startTime="2026-01-26T16:29:50.8858436+01:00" endTime="2026-01-26T16:29:50.8858437+01:00" testType="13cdc9d9-ddb5-4fa4-a97d-d965ccfc6d4b" outcome="Passed" testListId="8c84fa94-04c1-424b-9868-57a2d4851a1d" relativeResultsDirectory="c1026ccc-83aa-4958-945f-ffc75057c9f2" />
    <UnitTestResult executionId="1d8db15a-0cb1-477e-b715-2c98c2555c92" testId="e1f8424a-ccb2-2483-995a-398ba54fae3c" testName="ShoppingProject.Tests.Infrastructure.SpecificationPatternIntegrationTests.CombinedSpecification_MultipleFilters" computerName="DESKTOP-GH65CIA" duration="00:00:00.0306057" startTime="2026-01-26T16:29:50.6620604+01:00" endTime="2026-01-26T16:29:50.6620613+01:00" testType="13cdc9d9-ddb5-4fa4-a97d-d965ccfc6d4b" outcome="Passed" testListId="8c84fa94-04c1-424b-9868-57a2d4851a1d" relativeResultsDirectory="1d8db15a-0cb1-477e-b715-2c98c2555c92" />
    <UnitTestResult executionId="99010849-9161-4c42-a763-a35ef131f87e" testId="25ff9cc3-b788-6737-17b1-c5d099490d3d" testName="ShoppingProject.UnitTests.Application.QueryableExtensionsTests.ToDynamic_ShouldSortAscending" computerName="DESKTOP-GH65CIA" duration="00:00:00.0021794" startTime="2026-01-26T16:30:03.0577755+01:00" endTime="2026-01-26T16:30:03.0577764+01:00" testType="13cdc9d9-ddb5-4fa4-a97d-d965ccfc6d4b" outcome="Passed" testListId="8c84fa94-04c1-424b-9868-57a2d4851a1d" relativeResultsDirectory="99010849-9161-4c42-a763-a35ef131f87e" />
    <UnitTestResult executionId="e312c506-3ec9-45f4-9948-974ddcda4741" testId="c4104791-f383-0622-4baa-9038e538704e" testName="ShoppingProject.UnitTests.Presentation.Controllers.CartsControllerAuthorizationTests.Delete_HasAuthorizeAttribute" computerName="DESKTOP-GH65CIA" duration="00:00:00.0002560" startTime="2026-01-26T16:29:42.4981821+01:00" endTime="2026-01-26T16:29:42.4981822+01:00" testType="13cdc9d9-ddb5-4fa4-a97d-d965ccfc6d4b" outcome="Passed" testListId="8c84fa94-04c1-424b-9868-57a2d4851a1d" relativeResultsDirectory="e312c506-3ec9-45f4-9948-974ddcda4741" />
    <UnitTestResult executionId="f03c47e8-b705-46c8-ad37-771ace751ecb" testId="18ea6c0b-3d71-3618-1255-5341da8d290a" testName="ShoppingProject.Tests.Infrastructure.RepositoryPatternIntegrationTests.ListAsync_WithCategorySpecification" computerName="DESKTOP-GH65CIA" duration="00:00:00.0083792" startTime="2026-01-26T16:29:51.0359437+01:00" endTime="2026-01-26T16:29:51.0359440+01:00" testType="13cdc9d9-ddb5-4fa4-a97d-d965ccfc6d4b" outcome="Passed" testListId="8c84fa94-04c1-424b-9868-57a2d4851a1d" relativeResultsDirectory="f03c47e8-b705-46c8-ad37-771ace751ecb" />
    <UnitTestResult executionId="9bf90296-3b32-476b-8f67-c9b8216d358d" testId="e98c1fcd-0641-9cf9-d4f3-4c5a5f0f4c35" testName="ShoppingProject.UnitTests.IntegrationTests.ProductsIntegrationTests.GetAllProducts_Should_Return_List" computerName="DESKTOP-GH65CIA" duration="00:00:00.0010000" startTime="2026-01-26T16:29:50.7670070+01:00" endTime="2026-01-26T16:29:50.7670073+01:00" testType="13cdc9d9-ddb5-4fa4-a97d-d965ccfc6d4b" outcome="Failed" testListId="8c84fa94-04c1-424b-9868-57a2d4851a1d" relativeResultsDirectory="9bf90296-3b32-476b-8f67-c9b8216d358d">
      <Output>
        <ErrorInfo>
          <Message>System.UriFormatException : Invalid URI: The hostname could not be parsed.</Message>
          <StackTrace>   at System.Uri.CreateThis(String uri, Boolean dontEscape, UriKind uriKind, UriCreationOptions&amp; creationOptions)&#xD;
   at System.Uri..ctor(String uriString)&#xD;
   at Program.&lt;Main&gt;$(String[] args) in O:\Projets\pipeline_azure\src\Presentation\API\Program.cs:line 19&#xD;
   at Program.&lt;Main&gt;(String[] args)&#xD;
   at InvokeStub_Program.&lt;Main&gt;(Object, Span`1)&#xD;
   at System.Reflection.MethodBaseInvoker.InvokeWithOneArg(Object obj, BindingFlags invokeAttr, Binder binder, Object[] parameters, CultureInfo culture)&#xD;
--- End of stack trace from previous location ---&#xD;
   at Microsoft.Extensions.Hosting.HostFactoryResolver.HostingListener.CreateHost()&#xD;
   at Microsoft.Extensions.Hosting.HostFactoryResolver.&lt;&gt;c__DisplayClass10_0.&lt;ResolveHostFactory&gt;b__0(String[] args)&#xD;
   at Microsoft.AspNetCore.Mvc.Testing.DeferredHostBuilder.Build()&#xD;
   at Microsoft.AspNetCore.Mvc.Testing.WebApplicationFactory`1.CreateHost(IHostBuilder builder)&#xD;
   at ShoppingProject.Tests.Infrastructure.CustomWebApplicationFactory.CreateHost(IHostBuilder builder) in O:\Projets\pipeline_azure\src\Tests\Infrastructure\CustomWebApplicationFactory.cs:line 94&#xD;
   at Microsoft.AspNetCore.Mvc.Testing.WebApplicationFactory`1.ConfigureHostBuilder(IHostBuilder hostBuilder)&#xD;
   at Microsoft.AspNetCore.Mvc.Testing.WebApplicationFactory`1.EnsureServer()&#xD;
   at Microsoft.AspNetCore.Mvc.Testing.WebApplicationFactory`1.CreateDefaultClient(DelegatingHandler[] handlers)&#xD;
   at Microsoft.AspNetCore.Mvc.Testing.WebApplicationFactory`1.CreateDefaultClient(Uri baseAddress, DelegatingHandler[] handlers)&#xD;
   at Microsoft.AspNetCore.Mvc.Testing.WebApplicationFactory`1.CreateClient(WebApplicationFactoryClientOptions options)&#xD;
   at Microsoft.AspNetCore.Mvc.Testing.WebApplicationFactory`1.CreateClient()&#xD;
   at ShoppingProject.UnitTests.IntegrationTests.ProductsIntegrationTests..ctor(CustomWebApplicationFactory factory) in O:\Projets\pipeline_azure\src\Tests\IntegrationTests\ProductsIntegrationTests.cs:line 19&#xD;
   at System.Reflection.MethodBaseInvoker.InterpretedInvoke_Constructor(Object obj, IntPtr* args)&#xD;
   at System.Reflection.MethodBaseInvoker.InvokeDirectByRefWithFewArgs(Object obj, Span`1 copyOfArgs, BindingFlags invokeAttr)</StackTrace>
        </ErrorInfo>
      </Output>
    </UnitTestResult>
    <UnitTestResult executionId="8557c75e-ca2c-44d6-bf66-a01231a83206" testId="82cec03e-b24f-d7ad-a306-c99b9fefa8dc" testName="ShoppingProject.Tests.Infrastructure.RepositoryPatternIntegrationTests.CountAsync_WithSpecification" computerName="DESKTOP-GH65CIA" duration="00:00:00.0394418" startTime="2026-01-26T16:29:51.0288289+01:00" endTime="2026-01-26T16:29:51.0288290+01:00" testType="13cdc9d9-ddb5-4fa4-a97d-d965ccfc6d4b" outcome="Passed" testListId="8c84fa94-04c1-424b-9868-57a2d4851a1d" relativeResultsDirectory="8557c75e-ca2c-44d6-bf66-a01231a83206">
      <Output>
        <StdOut>[Test] CountAsync_WithSpecification started&#xD;
[Arrange] Adding 3 products with different prices&#xD;
[Arrange] Products saved: Expensive (1000), Cheap 1 (10), Cheap 2 (15)&#xD;
[Act] Counting products with price range 0-50&#xD;
[Act] Count returned: 2&#xD;
[Assert] Verifying count is 2&#xD;
[Test] CountAsync_WithSpecification passed</StdOut>
      </Output>
    </UnitTestResult>
    <UnitTestResult executionId="f4c78a89-e817-44b7-89df-686ed71d08a4" testId="ec479277-a12b-904f-79b6-c5e35d35ba99" testName="ShoppingProject.UnitTests.IntegrationTests.CartsIntegrationTests.UpdateCart_Should_Return_Success_When_Authorized" computerName="DESKTOP-GH65CIA" duration="00:00:00.0010000" startTime="2026-01-26T16:29:50.9483357+01:00" endTime="2026-01-26T16:29:50.9483361+01:00" testType="13cdc9d9-ddb5-4fa4-a97d-d965ccfc6d4b" outcome="Failed" testListId="8c84fa94-04c1-424b-9868-57a2d4851a1d" relativeResultsDirectory="f4c78a89-e817-44b7-89df-686ed71d08a4">
      <Output>
        <ErrorInfo>
          <Message>System.UriFormatException : Invalid URI: The hostname could not be parsed.</Message>
          <StackTrace>   at System.Uri.CreateThis(String uri, Boolean dontEscape, UriKind uriKind, UriCreationOptions&amp; creationOptions)&#xD;
   at System.Uri..ctor(String uriString)&#xD;
   at Program.&lt;Main&gt;$(String[] args) in O:\Projets\pipeline_azure\src\Presentation\API\Program.cs:line 19&#xD;
   at Program.&lt;Main&gt;(String[] args)&#xD;
   at InvokeStub_Program.&lt;Main&gt;(Object, Span`1)&#xD;
   at System.Reflection.MethodBaseInvoker.InvokeWithOneArg(Object obj, BindingFlags invokeAttr, Binder binder, Object[] parameters, CultureInfo culture)&#xD;
--- End of stack trace from previous location ---&#xD;
   at Microsoft.Extensions.Hosting.HostFactoryResolver.HostingListener.CreateHost()&#xD;
   at Microsoft.Extensions.Hosting.HostFactoryResolver.&lt;&gt;c__DisplayClass10_0.&lt;ResolveHostFactory&gt;b__0(String[] args)&#xD;
   at Microsoft.AspNetCore.Mvc.Testing.DeferredHostBuilder.Build()&#xD;
   at Microsoft.AspNetCore.Mvc.Testing.WebApplicationFactory`1.CreateHost(IHostBuilder builder)&#xD;
   at ShoppingProject.Tests.Infrastructure.CustomWebApplicationFactory.CreateHost(IHostBuilder builder) in O:\Projets\pipeline_azure\src\Tests\Infrastructure\CustomWebApplicationFactory.cs:line 94&#xD;
   at Microsoft.AspNetCore.Mvc.Testing.WebApplicationFactory`1.ConfigureHostBuilder(IHostBuilder hostBuilder)&#xD;
   at Microsoft.AspNetCore.Mvc.Testing.WebApplicationFactory`1.EnsureServer()&#xD;
   at Microsoft.AspNetCore.Mvc.Testing.WebApplicationFactory`1.CreateDefaultClient(DelegatingHandler[] handlers)&#xD;
   at Microsoft.AspNetCore.Mvc.Testing.WebApplicationFactory`1.CreateDefaultClient(Uri baseAddress, DelegatingHandler[] handlers)&#xD;
   at Microsoft.AspNetCore.Mvc.Testing.WebApplicationFactory`1.CreateClient(WebApplicationFactoryClientOptions options)&#xD;
   at Microsoft.AspNetCore.Mvc.Testing.WebApplicationFactory`1.CreateClient()&#xD;
   at ShoppingProject.UnitTests.IntegrationTests.CartsIntegrationTests..ctor(CustomWebApplicationFactory factory, ITestOutputHelper output) in O:\Projets\pipeline_azure\src\Tests\IntegrationTests\CartsIntegrationTests.cs:line 19&#xD;
   at InvokeStub_CartsIntegrationTests..ctor(Object, Span`1)&#xD;
   at System.Reflection.RuntimeConstructorInfo.Invoke(BindingFlags invokeAttr, Binder binder, Object[] parameters, CultureInfo culture)</StackTrace>
        </ErrorInfo>
      </Output>
    </UnitTestResult>
    <UnitTestResult executionId="e920d09a-5f29-4d5b-abc3-2bb1beb425d2" testId="84b8f606-52d3-f885-4582-cc41f2a4b2e0" testName="ShoppingProject.UnitTests.IntegrationTests.IdentityIntegrationTests.Register_Then_Login_Should_Return_Token" computerName="DESKTOP-GH65CIA" duration="00:00:00.0010000" startTime="2026-01-26T16:29:50.9874549+01:00" endTime="2026-01-26T16:29:50.9874553+01:00" testType="13cdc9d9-ddb5-4fa4-a97d-d965ccfc6d4b" outcome="Failed" testListId="8c84fa94-04c1-424b-9868-57a2d4851a1d" relativeResultsDirectory="e920d09a-5f29-4d5b-abc3-2bb1beb425d2">
      <Output>
        <ErrorInfo>
          <Message>System.UriFormatException : Invalid URI: The hostname could not be parsed.</Message>
          <StackTrace>   at System.Uri.CreateThis(String uri, Boolean dontEscape, UriKind uriKind, UriCreationOptions&amp; creationOptions)&#xD;
   at System.Uri..ctor(String uriString)&#xD;
   at Program.&lt;Main&gt;$(String[] args) in O:\Projets\pipeline_azure\src\Presentation\API\Program.cs:line 19&#xD;
   at Program.&lt;Main&gt;(String[] args)&#xD;
   at InvokeStub_Program.&lt;Main&gt;(Object, Span`1)&#xD;
   at System.Reflection.MethodBaseInvoker.InvokeWithOneArg(Object obj, BindingFlags invokeAttr, Binder binder, Object[] parameters, CultureInfo culture)&#xD;
--- End of stack trace from previous location ---&#xD;
   at Microsoft.Extensions.Hosting.HostFactoryResolver.HostingListener.CreateHost()&#xD;
   at Microsoft.Extensions.Hosting.HostFactoryResolver.&lt;&gt;c__DisplayClass10_0.&lt;ResolveHostFactory&gt;b__0(String[] args)&#xD;
   at Microsoft.AspNetCore.Mvc.Testing.DeferredHostBuilder.Build()&#xD;
   at Microsoft.AspNetCore.Mvc.Testing.WebApplicationFactory`1.CreateHost(IHostBuilder builder)&#xD;
   at ShoppingProject.Tests.Infrastructure.CustomWebApplicationFactory.CreateHost(IHostBuilder builder) in O:\Projets\pipeline_azure\src\Tests\Infrastructure\CustomWebApplicationFactory.cs:line 94&#xD;
   at Microsoft.AspNetCore.Mvc.Testing.WebApplicationFactory`1.ConfigureHostBuilder(IHostBuilder hostBuilder)&#xD;
   at Microsoft.AspNetCore.Mvc.Testing.WebApplicationFactory`1.EnsureServer()&#xD;
   at Microsoft.AspNetCore.Mvc.Testing.WebApplicationFactory`1.CreateDefaultClient(DelegatingHandler[] handlers)&#xD;
   at Microsoft.AspNetCore.Mvc.Testing.WebApplicationFactory`1.CreateDefaultClient(Uri baseAddress, DelegatingHandler[] handlers)&#xD;
   at Microsoft.AspNetCore.Mvc.Testing.WebApplicationFactory`1.CreateClient(WebApplicationFactoryClientOptions options)&#xD;
   at Microsoft.AspNetCore.Mvc.Testing.WebApplicationFactory`1.CreateClient()&#xD;
   at ShoppingProject.UnitTests.IntegrationTests.IdentityIntegrationTests..ctor(CustomWebApplicationFactory factory, ITestOutputHelper output) in O:\Projets\pipeline_azure\src\Tests\IntegrationTests\IdentityIntegrationTests.cs:line 18&#xD;
   at InvokeStub_IdentityIntegrationTests..ctor(Object, Span`1)&#xD;
   at System.Reflection.RuntimeConstructorInfo.Invoke(BindingFlags invokeAttr, Binder binder, Object[] parameters, CultureInfo culture)</StackTrace>
        </ErrorInfo>
      </Output>
    </UnitTestResult>
    <UnitTestResult executionId="d3737a4d-a2a6-49df-90e0-cd9357fd954e" testId="fdefae3f-fd5d-bf47-0373-7a93d3562e4b" testName="ShoppingProject.UnitTests.IntegrationTests.IdentityIntegrationTests.RefreshToken_Should_Return_New_Tokens" computerName="DESKTOP-GH65CIA" duration="00:00:00.0010000" startTime="2026-01-26T16:29:50.9445522+01:00" endTime="2026-01-26T16:29:50.9445525+01:00" testType="13cdc9d9-ddb5-4fa4-a97d-d965ccfc6d4b" outcome="Failed" testListId="8c84fa94-04c1-424b-9868-57a2d4851a1d" relativeResultsDirectory="d3737a4d-a2a6-49df-90e0-cd9357fd954e">
      <Output>
        <ErrorInfo>
          <Message>System.UriFormatException : Invalid URI: The hostname could not be parsed.</Message>
          <StackTrace>   at System.Uri.CreateThis(String uri, Boolean dontEscape, UriKind uriKind, UriCreationOptions&amp; creationOptions)&#xD;
   at System.Uri..ctor(String uriString)&#xD;
   at Program.&lt;Main&gt;$(String[] args) in O:\Projets\pipeline_azure\src\Presentation\API\Program.cs:line 19&#xD;
   at Program.&lt;Main&gt;(String[] args)&#xD;
   at InvokeStub_Program.&lt;Main&gt;(Object, Span`1)&#xD;
   at System.Reflection.MethodBaseInvoker.InvokeWithOneArg(Object obj, BindingFlags invokeAttr, Binder binder, Object[] parameters, CultureInfo culture)&#xD;
--- End of stack trace from previous location ---&#xD;
   at Microsoft.Extensions.Hosting.HostFactoryResolver.HostingListener.CreateHost()&#xD;
   at Microsoft.Extensions.Hosting.HostFactoryResolver.&lt;&gt;c__DisplayClass10_0.&lt;ResolveHostFactory&gt;b__0(String[] args)&#xD;
   at Microsoft.AspNetCore.Mvc.Testing.DeferredHostBuilder.Build()&#xD;
   at Microsoft.AspNetCore.Mvc.Testing.WebApplicationFactory`1.CreateHost(IHostBuilder builder)&#xD;
   at ShoppingProject.Tests.Infrastructure.CustomWebApplicationFactory.CreateHost(IHostBuilder builder) in O:\Projets\pipeline_azure\src\Tests\Infrastructure\CustomWebApplicationFactory.cs:line 94&#xD;
   at Microsoft.AspNetCore.Mvc.Testing.WebApplicationFactory`1.ConfigureHostBuilder(IHostBuilder hostBuilder)&#xD;
   at Microsoft.AspNetCore.Mvc.Testing.WebApplicationFactory`1.EnsureServer()&#xD;
   at Microsoft.AspNetCore.Mvc.Testing.WebApplicationFactory`1.CreateDefaultClient(DelegatingHandler[] handlers)&#xD;
   at Microsoft.AspNetCore.Mvc.Testing.WebApplicationFactory`1.CreateDefaultClient(Uri baseAddress, DelegatingHandler[] handlers)&#xD;
   at Microsoft.AspNetCore.Mvc.Testing.WebApplicationFactory`1.CreateClient(WebApplicationFactoryClientOptions options)&#xD;
   at Microsoft.AspNetCore.Mvc.Testing.WebApplicationFactory`1.CreateClient()&#xD;
   at ShoppingProject.UnitTests.IntegrationTests.IdentityIntegrationTests..ctor(CustomWebApplicationFactory factory, ITestOutputHelper output) in O:\Projets\pipeline_azure\src\Tests\IntegrationTests\IdentityIntegrationTests.cs:line 18&#xD;
   at InvokeStub_IdentityIntegrationTests..ctor(Object, Span`1)&#xD;
   at System.Reflection.RuntimeConstructorInfo.Invoke(BindingFlags invokeAttr, Binder binder, Object[] parameters, CultureInfo culture)</StackTrace>
        </ErrorInfo>
      </Output>
    </UnitTestResult>
    <UnitTestResult executionId="2e3388fd-a875-4691-a3d7-f594ee5cbb3e" testId="1c42a015-8eff-8227-e303-20b1f82212f8" testName="ShoppingProject.UnitTests.IntegrationTests.CacheIntegrationTests.DeleteValue_Should_Return_OK" computerName="DESKTOP-GH65CIA" duration="00:00:00.0010000" startTime="2026-01-26T16:29:50.7962111+01:00" endTime="2026-01-26T16:29:50.7962115+01:00" testType="13cdc9d9-ddb5-4fa4-a97d-d965ccfc6d4b" outcome="Failed" testListId="8c84fa94-04c1-424b-9868-57a2d4851a1d" relativeResultsDirectory="2e3388fd-a875-4691-a3d7-f594ee5cbb3e">
      <Output>
        <ErrorInfo>
          <Message>System.UriFormatException : Invalid URI: The hostname could not be parsed.</Message>
          <StackTrace>   at System.Uri.CreateThis(String uri, Boolean dontEscape, UriKind uriKind, UriCreationOptions&amp; creationOptions)&#xD;
   at System.Uri..ctor(String uriString)&#xD;
   at Program.&lt;Main&gt;$(String[] args) in O:\Projets\pipeline_azure\src\Presentation\API\Program.cs:line 19&#xD;
   at Program.&lt;Main&gt;(String[] args)&#xD;
   at InvokeStub_Program.&lt;Main&gt;(Object, Span`1)&#xD;
   at System.Reflection.MethodBaseInvoker.InvokeWithOneArg(Object obj, BindingFlags invokeAttr, Binder binder, Object[] parameters, CultureInfo culture)&#xD;
--- End of stack trace from previous location ---&#xD;
   at Microsoft.Extensions.Hosting.HostFactoryResolver.HostingListener.CreateHost()&#xD;
   at Microsoft.Extensions.Hosting.HostFactoryResolver.&lt;&gt;c__DisplayClass10_0.&lt;ResolveHostFactory&gt;b__0(String[] args)&#xD;
   at Microsoft.AspNetCore.Mvc.Testing.DeferredHostBuilder.Build()&#xD;
   at Microsoft.AspNetCore.Mvc.Testing.WebApplicationFactory`1.CreateHost(IHostBuilder builder)&#xD;
   at ShoppingProject.Tests.Infrastructure.CustomWebApplicationFactory.CreateHost(IHostBuilder builder) in O:\Projets\pipeline_azure\src\Tests\Infrastructure\CustomWebApplicationFactory.cs:line 94&#xD;
   at Microsoft.AspNetCore.Mvc.Testing.WebApplicationFactory`1.ConfigureHostBuilder(IHostBuilder hostBuilder)&#xD;
   at Microsoft.AspNetCore.Mvc.Testing.WebApplicationFactory`1.EnsureServer()&#xD;
   at Microsoft.AspNetCore.Mvc.Testing.WebApplicationFactory`1.CreateDefaultClient(DelegatingHandler[] handlers)&#xD;
   at Microsoft.AspNetCore.Mvc.Testing.WebApplicationFactory`1.CreateDefaultClient(Uri baseAddress, DelegatingHandler[] handlers)&#xD;
   at Microsoft.AspNetCore.Mvc.Testing.WebApplicationFactory`1.CreateClient(WebApplicationFactoryClientOptions options)&#xD;
   at Microsoft.AspNetCore.Mvc.Testing.WebApplicationFactory`1.CreateClient()&#xD;
   at ShoppingProject.UnitTests.IntegrationTests.CacheIntegrationTests..ctor(CustomWebApplicationFactory factory) in O:\Projets\pipeline_azure\src\Tests\IntegrationTests\CacheIntegrationTests.cs:line 16&#xD;
   at InvokeStub_CacheIntegrationTests..ctor(Object, Span`1)&#xD;
   at System.Reflection.MethodBaseInvoker.InvokeWithOneArg(Object obj, BindingFlags invokeAttr, Binder binder, Object[] parameters, CultureInfo culture)</StackTrace>
        </ErrorInfo>
      </Output>
    </UnitTestResult>
    <UnitTestResult executionId="a3d98f05-f37f-46bf-8e88-ba446f37f4e5" testId="d1e8b010-48bc-f667-4f2f-72429808f576" testName="ShoppingProject.Tests.Infrastructure.RepositoryPatternIntegrationTests.ListAsync_WithPaginationSpecification" computerName="DESKTOP-GH65CIA" duration="00:00:00.0360700" startTime="2026-01-26T16:29:50.9361923+01:00" endTime="2026-01-26T16:29:50.9361927+01:00" testType="13cdc9d9-ddb5-4fa4-a97d-d965ccfc6d4b" outcome="Passed" testListId="8c84fa94-04c1-424b-9868-57a2d4851a1d" relativeResultsDirectory="a3d98f05-f37f-46bf-8e88-ba446f37f4e5" />
    <UnitTestResult executionId="ebfe2a5d-c69f-4f65-87dd-a6d380192a8c" testId="9671e9f9-6af7-4044-626c-ae36af23ad03" testName="ShoppingProject.UnitTests.Architecture.ArchitectureTests.Application_Should_Not_HaveDependencyOn_Presentation" computerName="DESKTOP-GH65CIA" duration="00:00:00.0712212" startTime="2026-01-26T16:29:53.0999051+01:00" endTime="2026-01-26T16:29:53.0999055+01:00" testType="13cdc9d9-ddb5-4fa4-a97d-d965ccfc6d4b" outcome="Passed" testListId="8c84fa94-04c1-424b-9868-57a2d4851a1d" relativeResultsDirectory="ebfe2a5d-c69f-4f65-87dd-a6d380192a8c" />
    <UnitTestResult executionId="d17948c2-3a37-4387-8e7b-3d555a3526d7" testId="63c19be2-589e-295a-f281-26a544a25742" testName="ShoppingProject.Tests.Infrastructure.RepositoryPatternIntegrationTests.AddAsync_WithId_PreservesId" computerName="DESKTOP-GH65CIA" duration="00:00:00.0620332" startTime="2026-01-26T16:29:50.3476198+01:00" endTime="2026-01-26T16:29:50.3476207+01:00" testType="13cdc9d9-ddb5-4fa4-a97d-d965ccfc6d4b" outcome="Passed" testListId="8c84fa94-04c1-424b-9868-57a2d4851a1d" relativeResultsDirectory="d17948c2-3a37-4387-8e7b-3d555a3526d7" />
    <UnitTestResult executionId="b67ee343-20ad-4fe5-be8c-e3bab087cf63" testId="350a06ee-9af1-4a35-b18e-87f41b67f1c9" testName="ShoppingProject.Tests.Infrastructure.OutboxMessageStoreIntegrationTests.GetUnprocessedMessagesAsync_ReturnsUnprocessedMessages" computerName="DESKTOP-GH65CIA" duration="00:00:00.0510033" startTime="2026-01-26T16:29:50.6118128+01:00" endTime="2026-01-26T16:29:50.6118132+01:00" testType="13cdc9d9-ddb5-4fa4-a97d-d965ccfc6d4b" outcome="Passed" testListId="8c84fa94-04c1-424b-9868-57a2d4851a1d" relativeResultsDirectory="b67ee343-20ad-4fe5-be8c-e3bab087cf63" />
    <UnitTestResult executionId="39ecc1d8-ac59-4a1b-979f-ac94f8e9a7c0" testId="c01b07dd-75cc-6ac6-5a61-a6e816d5242b" testName="ShoppingProject.UnitTests.Domain.RatingTests.CreateRating_WithVariousValues_ShouldSucceed(rate: 3,5, count: 50)" computerName="DESKTOP-GH65CIA" duration="00:00:00.0005264" startTime="2026-01-26T16:29:41.4636383+01:00" endTime="2026-01-26T16:29:41.4636384+01:00" testType="13cdc9d9-ddb5-4fa4-a97d-d965ccfc6d4b" outcome="Passed" testListId="8c84fa94-04c1-424b-9868-57a2d4851a1d" relativeResultsDirectory="39ecc1d8-ac59-4a1b-979f-ac94f8e9a7c0" />
    <UnitTestResult executionId="55df6860-541d-4aaf-93d0-c3931783babd" testId="58ec9660-dd51-ee02-7a8e-28aa40af3b54" testName="ShoppingProject.Tests.Infrastructure.OutboxMessageStoreIntegrationTests.MarkAsProcessedAsync_MarksMessageAsProcessed" computerName="DESKTOP-GH65CIA" duration="00:00:00.0047977" startTime="2026-01-26T16:29:50.9978487+01:00" endTime="2026-01-26T16:29:50.9978493+01:00" testType="13cdc9d9-ddb5-4fa4-a97d-d965ccfc6d4b" outcome="Passed" testListId="8c84fa94-04c1-424b-9868-57a2d4851a1d" relativeResultsDirectory="55df6860-541d-4aaf-93d0-c3931783babd" />
[...]
[xUnit.net 00:00:20.37]            at Microsoft.AspNetCore.Mvc.Testing.WebApplicationFactory`1.CreateDefaultClient(DelegatingHandler[] handlers)&#xD;
[xUnit.net 00:00:20.37]            at Microsoft.AspNetCore.Mvc.Testing.WebApplicationFactory`1.CreateDefaultClient(Uri baseAddress, DelegatingHandler[] handlers)&#xD;
[xUnit.net 00:00:20.37]            at Microsoft.AspNetCore.Mvc.Testing.WebApplicationFactory`1.CreateClient(WebApplicationFactoryClientOptions options)&#xD;
[xUnit.net 00:00:20.37]            at Microsoft.AspNetCore.Mvc.Testing.WebApplicationFactory`1.CreateClient()&#xD;
[xUnit.net 00:00:20.37]         O:\Projets\pipeline_azure\src\Tests\IntegrationTests\IdentityIntegrationTests.cs(18,0): at ShoppingProject.UnitTests.IntegrationTests.IdentityIntegrationTests..ctor(CustomWebApplicationFactory factory, ITestOutputHelper output)&#xD;
[xUnit.net 00:00:20.37]            at InvokeStub_IdentityIntegrationTests..ctor(Object, Span`1)&#xD;
[xUnit.net 00:00:20.37]            at System.Reflection.RuntimeConstructorInfo.Invoke(BindingFlags invokeAttr, Binder binder, Object[] parameters, CultureInfo culture)&#xD;
[xUnit.net 00:00:20.38]       System.UriFormatException : Invalid URI: The hostname could not be parsed.&#xD;
[xUnit.net 00:00:20.38]       Stack Trace:&#xD;
[xUnit.net 00:00:20.38]            at System.Uri.CreateThis(String uri, Boolean dontEscape, UriKind uriKind, UriCreationOptions&amp; creationOptions)&#xD;
[xUnit.net 00:00:20.38]            at System.Uri..ctor(String uriString)&#xD;
[xUnit.net 00:00:20.38]         O:\Projets\pipeline_azure\src\Presentation\API\Program.cs(19,0): at Program.&lt;Main&gt;$(String[] args)&#xD;
[xUnit.net 00:00:20.38]            at Program.&lt;Main&gt;(String[] args)&#xD;
[xUnit.net 00:00:20.38]            at InvokeStub_Program.&lt;Main&gt;(Object, Span`1)&#xD;
[xUnit.net 00:00:20.38]            at System.Reflection.MethodBaseInvoker.InvokeWithOneArg(Object obj, BindingFlags invokeAttr, Binder binder, Object[] parameters, CultureInfo culture)&#xD;
[xUnit.net 00:00:20.38]         --- End of stack trace from previous location ---&#xD;
[xUnit.net 00:00:20.38]            at Microsoft.Extensions.Hosting.HostFactoryResolver.HostingListener.CreateHost()&#xD;
[xUnit.net 00:00:20.38]            at Microsoft.Extensions.Hosting.HostFactoryResolver.&lt;&gt;c__DisplayClass10_0.&lt;ResolveHostFactory&gt;b__0(String[] args)&#xD;
[xUnit.net 00:00:20.38]            at Microsoft.AspNetCore.Mvc.Testing.DeferredHostBuilder.Build()&#xD;
[xUnit.net 00:00:20.38]            at Microsoft.AspNetCore.Mvc.Testing.WebApplicationFactory`1.CreateHost(IHostBuilder builder)&#xD;
[xUnit.net 00:00:20.38]         O:\Projets\pipeline_azure\src\Tests\Infrastructure\CustomWebApplicationFactory.cs(94,0): at ShoppingProject.Tests.Infrastructure.CustomWebApplicationFactory.CreateHost(IHostBuilder builder)&#xD;
[xUnit.net 00:00:20.38]            at Microsoft.AspNetCore.Mvc.Testing.WebApplicationFactory`1.ConfigureHostBuilder(IHostBuilder hostBuilder)&#xD;
[xUnit.net 00:00:20.38]            at Microsoft.AspNetCore.Mvc.Testing.WebApplicationFactory`1.EnsureServer()&#xD;
[xUnit.net 00:00:20.38]            at Microsoft.AspNetCore.Mvc.Testing.WebApplicationFactory`1.CreateDefaultClient(DelegatingHandler[] handlers)&#xD;
[xUnit.net 00:00:20.38]            at Microsoft.AspNetCore.Mvc.Testing.WebApplicationFactory`1.CreateDefaultClient(Uri baseAddress, DelegatingHandler[] handlers)&#xD;
[xUnit.net 00:00:20.38]            at Microsoft.AspNetCore.Mvc.Testing.WebApplicationFactory`1.CreateClient(WebApplicationFactoryClientOptions options)&#xD;
[xUnit.net 00:00:20.38]            at Microsoft.AspNetCore.Mvc.Testing.WebApplicationFactory`1.CreateClient()&#xD;
[xUnit.net 00:00:20.38]         O:\Projets\pipeline_azure\src\Tests\IntegrationTests\CartsIntegrationTests.cs(19,0): at ShoppingProject.UnitTests.IntegrationTests.CartsIntegrationTests..ctor(CustomWebApplicationFactory factory, ITestOutputHelper output)&#xD;
[xUnit.net 00:00:20.38]            at InvokeStub_CartsIntegrationTests..ctor(Object, Span`1)&#xD;
[xUnit.net 00:00:20.38]            at System.Reflection.RuntimeConstructorInfo.Invoke(BindingFlags invokeAttr, Binder binder, Object[] parameters, CultureInfo culture)&#xD;
[xUnit.net 00:00:22.00]       All services should end with 'Service'&#xD;
[xUnit.net 00:00:22.00]       Stack Trace:&#xD;
[xUnit.net 00:00:22.00]         O:\Projets\pipeline_azure\src\Tests\Architecture\ArchitectureTests.cs(218,0): at ShoppingProject.UnitTests.Architecture.ArchitectureTests.Services_Should_HaveCorrectNaming()&#xD;
[xUnit.net 00:00:22.00]            at System.RuntimeMethodHandle.InvokeMethod(ObjectHandleOnStack target, Void** arguments, ObjectHandleOnStack sig, BOOL isConstructor, ObjectHandleOnStack result)&#xD;
[xUnit.net 00:00:22.00]            at System.Reflection.MethodBaseInvoker.InterpretedInvoke_Method(Object obj, IntPtr* args)&#xD;
[xUnit.net 00:00:22.00]            at System.Reflection.RuntimeMethodInfo.Invoke(Object obj, BindingFlags invokeAttr, Binder binder, Object[] parameters, CultureInfo culture)&#xD;
[xUnit.net 00:00:22.42]       Application layer should not have direct dependency on EF Core. Use repository pattern instead.&#xD;
[xUnit.net 00:00:22.42]       Stack Trace:&#xD;
[xUnit.net 00:00:22.42]         O:\Projets\pipeline_azure\src\Tests\Architecture\ArchitectureTests.cs(90,0): at ShoppingProject.UnitTests.Architecture.ArchitectureTests.Application_Should_Not_Reference_EntityFrameworkCore()&#xD;
[xUnit.net 00:00:22.42]            at System.RuntimeMethodHandle.InvokeMethod(ObjectHandleOnStack target, Void** arguments, ObjectHandleOnStack sig, BOOL isConstructor, ObjectHandleOnStack result)&#xD;
[xUnit.net 00:00:22.42]            at System.Reflection.MethodBaseInvoker.InterpretedInvoke_Method(Object obj, IntPtr* args)&#xD;
[xUnit.net 00:00:22.42]            at System.Reflection.RuntimeMethodInfo.Invoke(Object obj, BindingFlags invokeAttr, Binder binder, Object[] parameters, CultureInfo culture)&#xD;
[xUnit.net 00:00:23.66]       All repository implementations should end with 'Repository'&#xD;
[xUnit.net 00:00:23.66]       Stack Trace:&#xD;
[xUnit.net 00:00:23.66]         O:\Projets\pipeline_azure\src\Tests\Architecture\ArchitectureTests.cs(147,0): at ShoppingProject.UnitTests.Architecture.ArchitectureTests.Repositories_Should_HaveCorrectNaming()&#xD;
[xUnit.net 00:00:23.66]            at System.RuntimeMethodHandle.InvokeMethod(ObjectHandleOnStack target, Void** arguments, ObjectHandleOnStack sig, BOOL isConstructor, ObjectHandleOnStack result)&#xD;
[xUnit.net 00:00:23.66]            at System.Reflection.MethodBaseInvoker.InterpretedInvoke_Method(Object obj, IntPtr* args)&#xD;
[xUnit.net 00:00:23.66]            at System.Reflection.RuntimeMethodInfo.Invoke(Object obj, BindingFlags invokeAttr, Binder binder, Object[] parameters, CultureInfo culture)&#xD;
[xUnit.net 00:00:23.67]       All repositories should reside in Infrastructure.Repositories namespace&#xD;
[xUnit.net 00:00:23.67]       Stack Trace:&#xD;
[xUnit.net 00:00:23.67]         O:\Projets\pipeline_azure\src\Tests\Architecture\ArchitectureTests.cs(168,0): at ShoppingProject.UnitTests.Architecture.ArchitectureTests.Repositories_Should_ResideIn_RepositoriesNamespace()&#xD;
[xUnit.net 00:00:23.67]            at System.RuntimeMethodHandle.InvokeMethod(ObjectHandleOnStack target, Void** arguments, ObjectHandleOnStack sig, BOOL isConstructor, ObjectHandleOnStack result)&#xD;
[xUnit.net 00:00:23.67]            at System.Reflection.MethodBaseInvoker.InterpretedInvoke_Method(Object obj, IntPtr* args)&#xD;
[xUnit.net 00:00:23.67]            at System.Reflection.RuntimeMethodInfo.Invoke(Object obj, BindingFlags invokeAttr, Binder binder, Object[] parameters, CultureInfo culture)&#xD;
[xUnit.net 00:00:23.68]       All domain entities should be sealed or abstract to prevent unintended inheritance&#xD;
[xUnit.net 00:00:23.68]       Stack Trace:&#xD;
[xUnit.net 00:00:23.68]         O:\Projets\pipeline_azure\src\Tests\Architecture\ArchitectureTests.cs(128,0): at ShoppingProject.UnitTests.Architecture.ArchitectureTests.Domain_Entities_Should_BeSealed_Or_Abstract()&#xD;
[xUnit.net 00:00:23.68]            at System.RuntimeMethodHandle.InvokeMethod(ObjectHandleOnStack target, Void** arguments, ObjectHandleOnStack sig, BOOL isConstructor, ObjectHandleOnStack result)&#xD;
[xUnit.net 00:00:23.68]            at System.Reflection.MethodBaseInvoker.InterpretedInvoke_Method(Object obj, IntPtr* args)&#xD;
[xUnit.net 00:00:23.68]            at System.Reflection.RuntimeMethodInfo.Invoke(Object obj, BindingFlags invokeAttr, Binder binder, Object[] parameters, CultureInfo culture)&#xD;
[xUnit.net 00:00:32.45]   Finished:    ShoppingProject.Tests&#xD;
</StdOut>
    </Output>
    <RunInfos>
      <RunInfo computerName="DESKTOP-GH65CIA" outcome="Error" timestamp="2026-01-26T16:29:42.4913380+01:00">
        <Text>[xUnit.net 00:00:11.88]     ShoppingProject.UnitTests.Presentation.Controllers.CartsControllerAuthorizationTests.DeleteAll_HasAuthorizeAttributeWithCanPurgePolicy [FAIL]</Text>
      </RunInfo>
      <RunInfo computerName="DESKTOP-GH65CIA" outcome="Error" timestamp="2026-01-26T16:29:44.6625869+01:00">
        <Text>[xUnit.net 00:00:14.05]     ShoppingProject.UnitTests.Application.Commands.DeleteProductCommandTests.Handle_ValidCommand_ShouldRaiseDomainEvent [FAIL]</Text>
      </RunInfo>
      <RunInfo computerName="DESKTOP-GH65CIA" outcome="Error" timestamp="2026-01-26T16:29:44.6657478+01:00">
        <Text>[xUnit.net 00:00:14.05]     ShoppingProject.UnitTests.Application.Commands.UpdateProductCommandTests.Handle_ValidCommand_ShouldUpdateProduct [FAIL]</Text>
      </RunInfo>
      <RunInfo computerName="DESKTOP-GH65CIA" outcome="Error" timestamp="2026-01-26T16:29:44.9474436+01:00">
        <Text>[xUnit.net 00:00:14.33]     ShoppingProject.UnitTests.Application.Commands.DeleteProductCommandTests.Handle_ValidCommand_ShouldDeleteProduct [FAIL]</Text>
      </RunInfo>
      <RunInfo computerName="DESKTOP-GH65CIA" outcome="Error" timestamp="2026-01-26T16:29:50.6207928+01:00">
        <Text>[xUnit.net 00:00:20.01]     ShoppingProject.Tests.Infrastructure.RepositoryPatternIntegrationTests.SaveChangesAsync_PersistsChanges [FAIL]</Text>
      </RunInfo>
      <RunInfo computerName="DESKTOP-GH65CIA" outcome="Error" timestamp="2026-01-26T16:29:50.6298790+01:00">
        <Text>[xUnit.net 00:00:20.02]     ShoppingProject.Tests.Infrastructure.SpecificationPatternIntegrationTests.SearchProductsSpecification_SearchesAcrossMultipleProperties [FAIL]</Text>
      </RunInfo>
      <RunInfo computerName="DESKTOP-GH65CIA" outcome="Error" timestamp="2026-01-26T16:29:50.6378462+01:00">
        <Text>[xUnit.net 00:00:20.02]     ShoppingProject.Tests.Infrastructure.RepositoryPatternIntegrationTests.ListAsync_WithSpecification_Filters [FAIL]</Text>
      </RunInfo>
      <RunInfo computerName="DESKTOP-GH65CIA" outcome="Error" timestamp="2026-01-26T16:29:50.6744074+01:00">
        <Text>[xUnit.net 00:00:20.06]     ShoppingProject.Tests.Infrastructure.SpecificationPatternIntegrationTests.SearchProductsSpecification_FindsProductByDescription [FAIL]</Text>
      </RunInfo>
      <RunInfo computerName="DESKTOP-GH65CIA" outcome="Error" timestamp="2026-01-26T16:29:50.7272893+01:00">
        <Text>[xUnit.net 00:00:20.11]     ShoppingProject.UnitTests.IntegrationTests.AuditIntegrationTests.SaveEntity_Should_Publish_IAuditEvent [FAIL]</Text>
      </RunInfo>
      <RunInfo computerName="DESKTOP-GH65CIA" outcome="Error" timestamp="2026-01-26T16:29:50.7510569+01:00">
        <Text>[xUnit.net 00:00:20.14]     ShoppingProject.UnitTests.IntegrationTests.CacheIntegrationTests.GetValue_Should_Return_Value_When_Exists [FAIL]</Text>
      </RunInfo>
      <RunInfo computerName="DESKTOP-GH65CIA" outcome="Error" timestamp="2026-01-26T16:29:50.7532095+01:00">
        <Text>[xUnit.net 00:00:20.14]     ShoppingProject.UnitTests.IntegrationTests.IdentityIntegrationTests.UpdateUser_Should_Return_Success [FAIL]</Text>
      </RunInfo>
      <RunInfo computerName="DESKTOP-GH65CIA" outcome="Error" timestamp="2026-01-26T16:29:50.7586262+01:00">
        <Text>[xUnit.net 00:00:20.15]     ShoppingProject.Tests.Infrastructure.RepositoryPatternIntegrationTests.DeleteRangeAsync_WithSpecification [FAIL]</Text>
      </RunInfo>
      <RunInfo computerName="DESKTOP-GH65CIA" outcome="Error" timestamp="2026-01-26T16:29:50.7608039+01:00">
        <Text>[xUnit.net 00:00:20.15]     ShoppingProject.UnitTests.IntegrationTests.ProductsIntegrationTests.GetAllProducts_Should_Return_List [FAIL]</Text>
      </RunInfo>
      <RunInfo computerName="DESKTOP-GH65CIA" outcome="Error" timestamp="2026-01-26T16:29:50.7787884+01:00">
        <Text>[xUnit.net 00:00:20.16]     ShoppingProject.UnitTests.IntegrationTests.CartsIntegrationTests.GetCartById_Should_Return_Cart [FAIL]</Text>
      </RunInfo>
      <RunInfo computerName="DESKTOP-GH65CIA" outcome="Error" timestamp="2026-01-26T16:29:50.7789223+01:00">
        <Text>[xUnit.net 00:00:20.16]     ShoppingProject.Tests.Infrastructure.OutboxMessageStoreIntegrationTests.GetUnprocessedMessagesAsync_SkipsMessagesWithFutureRetryTime [FAIL]</Text>
      </RunInfo>
      <RunInfo computerName="DESKTOP-GH65CIA" outcome="Error" timestamp="2026-01-26T16:29:50.7944182+01:00">
        <Text>[xUnit.net 00:00:20.18]     ShoppingProject.UnitTests.IntegrationTests.CacheIntegrationTests.DeleteValue_Should_Return_OK [FAIL]</Text>
      </RunInfo>
      <RunInfo computerName="DESKTOP-GH65CIA" outcome="Error" timestamp="2026-01-26T16:29:50.7965519+01:00">
        <Text>[xUnit.net 00:00:20.18]     ShoppingProject.UnitTests.IntegrationTests.IdentityIntegrationTests.ForgotPassword_Should_Return_Success [FAIL]</Text>
      </RunInfo>
      <RunInfo computerName="DESKTOP-GH65CIA" outcome="Error" timestamp="2026-01-26T16:29:50.8012571+01:00">
        <Text>[xUnit.net 00:00:20.19]     ShoppingProject.UnitTests.IntegrationTests.CartsIntegrationTests.GetAllCarts_Should_Return_List [FAIL]</Text>
      </RunInfo>
      <RunInfo computerName="DESKTOP-GH65CIA" outcome="Error" timestamp="2026-01-26T16:29:50.8028189+01:00">
        <Text>[xUnit.net 00:00:20.19]     ShoppingProject.UnitTests.IntegrationTests.CacheIntegrationTests.SetValue_Should_Return_OK [FAIL]</Text>
      </RunInfo>
      <RunInfo computerName="DESKTOP-GH65CIA" outcome="Error" timestamp="2026-01-26T16:29:50.8088225+01:00">
        <Text>[xUnit.net 00:00:20.20]     ShoppingProject.UnitTests.IntegrationTests.ProductsIntegrationTests.GetProductById_Should_Return_Product [FAIL]</Text>
      </RunInfo>
      <RunInfo computerName="DESKTOP-GH65CIA" outcome="Error" timestamp="2026-01-26T16:29:50.8242837+01:00">
        <Text>[xUnit.net 00:00:20.21]     ShoppingProject.Tests.Infrastructure.SpecificationPatternIntegrationTests.SpecificationEvaluator_ReadsAsNoTracking [FAIL]</Text>
      </RunInfo>
      <RunInfo computerName="DESKTOP-GH65CIA" outcome="Error" timestamp="2026-01-26T16:29:50.8742521+01:00">
        <Text>[xUnit.net 00:00:20.22]     ShoppingProject.UnitTests.IntegrationTests.CacheIntegrationTests.GetValue_Should_Return_NotFound_When_NotExists [FAIL]</Text>
      </RunInfo>
      <RunInfo computerName="DESKTOP-GH65CIA" outcome="Error" timestamp="2026-01-26T16:29:50.8807435+01:00">
        <Text>[xUnit.net 00:00:20.27]     ShoppingProject.UnitTests.IntegrationTests.ProductsIntegrationTests.SearchProducts_Should_Return_Results [FAIL]</Text>
      </RunInfo>
      <RunInfo computerName="DESKTOP-GH65CIA" outcome="Error" timestamp="2026-01-26T16:29:50.8834414+01:00">
        <Text>[xUnit.net 00:00:20.27]     ShoppingProject.Tests.Infrastructure.OutboxMessageStoreIntegrationTests.CleanupProcessedMessagesAsync_RemovesOldProcessedMessages [FAIL]</Text>
      </RunInfo>
      <RunInfo computerName="DESKTOP-GH65CIA" outcome="Error" timestamp="2026-01-26T16:29:50.8888882+01:00">
        <Text>[xUnit.net 00:00:20.27]     ShoppingProject.UnitTests.IntegrationTests.IdentityIntegrationTests.ResetPassword_Should_Update_User_Password [FAIL]</Text>
      </RunInfo>
      <RunInfo computerName="DESKTOP-GH65CIA" outcome="Error" timestamp="2026-01-26T16:29:50.8929221+01:00">
        <Text>[xUnit.net 00:00:20.28]     ShoppingProject.Tests.Infrastructure.OutboxMessageStoreIntegrationTests.CleanupProcessedMessagesAsync_PreservesRecentMessages [FAIL]</Text>
      </RunInfo>
      <RunInfo computerName="DESKTOP-GH65CIA" outcome="Error" timestamp="2026-01-26T16:29:50.9063084+01:00">
        <Text>[xUnit.net 00:00:20.29]     ShoppingProject.Tests.Infrastructure.SpecificationPatternIntegrationTests.SearchSpecification_WithEmptySearchTerm_ReturnsAllProducts [FAIL]</Text>
      </RunInfo>
      <RunInfo computerName="DESKTOP-GH65CIA" outcome="Error" timestamp="2026-01-26T16:29:50.9133057+01:00">
        <Text>[xUnit.net 00:00:20.30]     ShoppingProject.UnitTests.IntegrationTests.CartsIntegrationTests.CreateCart_Should_Return_Success_When_Authorized [FAIL]</Text>
      </RunInfo>
      <RunInfo computerName="DESKTOP-GH65CIA" outcome="Error" timestamp="2026-01-26T16:29:50.9158728+01:00">
        <Text>[xUnit.net 00:00:20.30]     ShoppingProject.UnitTests.IntegrationTests.ProductsIntegrationTests.CreateProduct_Should_Return_Success_When_Authorized [FAIL]</Text>
      </RunInfo>
      <RunInfo computerName="DESKTOP-GH65CIA" outcome="Error" timestamp="2026-01-26T16:29:50.9433093+01:00">
        <Text>[xUnit.net 00:00:20.33]     ShoppingProject.UnitTests.IntegrationTests.IdentityIntegrationTests.RefreshToken_Should_Return_New_Tokens [FAIL]</Text>
      </RunInfo>
      <RunInfo computerName="DESKTOP-GH65CIA" outcome="Error" timestamp="2026-01-26T16:29:50.9467455+01:00">
        <Text>[xUnit.net 00:00:20.33]     ShoppingProject.UnitTests.IntegrationTests.CartsIntegrationTests.UpdateCart_Should_Return_Success_When_Authorized [FAIL]</Text>
      </RunInfo>
      <RunInfo computerName="DESKTOP-GH65CIA" outcome="Error" timestamp="2026-01-26T16:29:50.9850011+01:00">
        <Text>[xUnit.net 00:00:20.37]     ShoppingProject.UnitTests.IntegrationTests.IdentityIntegrationTests.Register_Then_Login_Should_Return_Token [FAIL]</Text>
      </RunInfo>
      <RunInfo computerName="DESKTOP-GH65CIA" outcome="Error" timestamp="2026-01-26T16:29:50.9931606+01:00">
        <Text>[xUnit.net 00:00:20.38]     ShoppingProject.UnitTests.IntegrationTests.CartsIntegrationTests.DeleteCart_Should_Return_Success_When_Authorized [FAIL]</Text>
      </RunInfo>
      <RunInfo computerName="DESKTOP-GH65CIA" outcome="Error" timestamp="2026-01-26T16:29:52.6158877+01:00">
        <Text>[xUnit.net 00:00:22.00]     ShoppingProject.UnitTests.Architecture.ArchitectureTests.Services_Should_HaveCorrectNaming [FAIL]</Text>
      </RunInfo>
      <RunInfo computerName="DESKTOP-GH65CIA" outcome="Error" timestamp="2026-01-26T16:29:53.0289331+01:00">
        <Text>[xUnit.net 00:00:22.42]     ShoppingProject.UnitTests.Architecture.ArchitectureTests.Application_Should_Not_Reference_EntityFrameworkCore [FAIL]</Text>
      </RunInfo>
      <RunInfo computerName="DESKTOP-GH65CIA" outcome="Error" timestamp="2026-01-26T16:29:54.2756479+01:00">
        <Text>[xUnit.net 00:00:23.66]     ShoppingProject.UnitTests.Architecture.ArchitectureTests.Repositories_Should_HaveCorrectNaming [FAIL]</Text>
      </RunInfo>
      <RunInfo computerName="DESKTOP-GH65CIA" outcome="Error" timestamp="2026-01-26T16:29:54.2830857+01:00">
        <Text>[xUnit.net 00:00:23.67]     ShoppingProject.UnitTests.Architecture.ArchitectureTests.Repositories_Should_ResideIn_RepositoriesNamespace [FAIL]</Text>
      </RunInfo>
      <RunInfo computerName="DESKTOP-GH65CIA" outcome="Error" timestamp="2026-01-26T16:29:54.2962968+01:00">
        <Text>[xUnit.net 00:00:23.68]     ShoppingProject.UnitTests.Architecture.ArchitectureTests.Domain_Entities_Should_BeSealed_Or_Abstract [FAIL]</Text>
      </RunInfo>
    </RunInfos>
  </ResultSummary>
</TestRun>