<?xml version="1.0" encoding="utf-8"?>
<TestRun id="028f50e4-a837-4f93-b7b0-97f0f10ce214" name="hp@DESKTOP-GH65CIA 2026-01-26 16:33:33" runUser="DESKTOP-GH65CIA\hp" xmlns="http://microsoft.com/schemas/VisualStudio/TeamTest/2010">
  <Times creation="2026-01-26T16:33:33.2013906+01:00" queuing="2026-01-26T16:33:33.2013913+01:00" start="2026-01-26T16:33:31.5580928+01:00" finish="2026-01-26T16:33:35.9718439+01:00" />
  <TestSettings name="default" id="e2d84939-bba3-41ab-aa3b-dcf516694f80">
    <Deployment runDeploymentRoot="hp_DESKTOP-GH65CIA_2026-01-26_16_33_33" />
  </TestSettings>
  <Results>
    <UnitTestResult executionId="e24e6f8b-a86c-4389-aca0-60928c171097" testId="f87d3d10-d504-44cb-7b71-20875e0060a2" testName="ShoppingProject.UnitTests.Infrastructure.Authorization.ResourceOwnerRequirementHandlerTests.HandleRequirementAsync_AdministratorRole_Succeeds" computerName="DESKTOP-GH65CIA" duration="00:00:00.0028772" startTime="2026-01-26T16:33:33.9059560+01:00" endTime="2026-01-26T16:33:33.9059561+01:00" testType="13cdc9d9-ddb5-4fa4-a97d-d965ccfc6d4b" outcome="Passed" testListId="8c84fa94-04c1-424b-9868-57a2d4851a1d" relativeResultsDirectory="e24e6f8b-a86c-4389-aca0-60928c171097" />
    <UnitTestResult executionId="f8617ab5-f02a-4356-9f3a-ce7a44d5b2cd" testId="5b9a50f4-8b65-9cc4-142c-ad9ff14f650d" testName="ShoppingProject.UnitTests.Application.Commands.DeleteProductCommandTests.Handle_NonExistentProduct_ShouldThrowNotFoundException" computerName="DESKTOP-GH65CIA" duration="00:00:00.0048706" startTime="2026-01-26T16:33:33.9407473+01:00" endTime="2026-01-26T16:33:33.9407477+01:00" testType="13cdc9d9-ddb5-4fa4-a97d-d965ccfc6d4b" outcome="Passed" testListId="8c84fa94-04c1-424b-9868-57a2d4851a1d" relativeResultsDirectory="f8617ab5-f02a-4356-9f3a-ce7a44d5b2cd" />
    <UnitTestResult executionId="4e21979f-b7bf-45da-89f3-fe580a22991e" testId="595018bf-c061-c82b-3ef9-76ca58c70e43" testName="ShoppingProject.UnitTests.IntegrationTests.ProductsIntegrationTests.SearchProducts_Should_Return_Results" computerName="DESKTOP-GH65CIA" duration="00:00:00.0010000" startTime="2026-01-26T16:33:33.1488330+01:00" endTime="2026-01-26T16:33:33.1488333+01:00" testType="13cdc9d9-ddb5-4fa4-a97d-d965ccfc6d4b" outcome="Failed" testListId="8c84fa94-04c1-424b-9868-57a2d4851a1d" relativeResultsDirectory="4e21979f-b7bf-45da-89f3-fe580a22991e">
      <Output>
        <ErrorInfo>
          <Message>System.UriFormatException : Invalid URI: The hostname could not be parsed.</Message>
          <StackTrace>   at System.Uri.CreateThis(String uri, Boolean dontEscape, UriKind uriKind, UriCreationOptions&amp; creationOptions)&#xD;
   at System.Uri..ctor(String uriString)&#xD;
   at Program.&lt;Main&gt;$(String[] args) in O:\Projets\pipeline_azure\src\Presentation\API\Program.cs:line 19&#xD;
   at Program.&lt;Main&gt;(String[] args)&#xD;
   at InvokeStub_Program.&lt;Main&gt;(Object, Span`1)&#xD;
   at System.Reflection.MethodBaseInvoker.InvokeWithOneArg(Object obj, BindingFlags invokeAttr, Binder binder, Object[] parameters, CultureInfo culture)&#xD;
--- End of stack trace from previous location ---&#xD;
   at Microsoft.Extensions.Hosting.HostFactoryResolver.HostingListener.CreateHost()&#xD;
   at Microsoft.Extensions.Hosting.HostFactoryResolver.&lt;&gt;c__DisplayClass10_0.&lt;ResolveHostFactory&gt;b__0(String[] args)&#xD;
   at Microsoft.AspNetCore.Mvc.Testing.DeferredHostBuilder.Build()&#xD;
   at Microsoft.AspNetCore.Mvc.Testing.WebApplicationFactory`1.CreateHost(IHostBuilder builder)&#xD;
   at ShoppingProject.Tests.Infrastructure.CustomWebApplicationFactory.CreateHost(IHostBuilder builder) in O:\Projets\pipeline_azure\src\Tests\Infrastructure\CustomWebApplicationFactory.cs:line 94&#xD;
   at Microsoft.AspNetCore.Mvc.Testing.WebApplicationFactory`1.ConfigureHostBuilder(IHostBuilder hostBuilder)&#xD;
   at Microsoft.AspNetCore.Mvc.Testing.WebApplicationFactory`1.EnsureServer()&#xD;
   at Microsoft.AspNetCore.Mvc.Testing.WebApplicationFactory`1.CreateDefaultClient(DelegatingHandler[] handlers)&#xD;
   at Microsoft.AspNetCore.Mvc.Testing.WebApplicationFactory`1.CreateDefaultClient(Uri baseAddress, DelegatingHandler[] handlers)&#xD;
   at Microsoft.AspNetCore.Mvc.Testing.WebApplicationFactory`1.CreateClient(WebApplicationFactoryClientOptions options)&#xD;
   at Microsoft.AspNetCore.Mvc.Testing.WebApplicationFactory`1.CreateClient()&#xD;
   at ShoppingProject.UnitTests.IntegrationTests.ProductsIntegrationTests..ctor(CustomWebApplicationFactory factory) in O:\Projets\pipeline_azure\src\Tests\IntegrationTests\ProductsIntegrationTests.cs:line 19&#xD;
   at InvokeStub_ProductsIntegrationTests..ctor(Object, Span`1)&#xD;
   at System.Reflection.MethodBaseInvoker.InvokeWithOneArg(Object obj, BindingFlags invokeAttr, Binder binder, Object[] parameters, CultureInfo culture)</StackTrace>
        </ErrorInfo>
      </Output>
    </UnitTestResult>
    <UnitTestResult executionId="2325caa2-b019-4d3b-bdb3-9a006331fbf8" testId="8438f0a5-561f-7ed6-018e-986efc117d06" testName="ShoppingProject.UnitTests.Architecture.ArchitectureTests.Domain_Entities_Should_BeSealed_Or_Abstract" computerName="DESKTOP-GH65CIA" duration="00:00:00.0054887" startTime="2026-01-26T16:33:34.4276632+01:00" endTime="2026-01-26T16:33:34.4276636+01:00" testType="13cdc9d9-ddb5-4fa4-a97d-d965ccfc6d4b" outcome="Failed" testListId="8c84fa94-04c1-424b-9868-57a2d4851a1d" relativeResultsDirectory="2325caa2-b019-4d3b-bdb3-9a006331fbf8">
      <Output>
        <ErrorInfo>
          <Message>All domain entities should be sealed or abstract to prevent unintended inheritance</Message>
          <StackTrace>   at ShoppingProject.UnitTests.Architecture.ArchitectureTests.Domain_Entities_Should_BeSealed_Or_Abstract() in O:\Projets\pipeline_azure\src\Tests\Architecture\ArchitectureTests.cs:line 128&#xD;
   at System.Reflection.MethodBaseInvoker.InterpretedInvoke_Method(Object obj, IntPtr* args)&#xD;
   at System.Reflection.MethodBaseInvoker.InvokeWithNoArgs(Object obj, BindingFlags invokeAttr)</StackTrace>
        </ErrorInfo>
      </Output>
    </UnitTestResult>
    <UnitTestResult executionId="a31f8c07-8fc8-4da1-ac55-555348b0b0a0" testId="0cd93bc7-99a0-a5d2-2ad7-10557d38d4fb" testName="ShoppingProject.UnitTests.Presentation.Controllers.ProductsControllerAuthorizationTests.GetAllForAdmin_HasAuthorizeAttribute" computerName="DESKTOP-GH65CIA" duration="00:00:00.0179713" startTime="2026-01-26T16:33:34.0362108+01:00" endTime="2026-01-26T16:33:34.0362114+01:00" testType="13cdc9d9-ddb5-4fa4-a97d-d965ccfc6d4b" outcome="Passed" testListId="8c84fa94-04c1-424b-9868-57a2d4851a1d" relativeResultsDirectory="a31f8c07-8fc8-4da1-ac55-555348b0b0a0" />
    <UnitTestResult executionId="ae171eac-cd4b-4a5b-8630-d8b82707521d" testId="528df5fb-d586-b82c-5680-6577dabc0106" testName="ShoppingProject.UnitTests.Application.QueryableExtensionsTests.ToDynamic_ShouldFilterAndSort" computerName="DESKTOP-GH65CIA" duration="00:00:00.0825556" startTime="2026-01-26T16:33:34.4278629+01:00" endTime="2026-01-26T16:33:34.4278630+01:00" testType="13cdc9d9-ddb5-4fa4-a97d-d965ccfc6d4b" outcome="Passed" testListId="8c84fa94-04c1-424b-9868-57a2d4851a1d" relativeResultsDirectory="ae171eac-cd4b-4a5b-8630-d8b82707521d" />
    <UnitTestResult executionId="5a8c3032-35e5-4e4d-a363-9b49a11771a6" testId="af85f99c-9020-5a98-1f6a-e657fd871163" testName="ShoppingProject.UnitTests.Domain.CartTests.Cart_ShouldHaveIdProperty" computerName="DESKTOP-GH65CIA" duration="00:00:00.0003896" startTime="2026-01-26T16:33:33.4402865+01:00" endTime="2026-01-26T16:33:33.4402868+01:00" testType="13cdc9d9-ddb5-4fa4-a97d-d965ccfc6d4b" outcome="Passed" testListId="8c84fa94-04c1-424b-9868-57a2d4851a1d" relativeResultsDirectory="5a8c3032-35e5-4e4d-a363-9b49a11771a6" />
    <UnitTestResult executionId="c5b06e0a-d0ee-4710-b3f1-081a39a623d9" testId="1c42a015-8eff-8227-e303-20b1f82212f8" testName="ShoppingProject.UnitTests.IntegrationTests.CacheIntegrationTests.DeleteValue_Should_Return_OK" computerName="DESKTOP-GH65CIA" duration="00:00:00.0010000" startTime="2026-01-26T16:33:33.1248759+01:00" endTime="2026-01-26T16:33:33.1248764+01:00" testType="13cdc9d9-ddb5-4fa4-a97d-d965ccfc6d4b" outcome="Failed" testListId="8c84fa94-04c1-424b-9868-57a2d4851a1d" relativeResultsDirectory="c5b06e0a-d0ee-4710-b3f1-081a39a623d9">
      <Output>
        <ErrorInfo>
          <Message>System.UriFormatException : Invalid URI: The hostname could not be parsed.</Message>
          <StackTrace>   at System.Uri.CreateThis(String uri, Boolean dontEscape, UriKind uriKind, UriCreationOptions&amp; creationOptions)&#xD;
   at System.Uri..ctor(String uriString)&#xD;
   at Program.&lt;Main&gt;$(String[] args) in O:\Projets\pipeline_azure\src\Presentation\API\Program.cs:line 19&#xD;
   at Program.&lt;Main&gt;(String[] args)&#xD;
   at InvokeStub_Program.&lt;Main&gt;(Object, Span`1)&#xD;
   at System.Reflection.MethodBaseInvoker.InvokeWithOneArg(Object obj, BindingFlags invokeAttr, Binder binder, Object[] parameters, CultureInfo culture)&#xD;
--- End of stack trace from previous location ---&#xD;
   at Microsoft.Extensions.Hosting.HostFactoryResolver.HostingListener.CreateHost()&#xD;
   at Microsoft.Extensions.Hosting.HostFactoryResolver.&lt;&gt;c__DisplayClass10_0.&lt;ResolveHostFactory&gt;b__0(String[] args)&#xD;
   at Microsoft.AspNetCore.Mvc.Testing.DeferredHostBuilder.Build()&#xD;
   at Microsoft.AspNetCore.Mvc.Testing.WebApplicationFactory`1.CreateHost(IHostBuilder builder)&#xD;
   at ShoppingProject.Tests.Infrastructure.CustomWebApplicationFactory.CreateHost(IHostBuilder builder) in O:\Projets\pipeline_azure\src\Tests\Infrastructure\CustomWebApplicationFactory.cs:line 94&#xD;
   at Microsoft.AspNetCore.Mvc.Testing.WebApplicationFactory`1.ConfigureHostBuilder(IHostBuilder hostBuilder)&#xD;
   at Microsoft.AspNetCore.Mvc.Testing.WebApplicationFactory`1.EnsureServer()&#xD;
   at Microsoft.AspNetCore.Mvc.Testing.WebApplicationFactory`1.CreateDefaultClient(DelegatingHandler[] handlers)&#xD;
   at Microsoft.AspNetCore.Mvc.Testing.WebApplicationFactory`1.CreateDefaultClient(Uri baseAddress, DelegatingHandler[] handlers)&#xD;
   at Microsoft.AspNetCore.Mvc.Testing.WebApplicationFactory`1.CreateClient(WebApplicationFactoryClientOptions options)&#xD;
   at Microsoft.AspNetCore.Mvc.Testing.WebApplicationFactory`1.CreateClient()&#xD;
   at ShoppingProject.UnitTests.IntegrationTests.CacheIntegrationTests..ctor(CustomWebApplicationFactory factory) in O:\Projets\pipeline_azure\src\Tests\IntegrationTests\CacheIntegrationTests.cs:line 16&#xD;
   at InvokeStub_CacheIntegrationTests..ctor(Object, Span`1)&#xD;
   at System.Reflection.MethodBaseInvoker.InvokeWithOneArg(Object obj, BindingFlags invokeAttr, Binder binder, Object[] parameters, CultureInfo culture)</StackTrace>
        </ErrorInfo>
      </Output>
    </UnitTestResult>
    <UnitTestResult executionId="e019758c-4b96-4113-84c6-82314d381982" testId="6ed1fcf9-fd57-7e6b-9a0e-c214cc18b9ce" testName="ShoppingProject.UnitTests.Presentation.Controllers.IdentityControllerAuthorizationTests.UpdateMe_HasAuthorizeAttribute" computerName="DESKTOP-GH65CIA" duration="00:00:00.0003823" startTime="2026-01-26T16:33:33.9994511+01:00" endTime="2026-01-26T16:33:33.9994513+01:00" testType="13cdc9d9-ddb5-4fa4-a97d-d965ccfc6d4b" outcome="Passed" testListId="8c84fa94-04c1-424b-9868-57a2d4851a1d" relativeResultsDirectory="e019758c-4b96-4113-84c6-82314d381982" />
    <UnitTestResult executionId="63bbc2fb-ee03-4b72-a387-ead7cee2b258" testId="a7410229-a051-399d-b129-9a45f51b4a84" testName="ShoppingProject.UnitTests.Presentation.Controllers.CacheControllerAuthorizationTests.Delete_InheritsControllerAuthorization" computerName="DESKTOP-GH65CIA" duration="00:00:00.0014836" startTime="2026-01-26T16:33:33.4555988+01:00" endTime="2026-01-26T16:33:33.4555995+01:00" testType="13cdc9d9-ddb5-4fa4-a97d-d965ccfc6d4b" outcome="Passed" testListId="8c84fa94-04c1-424b-9868-57a2d4851a1d" relativeResultsDirectory="63bbc2fb-ee03-4b72-a387-ead7cee2b258" />
    <UnitTestResult executionId="e5aa9d5f-464c-48be-9276-7ed7d2fbede6" testId="28358a01-ac59-119b-197b-b8a75dda0b29" testName="ShoppingProject.UnitTests.Domain.ProductTests.CreateProduct_DefaultRating_ShouldBeInitialized" computerName="DESKTOP-GH65CIA" duration="00:00:00.0006256" startTime="2026-01-26T16:33:33.9726197+01:00" endTime="2026-01-26T16:33:33.9726198+01:00" testType="13cdc9d9-ddb5-4fa4-a97d-d965ccfc6d4b" outcome="Passed" testListId="8c84fa94-04c1-424b-9868-57a2d4851a1d" relativeResultsDirectory="e5aa9d5f-464c-48be-9276-7ed7d2fbede6" />
    <UnitTestResult executionId="88ed3f45-e92d-40f5-b253-7eeab3c79eb5" testId="e35092ce-57df-3027-83e7-5bb343d2861e" testName="ShoppingProject.Tests.Infrastructure.SpecificationPatternIntegrationTests.ProductsByCategorySpecification_FiltersByCategory" computerName="DESKTOP-GH65CIA" duration="00:00:00.0079761" startTime="2026-01-26T16:33:35.7786534+01:00" endTime="2026-01-26T16:33:35.7786540+01:00" testType="13cdc9d9-ddb5-4fa4-a97d-d965ccfc6d4b" outcome="Passed" testListId="8c84fa94-04c1-424b-9868-57a2d4851a1d" relativeResultsDirectory="88ed3f45-e92d-40f5-b253-7eeab3c79eb5" />
    <UnitTestResult executionId="3d818947-bf14-4d14-9208-028b8cbdd6a7" testId="0aa1d1ff-182d-e0ca-6ffc-8bed25468f3f" testName="ShoppingProject.UnitTests.Presentation.Controllers.CartsControllerAuthorizationTests.GetById_HasAuthorizeAttribute" computerName="DESKTOP-GH65CIA" duration="00:00:00.0004504" startTime="2026-01-26T16:33:34.0142111+01:00" endTime="2026-01-26T16:33:34.0142112+01:00" testType="13cdc9d9-ddb5-4fa4-a97d-d965ccfc6d4b" outcome="Passed" testListId="8c84fa94-04c1-424b-9868-57a2d4851a1d" relativeResultsDirectory="3d818947-bf14-4d14-9208-028b8cbdd6a7" />
    <UnitTestResult executionId="fc00d4d0-ef23-4c32-8337-d51ac4d661c7" testId="e54c4747-b589-1804-b4f8-2124d36eaf6c" testName="ShoppingProject.UnitTests.Application.Validators.CreateProductCommandValidatorTests.Validate_ValidCommand_ShouldNotHaveValidationErrors" computerName="DESKTOP-GH65CIA" duration="00:00:00.2068760" startTime="2026-01-26T16:33:33.5313119+01:00" endTime="2026-01-26T16:33:33.5313125+01:00" testType="13cdc9d9-ddb5-4fa4-a97d-d965ccfc6d4b" outcome="Passed" testListId="8c84fa94-04c1-424b-9868-57a2d4851a1d" relativeResultsDirectory="fc00d4d0-ef23-4c32-8337-d51ac4d661c7" />
    <UnitTestResult executionId="3558e8d1-1113-49da-9f51-1af84f3dc1ba" testId="d7a53b75-4f88-4dbd-f779-b0bd805d15f9" testName="ShoppingProject.Tests.Infrastructure.RepositoryPatternIntegrationTests.ListAsync_WithSpecification_Filters" computerName="DESKTOP-GH65CIA" duration="00:00:00.0135175" startTime="2026-01-26T16:33:35.5535576+01:00" endTime="2026-01-26T16:33:35.5535583+01:00" testType="13cdc9d9-ddb5-4fa4-a97d-d965ccfc6d4b" outcome="Failed" testListId="8c84fa94-04c1-424b-9868-57a2d4851a1d" relativeResultsDirectory="3558e8d1-1113-49da-9f51-1af84f3dc1ba">
      <Output>
        <ErrorInfo>
          <Message>Expected active to contain 2 item(s), but found 3: &#xD;
{&#xD;
    ShoppingProject.Domain.Entities.Product&#xD;
    {&#xD;
        Category = "Cat", &#xD;
        Created = &lt;0001-01-01 00:00:00.000&gt;, &#xD;
        CreatedBy = &lt;null&gt;, &#xD;
        Description = "Desc", &#xD;
        {&#xD;
        DomainEvents = ShoppingProject.Domain.Events.ProductCreatedEvent&#xD;
            {&#xD;
                Item = {Cyclic reference to type ShoppingProject.Domain.Entities.Product detected}, &#xD;
                OccurredOnUtc = &lt;2026-01-26 15:33:35.5351019 +0h&gt;&#xD;
                    }&#xD;
        }, &#xD;
        Id = 1, &#xD;
        Image = "https://img1.jpg", &#xD;
        LastModified = &lt;0001-01-01 00:00:00.000&gt;, &#xD;
        LastModifiedBy = &lt;null&gt;, &#xD;
        Price = 10M, &#xD;
        Rating = ShoppingProject.Domain.ValueObjects.Rating&#xD;
        {&#xD;
            Count = 0, &#xD;
            Rate = 0.0&#xD;
        }, &#xD;
        Status = EntityStatus.Active {value: 1}, &#xD;
        Title = "Active 1"&#xD;
    }, &#xD;
    ShoppingProject.Domain.Entities.Product&#xD;
    {&#xD;
        Category = "Cat", &#xD;
        Created = &lt;0001-01-01 00:00:00.000&gt;, &#xD;
        CreatedBy = &lt;null&gt;, &#xD;
        Description = "Desc", &#xD;
        DomainEvents = ShoppingProject.Domain.Events.ProductCreatedEvent&#xD;
        {&#xD;
            {&#xD;
                Item = {Cyclic reference to type ShoppingProject.Domain.Entities.Product detected}, &#xD;
                OccurredOnUtc = &lt;2026-01-26 15:33:35.5365457 +0h&gt;&#xD;
            }&#xD;
        }, &#xD;
        Id = 3, &#xD;
        Image = "https://img3.jpg", &#xD;
        LastModified = &lt;0001-01-01 00:00:00.000&gt;, &#xD;
        LastModifiedBy = &lt;null&gt;, &#xD;
        Price = 20M, &#xD;
        Rating = ShoppingProject.Domain.ValueObjects.Rating&#xD;
        {&#xD;
            Count = 0, &#xD;
            Rate = 0.0&#xD;
        }, &#xD;
        Status = EntityStatus.Active {value: 1}, &#xD;
        Title = "Active 2"&#xD;
    }, &#xD;
    ShoppingProject.Domain.Entities.Product&#xD;
    {&#xD;
        Category = "Cat", &#xD;
        Created = &lt;0001-01-01 00:00:00.000&gt;, &#xD;
        CreatedBy = &lt;null&gt;, &#xD;
        Description = "Desc", &#xD;
        DomainEvents = ShoppingProject.Domain.Events.ProductCreatedEvent&#xD;
        {&#xD;
            {&#xD;
                Item = {Cyclic reference to type ShoppingProject.Domain.Entities.Product detected}, &#xD;
                OccurredOnUtc = &lt;2026-01-26 15:33:35.5360919 +0h&gt;&#xD;
            }&#xD;
        }, &#xD;
        Id = 2, &#xD;
        Image = "https://img2.jpg", &#xD;
        LastModified = &lt;0001-01-01 00:00:00.000&gt;, &#xD;
        LastModifiedBy = &lt;null&gt;, &#xD;
        Price = 0M, &#xD;
        Rating = ShoppingProject.Domain.ValueObjects.Rating&#xD;
        {&#xD;
            Count = 0, &#xD;
            Rate = 0.0&#xD;
        }, &#xD;
        Status = EntityStatus.Active {value: 1}, &#xD;
        Title = "Inactive"&#xD;
    }&#xD;
}.</Message>
          <StackTrace>   at FluentAssertions.Execution.LateBoundTestFramework.Throw(String message)&#xD;
   at FluentAssertions.Execution.TestFrameworkProvider.Throw(String message)&#xD;
   at FluentAssertions.Execution.DefaultAssertionStrategy.HandleFailure(String message)&#xD;
   at FluentAssertions.Execution.AssertionScope.FailWith(Func`1 failReasonFunc)&#xD;
   at FluentAssertions.Execution.AssertionScope.FailWith(Func`1 failReasonFunc)&#xD;
   at FluentAssertions.Execution.AssertionScope.FailWith(String message, Object[] args)&#xD;
   at FluentAssertions.Collections.GenericCollectionAssertions`3.HaveCount(Int32 expected, String because, Object[] becauseArgs)&#xD;
   at ShoppingProject.Tests.Infrastructure.RepositoryPatternIntegrationTests.ListAsync_WithSpecification_Filters() in O:\Projets\pipeline_azure\src\Tests\Infrastructure\RepositoryPatternIntegrationTests.cs:line 163&#xD;
--- End of stack trace from previous location ---</StackTrace>
        </ErrorInfo>
      </Output>
    </UnitTestResult>
    <UnitTestResult executionId="55f8ac0b-e6c2-4e08-bfe2-21bc8d5f8098" testId="9c2457af-f7c6-6c69-ba66-f2c856a2a449" testName="ShoppingProject.UnitTests.IntegrationTests.CartsIntegrationTests.DeleteCart_Should_Return_Success_When_Authorized" computerName="DESKTOP-GH65CIA" duration="00:00:00.0010000" startTime="2026-01-26T16:33:34.0303145+01:00" endTime="2026-01-26T16:33:34.0303149+01:00" testType="13cdc9d9-ddb5-4fa4-a97d-d965ccfc6d4b" outcome="Failed" testListId="8c84fa94-04c1-424b-9868-57a2d4851a1d" relativeResultsDirectory="55f8ac0b-e6c2-4e08-bfe2-21bc8d5f8098">
      <Output>
        <ErrorInfo>
          <Message>System.UriFormatException : Invalid URI: The hostname could not be parsed.</Message>
          <StackTrace>   at System.Uri.CreateThis(String uri, Boolean dontEscape, UriKind uriKind, UriCreationOptions&amp; creationOptions)&#xD;
   at System.Uri..ctor(String uriString)&#xD;
   at Program.&lt;Main&gt;$(String[] args) in O:\Projets\pipeline_azure\src\Presentation\API\Program.cs:line 19&#xD;
   at Program.&lt;Main&gt;(String[] args)&#xD;
   at InvokeStub_Program.&lt;Main&gt;(Object, Span`1)&#xD;
   at System.Reflection.MethodBaseInvoker.InvokeWithOneArg(Object obj, BindingFlags invokeAttr, Binder binder, Object[] parameters, CultureInfo culture)&#xD;
--- End of stack trace from previous location ---&#xD;
   at Microsoft.Extensions.Hosting.HostFactoryResolver.HostingListener.CreateHost()&#xD;
   at Microsoft.Extensions.Hosting.HostFactoryResolver.&lt;&gt;c__DisplayClass10_0.&lt;ResolveHostFactory&gt;b__0(String[] args)&#xD;
   at Microsoft.AspNetCore.Mvc.Testing.DeferredHostBuilder.Build()&#xD;
   at Microsoft.AspNetCore.Mvc.Testing.WebApplicationFactory`1.CreateHost(IHostBuilder builder)&#xD;
   at ShoppingProject.Tests.Infrastructure.CustomWebApplicationFactory.CreateHost(IHostBuilder builder) in O:\Projets\pipeline_azure\src\Tests\Infrastructure\CustomWebApplicationFactory.cs:line 94&#xD;
   at Microsoft.AspNetCore.Mvc.Testing.WebApplicationFactory`1.ConfigureHostBuilder(IHostBuilder hostBuilder)&#xD;
   at Microsoft.AspNetCore.Mvc.Testing.WebApplicationFactory`1.EnsureServer()&#xD;
   at Microsoft.AspNetCore.Mvc.Testing.WebApplicationFactory`1.CreateDefaultClient(DelegatingHandler[] handlers)&#xD;
   at Microsoft.AspNetCore.Mvc.Testing.WebApplicationFactory`1.CreateDefaultClient(Uri baseAddress, DelegatingHandler[] handlers)&#xD;
   at Microsoft.AspNetCore.Mvc.Testing.WebApplicationFactory`1.CreateClient(WebApplicationFactoryClientOptions options)&#xD;
   at Microsoft.AspNetCore.Mvc.Testing.WebApplicationFactory`1.CreateClient()&#xD;
   at ShoppingProject.UnitTests.IntegrationTests.CartsIntegrationTests..ctor(CustomWebApplicationFactory factory, ITestOutputHelper output) in O:\Projets\pipeline_azure\src\Tests\IntegrationTests\CartsIntegrationTests.cs:line 19&#xD;
   at InvokeStub_CartsIntegrationTests..ctor(Object, Span`1)&#xD;
   at System.Reflection.MethodBaseInvoker.InvokeWithFewArgs(Object obj, BindingFlags invokeAttr, Binder binder, Object[] parameters, CultureInfo culture)</StackTrace>
        </ErrorInfo>
      </Output>
    </UnitTestResult>
    <UnitTestResult executionId="a8d33cf4-908a-45c1-9286-1755c24c25bf" testId="11523362-aa4c-7aca-0821-3e182428c5af" testName="ShoppingProject.UnitTests.Application.Commands.UpdateProductCommandTests.Handle_NullValues_ShouldKeepExistingValues" computerName="DESKTOP-GH65CIA" duration="00:00:00.0588175" startTime="2026-01-26T16:33:33.9046723+01:00" endTime="2026-01-26T16:33:33.9046724+01:00" testType="13cdc9d9-ddb5-4fa4-a97d-d965ccfc6d4b" outcome="Passed" testListId="8c84fa94-04c1-424b-9868-57a2d4851a1d" relativeResultsDirectory="a8d33cf4-908a-45c1-9286-1755c24c25bf" />
    <UnitTestResult executionId="b5245e63-0258-41e4-bcb5-f31d5e7d6995" testId="7d7b6eb1-f668-d72c-d1d8-cf6ad8fc762a" testName="ShoppingProject.Tests.Infrastructure.RepositoryPatternIntegrationTests.CountAsync_ReturnsCorrectCount" computerName="DESKTOP-GH65CIA" duration="00:00:00.0061290" startTime="2026-01-26T16:33:35.5203860+01:00" endTime="2026-01-26T16:33:35.5203865+01:00" testType="13cdc9d9-ddb5-4fa4-a97d-d965ccfc6d4b" outcome="Passed" testListId="8c84fa94-04c1-424b-9868-57a2d4851a1d" relativeResultsDirectory="b5245e63-0258-41e4-bcb5-f31d5e7d6995" />
    <UnitTestResult executionId="df794b9b-7ac4-4895-8cbc-e9865de4d971" testId="bd5bd075-0766-1b93-26e9-75fb9fac5c8e" testName="ShoppingProject.UnitTests.IntegrationTests.CartsIntegrationTests.GetAllCarts_Should_Return_List" computerName="DESKTOP-GH65CIA" duration="00:00:00.0010000" startTime="2026-01-26T16:33:33.5802188+01:00" endTime="2026-01-26T16:33:33.5802196+01:00" testType="13cdc9d9-ddb5-4fa4-a97d-d965ccfc6d4b" outcome="Failed" testListId="8c84fa94-04c1-424b-9868-57a2d4851a1d" relativeResultsDirectory="df794b9b-7ac4-4895-8cbc-e9865de4d971">
      <Output>
        <ErrorInfo>
          <Message>System.UriFormatException : Invalid URI: The hostname could not be parsed.</Message>
          <StackTrace>   at System.Uri.CreateThis(String uri, Boolean dontEscape, UriKind uriKind, UriCreationOptions&amp; creationOptions)&#xD;
   at System.Uri..ctor(String uriString)&#xD;
   at Program.&lt;Main&gt;$(String[] args) in O:\Projets\pipeline_azure\src\Presentation\API\Program.cs:line 19&#xD;
   at Program.&lt;Main&gt;(String[] args)&#xD;
   at InvokeStub_Program.&lt;Main&gt;(Object, Span`1)&#xD;
   at System.Reflection.MethodBaseInvoker.InvokeWithOneArg(Object obj, BindingFlags invokeAttr, Binder binder, Object[] parameters, CultureInfo culture)&#xD;
--- End of stack trace from previous location ---&#xD;
   at Microsoft.Extensions.Hosting.HostFactoryResolver.HostingListener.CreateHost()&#xD;
   at Microsoft.Extensions.Hosting.HostFactoryResolver.&lt;&gt;c__DisplayClass10_0.&lt;ResolveHostFactory&gt;b__0(String[] args)&#xD;
   at Microsoft.AspNetCore.Mvc.Testing.DeferredHostBuilder.Build()&#xD;
   at Microsoft.AspNetCore.Mvc.Testing.WebApplicationFactory`1.CreateHost(IHostBuilder builder)&#xD;
   at ShoppingProject.Tests.Infrastructure.CustomWebApplicationFactory.CreateHost(IHostBuilder builder) in O:\Projets\pipeline_azure\src\Tests\Infrastructure\CustomWebApplicationFactory.cs:line 94&#xD;
   at Microsoft.AspNetCore.Mvc.Testing.WebApplicationFactory`1.ConfigureHostBuilder(IHostBuilder hostBuilder)&#xD;
   at Microsoft.AspNetCore.Mvc.Testing.WebApplicationFactory`1.EnsureServer()&#xD;
   at Microsoft.AspNetCore.Mvc.Testing.WebApplicationFactory`1.CreateDefaultClient(DelegatingHandler[] handlers)&#xD;
   at Microsoft.AspNetCore.Mvc.Testing.WebApplicationFactory`1.CreateDefaultClient(Uri baseAddress, DelegatingHandler[] handlers)&#xD;
   at Microsoft.AspNetCore.Mvc.Testing.WebApplicationFactory`1.CreateClient(WebApplicationFactoryClientOptions options)&#xD;
   at Microsoft.AspNetCore.Mvc.Testing.WebApplicationFactory`1.CreateClient()&#xD;
   at ShoppingProject.UnitTests.IntegrationTests.CartsIntegrationTests..ctor(CustomWebApplicationFactory factory, ITestOutputHelper output) in O:\Projets\pipeline_azure\src\Tests\IntegrationTests\CartsIntegrationTests.cs:line 19&#xD;
   at InvokeStub_CartsIntegrationTests..ctor(Object, Span`1)&#xD;
   at System.Reflection.MethodBaseInvoker.InvokeWithFewArgs(Object obj, BindingFlags invokeAttr, Binder binder, Object[] parameters, CultureInfo culture)</StackTrace>
        </ErrorInfo>
      </Output>
    </UnitTestResult>
    <UnitTestResult executionId="5dec3c1c-08c1-4a3a-836e-e66071c70e4d" testId="243b4854-e710-c345-ffeb-b47f40bff4d2" testName="ShoppingProject.UnitTests.Infrastructure.Authorization.AuthorizationPolicyTests.RequireClientRolePolicy_RequiresClientRole" computerName="DESKTOP-GH65CIA" duration="00:00:00.0011439" startTime="2026-01-26T16:33:34.0080596+01:00" endTime="2026-01-26T16:33:34.0080598+01:00" testType="13cdc9d9-ddb5-4fa4-a97d-d965ccfc6d4b" outcome="Passed" testListId="8c84fa94-04c1-424b-9868-57a2d4851a1d" relativeResultsDirectory="5dec3c1c-08c1-4a3a-836e-e66071c70e4d" />
    <UnitTestResult executionId="6c1826d6-e053-45c9-a370-38598eeb007e" testId="e1f8424a-ccb2-2483-995a-398ba54fae3c" testName="ShoppingProject.Tests.Infrastructure.SpecificationPatternIntegrationTests.CombinedSpecification_MultipleFilters" computerName="DESKTOP-GH65CIA" duration="00:00:00.0583271" startTime="2026-01-26T16:33:35.6069145+01:00" endTime="2026-01-26T16:33:35.6069152+01:00" testType="13cdc9d9-ddb5-4fa4-a97d-d965ccfc6d4b" outcome="Passed" testListId="8c84fa94-04c1-424b-9868-57a2d4851a1d" relativeResultsDirectory="6c1826d6-e053-45c9-a370-38598eeb007e" />
    <UnitTestResult executionId="fe9b8eea-4df5-4638-9172-9d52d0714c0d" testId="8b652938-8187-c2bd-958f-f7a6aeb5298b" testName="ShoppingProject.UnitTests.Infrastructure.Authorization.AuthorizationPolicyTests.CanManageProductsPolicy_RequiresAdministratorRole" computerName="DESKTOP-GH65CIA" duration="00:00:00.0006357" startTime="2026-01-26T16:33:34.0097930+01:00" endTime="2026-01-26T16:33:34.0097938+01:00" testType="13cdc9d9-ddb5-4fa4-a97d-d965ccfc6d4b" outcome="Passed" testListId="8c84fa94-04c1-424b-9868-57a2d4851a1d" relativeResultsDirectory="fe9b8eea-4df5-4638-9172-9d52d0714c0d" />
    <UnitTestResult executionId="dba7cb76-d8bf-46a4-b28e-42620dd48b84" testId="00c41bb1-3d0b-9833-2b8e-58a733bcc85c" testName="ShoppingProject.UnitTests.Application.Commands.CreateProductCommandTests.Handle_ValidCommand_ShouldRaiseDomainEvent" computerName="DESKTOP-GH65CIA" duration="00:00:00.0126693" startTime="2026-01-26T16:33:33.8191862+01:00" endTime="2026-01-26T16:33:33.8191863+01:00" testType="13cdc9d9-ddb5-4fa4-a97d-d965ccfc6d4b" outcome="Passed" testListId="8c84fa94-04c1-424b-9868-57a2d4851a1d" relativeResultsDirectory="dba7cb76-d8bf-46a4-b28e-42620dd48b84" />
    <UnitTestResult executionId="2ff5c69c-04fb-416f-a9ed-db6e6977f43b" testId="9d50f196-ae82-ce5a-3035-1aa4812e07f9" testName="ShoppingProject.Tests.Application.Common.ErrorTests.InternalServerError_CreatesErrorError" computerName="DESKTOP-GH65CIA" duration="00:00:00.0005042" startTime="2026-01-26T16:33:33.3472267+01:00" endTime="2026-01-26T16:33:33.3472268+01:00" testType="13cdc9d9-ddb5-4fa4-a97d-d965ccfc6d4b" outcome="Passed" testListId="8c84fa94-04c1-424b-9868-57a2d4851a1d" relativeResultsDirectory="2ff5c69c-04fb-416f-a9ed-db6e6977f43b" />
    <UnitTestResult executionId="c339bd6a-0e60-4aef-b5f2-b4c84894354d" testId="4bc2d9cb-ab52-175d-2aba-711777c49600" testName="ShoppingProject.UnitTests.Presentation.Controllers.ProductsControllerAuthorizationTests.Update_HasAuthorizeAttributeWithCanManageProductsPolicy" computerName="DESKTOP-GH65CIA" duration="00:00:00.0011390" startTime="2026-01-26T16:33:34.0435207+01:00" endTime="2026-01-26T16:33:34.0436120+01:00" testType="13cdc9d9-ddb5-4fa4-a97d-d965ccfc6d4b" outcome="Passed" testListId="8c84fa94-04c1-424b-9868-57a2d4851a1d" relativeResultsDirectory="c339bd6a-0e60-4aef-b5f2-b4c84894354d" />
    <UnitTestResult executionId="7a5485f2-f8b2-49d8-823e-e50583d4806d" testId="fdefae3f-fd5d-bf47-0373-7a93d3562e4b" testName="ShoppingProject.UnitTests.IntegrationTests.IdentityIntegrationTests.RefreshToken_Should_Return_New_Tokens" computerName="DESKTOP-GH65CIA" duration="00:00:00.0010000" startTime="2026-01-26T16:33:33.3114699+01:00" endTime="2026-01-26T16:33:33.3114702+01:00" testType="13cdc9d9-ddb5-4fa4-a97d-d965ccfc6d4b" outcome="Failed" testListId="8c84fa94-04c1-424b-9868-57a2d4851a1d" relativeResultsDirectory="7a5485f2-f8b2-49d8-823e-e50583d4806d">
      <Output>
        <ErrorInfo>
          <Message>System.UriFormatException : Invalid URI: The hostname could not be parsed.</Message>
          <StackTrace>   at System.Uri.CreateThis(String uri, Boolean dontEscape, UriKind uriKind, UriCreationOptions&amp; creationOptions)&#xD;
   at System.Uri..ctor(String uriString)&#xD;
   at Program.&lt;Main&gt;$(String[] args) in O:\Projets\pipeline_azure\src\Presentation\API\Program.cs:line 19&#xD;
   at Program.&lt;Main&gt;(String[] args)&#xD;
   at InvokeStub_Program.&lt;Main&gt;(Object, Span`1)&#xD;
   at System.Reflection.MethodBaseInvoker.InvokeWithOneArg(Object obj, BindingFlags invokeAttr, Binder binder, Object[] parameters, CultureInfo culture)&#xD;
--- End of stack trace from previous location ---&#xD;
   at Microsoft.Extensions.Hosting.HostFactoryResolver.HostingListener.CreateHost()&#xD;
   at Microsoft.Extensions.Hosting.HostFactoryResolver.&lt;&gt;c__DisplayClass10_0.&lt;ResolveHostFactory&gt;b__0(String[] args)&#xD;
   at Microsoft.AspNetCore.Mvc.Testing.DeferredHostBuilder.Build()&#xD;
   at Microsoft.AspNetCore.Mvc.Testing.WebApplicationFactory`1.CreateHost(IHostBuilder builder)&#xD;
   at ShoppingProject.Tests.Infrastructure.CustomWebApplicationFactory.CreateHost(IHostBuilder builder) in O:\Projets\pipeline_azure\src\Tests\Infrastructure\CustomWebApplicationFactory.cs:line 94&#xD;
   at Microsoft.AspNetCore.Mvc.Testing.WebApplicationFactory`1.ConfigureHostBuilder(IHostBuilder hostBuilder)&#xD;
   at Microsoft.AspNetCore.Mvc.Testing.WebApplicationFactory`1.EnsureServer()&#xD;
   at Microsoft.AspNetCore.Mvc.Testing.WebApplicationFactory`1.CreateDefaultClient(DelegatingHandler[] handlers)&#xD;
   at Microsoft.AspNetCore.Mvc.Testing.WebApplicationFactory`1.CreateDefaultClient(Uri baseAddress, DelegatingHandler[] handlers)&#xD;
   at Microsoft.AspNetCore.Mvc.Testing.WebApplicationFactory`1.CreateClient(WebApplicationFactoryClientOptions options)&#xD;
   at Microsoft.AspNetCore.Mvc.Testing.WebApplicationFactory`1.CreateClient()&#xD;
   at ShoppingProject.UnitTests.IntegrationTests.IdentityIntegrationTests..ctor(CustomWebApplicationFactory factory, ITestOutputHelper output) in O:\Projets\pipeline_azure\src\Tests\IntegrationTests\IdentityIntegrationTests.cs:line 18&#xD;
   at InvokeStub_IdentityIntegrationTests..ctor(Object, Span`1)&#xD;
   at System.Reflection.MethodBaseInvoker.InvokeWithFewArgs(Object obj, BindingFlags invokeAttr, Binder binder, Object[] parameters, CultureInfo culture)</StackTrace>
        </ErrorInfo>
      </Output>
    </UnitTestResult>
    <UnitTestResult executionId="d672168f-2a33-4228-af9e-36ba00b4489f" testId="c5cbfa24-e605-00aa-0603-3fde14000550" testName="ShoppingProject.Tests.Infrastructure.OutboxMessageStoreIntegrationTests.MultipleFailures_RespectsMaxRetries" computerName="DESKTOP-GH65CIA" duration="00:00:00.0043791" startTime="2026-01-26T16:33:35.6508904+01:00" endTime="2026-01-26T16:33:35.6508909+01:00" testType="13cdc9d9-ddb5-4fa4-a97d-d965ccfc6d4b" outcome="Passed" testListId="8c84fa94-04c1-424b-9868-57a2d4851a1d" relativeResultsDirectory="d672168f-2a33-4228-af9e-36ba00b4489f" />
    <UnitTestResult executionId="80155ea6-ec5c-465a-96d7-e7a732506ad3" testId="c54ec85f-73b6-87e6-c576-db5d62e412a4" testName="ShoppingProject.UnitTests.IntegrationTests.AuditIntegrationTests.SaveEntity_Should_Publish_IAuditEvent" computerName="DESKTOP-GH65CIA" duration="00:00:00.0800594" startTime="2026-01-26T16:33:33.2946196+01:00" endTime="2026-01-26T16:33:33.2946201+01:00" testType="13cdc9d9-ddb5-4fa4-a97d-d965ccfc6d4b" outcome="Failed" testListId="8c84fa94-04c1-424b-9868-57a2d4851a1d" relativeResultsDirectory="80155ea6-ec5c-465a-96d7-e7a732506ad3">
      <Output>
        <StdOut>[Test] SaveEntity_Should_Publish_IAuditEvent started&#xD;
[Arrange] Creating HTTP client</StdOut>
        <ErrorInfo>
          <Message>System.UriFormatException : Invalid URI: The hostname could not be parsed.</Message>
          <StackTrace>   at System.Uri.CreateThis(String uri, Boolean dontEscape, UriKind uriKind, UriCreationOptions&amp; creationOptions)&#xD;
   at System.Uri..ctor(String uriString)&#xD;
   at Program.&lt;Main&gt;$(String[] args) in O:\Projets\pipeline_azure\src\Presentation\API\Program.cs:line 19&#xD;
   at Program.&lt;Main&gt;(String[] args)&#xD;
   at InvokeStub_Program.&lt;Main&gt;(Object, Span`1)&#xD;
   at System.Reflection.MethodBaseInvoker.InvokeWithOneArg(Object obj, BindingFlags invokeAttr, Binder binder, Object[] parameters, CultureInfo culture)&#xD;
--- End of stack trace from previous location ---&#xD;
   at Microsoft.Extensions.Hosting.HostFactoryResolver.HostingListener.CreateHost()&#xD;
   at Microsoft.Extensions.Hosting.HostFactoryResolver.&lt;&gt;c__DisplayClass10_0.&lt;ResolveHostFactory&gt;b__0(String[] args)&#xD;
   at Microsoft.AspNetCore.Mvc.Testing.DeferredHostBuilder.Build()&#xD;
   at Microsoft.AspNetCore.Mvc.Testing.WebApplicationFactory`1.CreateHost(IHostBuilder builder)&#xD;
   at ShoppingProject.Tests.Infrastructure.CustomWebApplicationFactory.CreateHost(IHostBuilder builder) in O:\Projets\pipeline_azure\src\Tests\Infrastructure\CustomWebApplicationFactory.cs:line 94&#xD;
   at Microsoft.AspNetCore.Mvc.Testing.WebApplicationFactory`1.ConfigureHostBuilder(IHostBuilder hostBuilder)&#xD;
   at Microsoft.AspNetCore.Mvc.Testing.WebApplicationFactory`1.EnsureServer()&#xD;
   at Microsoft.AspNetCore.Mvc.Testing.WebApplicationFactory`1.CreateDefaultClient(DelegatingHandler[] handlers)&#xD;
   at Microsoft.AspNetCore.Mvc.Testing.WebApplicationFactory`1.CreateDefaultClient(Uri baseAddress, DelegatingHandler[] handlers)&#xD;
   at Microsoft.AspNetCore.Mvc.Testing.WebApplicationFactory`1.CreateClient(WebApplicationFactoryClientOptions options)&#xD;
   at Microsoft.AspNetCore.Mvc.Testing.WebApplicationFactory`1.CreateClient()&#xD;
   at ShoppingProject.UnitTests.IntegrationTests.AuditIntegrationTests.SaveEntity_Should_Publish_IAuditEvent() in O:\Projets\pipeline_azure\src\Tests\IntegrationTests\AuditIntegrationTests.cs:line 34&#xD;
--- End of stack trace from previous location ---</StackTrace>
        </ErrorInfo>
      </Output>
    </UnitTestResult>
    <UnitTestResult executionId="01a253d6-0aba-4297-b9ef-98a0edbb0e8b" testId="d54460cb-9cb3-c50f-a022-b375d3238a9e" testName="ShoppingProject.UnitTests.Application.QueryableExtensionsTests.ToDynamic_ShouldBeCaseInsensitive" computerName="DESKTOP-GH65CIA" duration="00:00:01.6260462" startTime="2026-01-26T16:33:34.3450148+01:00" endTime="2026-01-26T16:33:34.3450154+01:00" testType="13cdc9d9-ddb5-4fa4-a97d-d965ccfc6d4b" outcome="Passed" testListId="8c84fa94-04c1-424b-9868-57a2d4851a1d" relativeResultsDirectory="01a253d6-0aba-4297-b9ef-98a0edbb0e8b" />
    <UnitTestResult executionId="e3fba5a3-3c69-4348-9014-c4a195467f14" testId="149d0f80-9237-b605-e4d1-b81eda9093bf" testName="ShoppingProject.UnitTests.Domain.CartTests.SetQuantity_WithValidQuantity_ShouldSucceed(quantity: 1)" computerName="DESKTOP-GH65CIA" duration="00:00:00.0000407" startTime="2026-01-26T16:33:33.4348816+01:00" endTime="2026-01-26T16:33:33.4348817+01:00" testType="13cdc9d9-ddb5-4fa4-a97d-d965ccfc6d4b" outcome="Passed" testListId="8c84fa94-04c1-424b-9868-57a2d4851a1d" relativeResultsDirectory="e3fba5a3-3c69-4348-9014-c4a195467f14" />
    <UnitTestResult executionId="a817ec1a-bda8-4f99-9ac2-12955f0e7e0a" testId="24a23c34-afb0-4dad-6851-c0bb21a2fd75" testName="ShoppingProject.Tests.Application.Common.ErrorTests.BusinessLogic_CreatesBusinessError" computerName="DESKTOP-GH65CIA" duration="00:00:00.0008372" startTime="2026-01-26T16:33:33.3540146+01:00" endTime="2026-01-26T16:33:33.3540149+01:00" testType="13cdc9d9-ddb5-4fa4-a97d-d965ccfc6d4b" outcome="Passed" testListId="8c84fa94-04c1-424b-9868-57a2d4851a1d" relativeResultsDirectory="a817ec1a-bda8-4f99-9ac2-12955f0e7e0a" />
    <UnitTestResult executionId="086b8890-9b29-4172-8cdc-6398a5f29191" testId="6635480c-2973-c144-f3f3-bf1320325108" testName="ShoppingProject.UnitTests.Application.Validators.CreateProductCommandValidatorTests.Validate_TitleTooLong_ShouldHaveValidationError" computerName="DESKTOP-GH65CIA" duration="00:00:00.0563465" startTime="2026-01-26T16:33:33.5870585+01:00" endTime="2026-01-26T16:33:33.5870590+01:00" testType="13cdc9d9-ddb5-4fa4-a97d-d965ccfc6d4b" outcome="Passed" testListId="8c84fa94-04c1-424b-9868-57a2d4851a1d" relativeResultsDirectory="086b8890-9b29-4172-8cdc-6398a5f29191" />
    <UnitTestResult executionId="1c05e3a0-13b2-4eae-869c-f908ee7df5e6" testId="278a1050-7bab-c663-8432-a45801310028" testName="ShoppingProject.Tests.Infrastructure.OutboxMessageStoreIntegrationTests.CleanupProcessedMessagesAsync_PreservesRecentMessages" computerName="DESKTOP-GH65CIA" duration="00:00:00.0095448" startTime="2026-01-26T16:33:35.5936493+01:00" endTime="2026-01-26T16:33:35.5936497+01:00" testType="13cdc9d9-ddb5-4fa4-a97d-d965ccfc6d4b" outcome="Failed" testListId="8c84fa94-04c1-424b-9868-57a2d4851a1d" relativeResultsDirectory="1c05e3a0-13b2-4eae-869c-f908ee7df5e6">
      <Output>
        <ErrorInfo>
          <Message>System.InvalidOperationException : Failed to clean up processed outbox messages older than '2026-01-21T15:33:35.5611927'.&#xD;
---- System.InvalidOperationException : The LINQ expression 'DbSet&lt;OutboxMessage&gt;()&#xD;
    .Where(o =&gt; o.ProcessedOnUtc.HasValue &amp;&amp; o.ProcessedOnUtc &lt;= __cutoffDate_0)&#xD;
    .ExecuteDelete()' could not be translated. Either rewrite the query in a form that can be translated, or switch to client evaluation explicitly by inserting a call to 'AsEnumerable', 'AsAsyncEnumerable', 'ToList', or 'ToListAsync'. See https://go.microsoft.com/fwlink/?linkid=2101038 for more information.</Message>
          <StackTrace>   at ShoppingProject.Infrastructure.Services.OutboxMessageStore.CleanupProcessedMessagesAsync(TimeSpan olderThan, CancellationToken cancellationToken) in O:\Projets\pipeline_azure\src\Infrastructure\Services\OutboxMessageStore.cs:line 219&#xD;
   at ShoppingProject.Tests.Infrastructure.OutboxMessageStoreIntegrationTests.CleanupProcessedMessagesAsync_PreservesRecentMessages() in O:\Projets\pipeline_azure\src\Tests\Infrastructure\OutboxMessageStoreIntegrationTests.cs:line 301&#xD;
--- End of stack trace from previous location ---&#xD;
----- Inner Stack Trace -----&#xD;
   at Microsoft.EntityFrameworkCore.Query.QueryableMethodTranslatingExpressionVisitor.VisitMethodCall(MethodCallExpression methodCallExpression)&#xD;
   at Microsoft.EntityFrameworkCore.InMemory.Query.Internal.InMemoryQueryableMethodTranslatingExpressionVisitor.VisitMethodCall(MethodCallExpression methodCallExpression)&#xD;
   at Microsoft.EntityFrameworkCore.Query.QueryableMethodTranslatingExpressionVisitor.Translate(Expression expression)&#xD;
   at Microsoft.EntityFrameworkCore.Query.QueryCompilationContext.CreateQueryExecutor[TResult](Expression query)&#xD;
   at Microsoft.EntityFrameworkCore.Storage.Database.CompileQuery[TResult](Expression query, Boolean async)&#xD;
   at Microsoft.EntityFrameworkCore.Query.Internal.QueryCompiler.CompileQueryCore[TResult](IDatabase database, Expression query, IModel model, Boolean async)&#xD;
   at Microsoft.EntityFrameworkCore.Query.Internal.QueryCompiler.&lt;&gt;c__DisplayClass12_0`1.&lt;ExecuteAsync&gt;b__0()&#xD;
   at Microsoft.EntityFrameworkCore.Query.Internal.CompiledQueryCache.GetOrAddQuery[TResult](Object cacheKey, Func`1 compiler)&#xD;
   at Microsoft.EntityFrameworkCore.Query.Internal.QueryCompiler.ExecuteAsync[TResult](Expression query, CancellationToken cancellationToken)&#xD;
   at Microsoft.EntityFrameworkCore.Query.Internal.EntityQueryProvider.ExecuteAsync[TResult](Expression expression, CancellationToken cancellationToken)&#xD;
   at Microsoft.EntityFrameworkCore.RelationalQueryableExtensions.ExecuteDeleteAsync[TSource](IQueryable`1 source, CancellationToken cancellationToken)&#xD;
   at ShoppingProject.Infrastructure.Services.OutboxMessageStore.CleanupProcessedMessagesAsync(TimeSpan olderThan, CancellationToken cancellationToken) in O:\Projets\pipeline_azure\src\Infrastructure\Services\OutboxMessageStore.cs:line 204</StackTrace>
        </ErrorInfo>
      </Output>
    </UnitTestResult>
    <UnitTestResult executionId="fea13ef1-5a4a-4d05-83ec-a5e177ad62da" testId="735cb0ab-0ee9-7e4e-de44-1fbf6e76048c" testName="ShoppingProject.Tests.Infrastructure.SpecificationPatternIntegrationTests.ProductsWithPaginationSpecification_SecondPageReturnsCorrectItems" computerName="DESKTOP-GH65CIA" duration="00:00:00.0296463" startTime="2026-01-26T16:33:35.6535148+01:00" endTime="2026-01-26T16:33:35.6535151+01:00" testType="13cdc9d9-ddb5-4fa4-a97d-d965ccfc6d4b" outcome="Passed" testListId="8c84fa94-04c1-424b-9868-57a2d4851a1d" relativeResultsDirectory="fea13ef1-5a4a-4d05-83ec-a5e177ad62da" />
    <UnitTestResult executionId="76d63767-611c-4516-8adb-b53a2a586e66" testId="9b8911ad-ebb1-3fa5-b331-2b63da49d644" testName="ShoppingProject.UnitTests.Infrastructure.Authorization.AuthorizationPolicyTests.AuthorizationPolicies_AllPoliciesRegistered" computerName="DESKTOP-GH65CIA" duration="00:00:00.0004236" startTime="2026-01-26T16:33:34.0081537+01:00" endTime="2026-01-26T16:33:34.0081537+01:00" testType="13cdc9d9-ddb5-4fa4-a97d-d965ccfc6d4b" outcome="Passed" testListId="8c84fa94-04c1-424b-9868-57a2d4851a1d" relativeResultsDirectory="76d63767-611c-4516-8adb-b53a2a586e66" />
    <UnitTestResult executionId="b90eb569-6631-4ced-b08f-b86d1b95fe09" testId="61946161-ce14-3c61-4a25-ca8e49f46cf7" testName="ShoppingProject.Tests.Application.Common.ErrorTests.ValidationFailure_CreatesValidationError" computerName="DESKTOP-GH65CIA" duration="00:00:00.0035310" startTime="2026-01-26T16:33:33.3414098+01:00" endTime="2026-01-26T16:33:33.3414108+01:00" testType="13cdc9d9-ddb5-4fa4-a97d-d965ccfc6d4b" outcome="Passed" testListId="8c84fa94-04c1-424b-9868-57a2d4851a1d" relativeResultsDirectory="b90eb569-6631-4ced-b08f-b86d1b95fe09" />
    <UnitTestResult executionId="23927f20-6429-41a0-836a-10280879990e" testId="57dc758e-fb6e-106f-96ef-bdff4bf8a897" testName="ShoppingProject.Tests.Infrastructure.OutboxMessageStoreIntegrationTests.MarkAsDeadLetterAsync_PreventsRetries" computerName="DESKTOP-GH65CIA" duration="00:00:00.0033308" startTime="2026-01-26T16:33:35.6420452+01:00" endTime="2026-01-26T16:33:35.6420456+01:00" testType="13cdc9d9-ddb5-4fa4-a97d-d965ccfc6d4b" outcome="Passed" testListId="8c84fa94-04c1-424b-9868-57a2d4851a1d" relativeResultsDirectory="23927f20-6429-41a0-836a-10280879990e" />
    <UnitTestResult executionId="1b72f589-abb9-4614-905d-d28c82fc3730" testId="0be0edc8-221b-5f87-4cf1-15a1e112ded4" testName="ShoppingProject.Tests.Infrastructure.OutboxMessageStoreIntegrationTests.GetUnprocessedMessagesAsync_ExcludesDeadLetteredMessages" computerName="DESKTOP-GH65CIA" duration="00:00:02.3931740" startTime="2026-01-26T16:33:35.4788329+01:00" endTime="2026-01-26T16:33:35.4788331+01:00" testType="13cdc9d9-ddb5-4fa4-a97d-d965ccfc6d4b" outcome="Passed" testListId="8c84fa94-04c1-424b-9868-57a2d4851a1d" relativeResultsDirectory="1b72f589-abb9-4614-905d-d28c82fc3730" />
    <UnitTestResult executionId="e459b6e3-47ab-4c90-98c7-01c7f6ee48f7" testId="2864849e-18cf-7a3a-7927-0260a5d93fcc" testName="ShoppingProject.Tests.Application.Common.ErrorTests.Unauthorized_WithCustomMessage" computerName="DESKTOP-GH65CIA" duration="00:00:00.0721089" startTime="2026-01-26T16:33:33.4266448+01:00" endTime="2026-01-26T16:33:33.4266451+01:00" testType="13cdc9d9-ddb5-4fa4-a97d-d965ccfc6d4b" outcome="Passed" testListId="8c84fa94-04c1-424b-9868-57a2d4851a1d" relativeResultsDirectory="e459b6e3-47ab-4c90-98c7-01c7f6ee48f7" />
    <UnitTestResult executionId="9df2ba86-1fa2-427f-9fb7-c92d982f211e" testId="4ec8f73c-e4cd-af37-3268-245672aa87d1" testName="ShoppingProject.UnitTests.Architecture.ArchitectureTests.Application_Should_Not_Reference_EntityFrameworkCore" computerName="DESKTOP-GH65CIA" duration="00:00:00.5071291" startTime="2026-01-26T16:33:34.0234813+01:00" endTime="2026-01-26T16:33:34.0234862+01:00" testType="13cdc9d9-ddb5-4fa4-a97d-d965ccfc6d4b" outcome="Failed" testListId="8c84fa94-04c1-424b-9868-57a2d4851a1d" relativeResultsDirectory="9df2ba86-1fa2-427f-9fb7-c92d982f211e">
      <Output>
        <ErrorInfo>
          <Message>Application layer should not have direct dependency on EF Core. Use repository pattern instead.</Message>
          <StackTrace>   at ShoppingProject.UnitTests.Architecture.ArchitectureTests.Application_Should_Not_Reference_EntityFrameworkCore() in O:\Projets\pipeline_azure\src\Tests\Architecture\ArchitectureTests.cs:line 90&#xD;
   at System.Reflection.MethodBaseInvoker.InterpretedInvoke_Method(Object obj, IntPtr* args)&#xD;
   at System.Reflection.MethodBaseInvoker.InvokeWithNoArgs(Object obj, BindingFlags invokeAttr)</StackTrace>
        </ErrorInfo>
      </Output>
    </UnitTestResult>
    <UnitTestResult executionId="85806e52-4606-43dc-a52d-ee54cf25844c" testId="983091b2-8bd1-0e72-d098-10805fc1a024" testName="ShoppingProject.UnitTests.Infrastructure.Authorization.AuthorizationPolicyTests.CanPurgePolicy_RequiresAdministratorRole" computerName="DESKTOP-GH65CIA" duration="00:00:00.0006112" startTime="2026-01-26T16:33:34.0062781+01:00" endTime="2026-01-26T16:33:34.0062785+01:00" testType="13cdc9d9-ddb5-4fa4-a97d-d965ccfc6d4b" outcome="Passed" testListId="8c84fa94-04c1-424b-9868-57a2d4851a1d" relativeResultsDirectory="85806e52-4606-43dc-a52d-ee54cf25844c" />
    <UnitTestResult executionId="a2f754bd-77eb-4ec5-bcfb-56420ec20200" testId="6e0e1f8f-7f40-9f9b-9aaa-08ed2e86501f" testName="ShoppingProject.Tests.Infrastructure.OutboxMessageStoreIntegrationTests.GetByIdAsync_ReturnsCorrectMessage" computerName="DESKTOP-GH65CIA" duration="00:00:00.0031179" startTime="2026-01-26T16:33:35.6543957+01:00" endTime="2026-01-26T16:33:35.6543962+01:00" testType="13cdc9d9-ddb5-4fa4-a97d-d965ccfc6d4b" outcome="Passed" testListId="8c84fa94-04c1-424b-9868-57a2d4851a1d" relativeResultsDirectory="a2f754bd-77eb-4ec5-bcfb-56420ec20200" />
    <UnitTestResult executionId="ed0745e8-3e17-4d6f-bf2d-d50fa9028613" testId="96b53641-11bc-88f8-26c0-edb5fb764950" testName="ShoppingProject.Tests.Infrastructure.OutboxMessageStoreIntegrationTests.AddEventAsync_WithCorrelationId" computerName="DESKTOP-GH65CIA" duration="00:00:00.0022044" startTime="2026-01-26T16:33:35.6236760+01:00" endTime="2026-01-26T16:33:35.6236761+01:00" testType="13cdc9d9-ddb5-4fa4-a97d-d965ccfc6d4b" outcome="Passed" testListId="8c84fa94-04c1-424b-9868-57a2d4851a1d" relativeResultsDirectory="ed0745e8-3e17-4d6f-bf2d-d50fa9028613" />
    <UnitTestResult executionId="1da85af1-bc2a-4e53-8a52-bc12b7883091" testId="3f6feedf-303e-7dfe-c6e5-1e0eab231649" testName="ShoppingProject.UnitTests.Domain.ProductTests.CreateProduct_WithRating_ShouldSucceed" computerName="DESKTOP-GH65CIA" duration="00:00:00.0003951" startTime="2026-01-26T16:33:33.9739308+01:00" endTime="2026-01-26T16:33:33.9739310+01:00" testType="13cdc9d9-ddb5-4fa4-a97d-d965ccfc6d4b" outcome="Passed" testListId="8c84fa94-04c1-424b-9868-57a2d4851a1d" relativeResultsDirectory="1da85af1-bc2a-4e53-8a52-bc12b7883091" />
    <UnitTestResult executionId="7a55b087-7b2d-46aa-8550-84f15dc1eff1" testId="18ea6c0b-3d71-3618-1255-5341da8d290a" testName="ShoppingProject.Tests.Infrastructure.RepositoryPatternIntegrationTests.ListAsync_WithCategorySpecification" computerName="DESKTOP-GH65CIA" duration="00:00:00.0053028" startTime="2026-01-26T16:33:35.7571525+01:00" endTime="2026-01-26T16:33:35.7571533+01:00" testType="13cdc9d9-ddb5-4fa4-a97d-d965ccfc6d4b" outcome="Passed" testListId="8c84fa94-04c1-424b-9868-57a2d4851a1d" relativeResultsDirectory="7a55b087-7b2d-46aa-8550-84f15dc1eff1" />
    <UnitTestResult executionId="86be99d6-e8e3-4c2d-a98c-3950664e1088" testId="cdd39276-d94a-095c-6355-ceff6b878c31" testName="ShoppingProject.UnitTests.Domain.CartTests.SetQuantity_WithValidQuantity_ShouldSucceed(quantity: 100)" computerName="DESKTOP-GH65CIA" duration="00:00:00.0029372" startTime="2026-01-26T16:33:33.4322919+01:00" endTime="2026-01-26T16:33:33.4322926+01:00" testType="13cdc9d9-ddb5-4fa4-a97d-d965ccfc6d4b" outcome="Passed" testListId="8c84fa94-04c1-424b-9868-57a2d4851a1d" relativeResultsDirectory="86be99d6-e8e3-4c2d-a98c-3950664e1088" />
    <UnitTestResult executionId="185492b3-f352-4263-8152-9299bf344d63" testId="6b6f8279-ef01-d776-1cdf-980d435c83ac" testName="ShoppingProject.UnitTests.Presentation.Controllers.IdentityControllerAuthorizationTests.AssignAdminRole_HasAuthorizeAttributeWithRequireAdministratorRolePolicy" computerName="DESKTOP-GH65CIA" duration="00:00:00.0009230" startTime="2026-01-26T16:33:34.0004817+01:00" endTime="2026-01-26T16:33:34.0004823+01:00" testType="13cdc9d9-ddb5-4fa4-a97d-d965ccfc6d4b" outcome="Passed" testListId="8c84fa94-04c1-424b-9868-57a2d4851a1d" relativeResultsDirectory="185492b3-f352-4263-8152-9299bf344d63" />
    <UnitTestResult executionId="9fbd40d5-1572-4e2a-bb15-9e8290a95c55" testId="df98f19d-ba56-ee97-2b73-f031fda54236" testName="ShoppingProject.Tests.Application.Common.ErrorTests.InternalServerError_WithCustomMessage" computerName="DESKTOP-GH65CIA" duration="00:00:00.0002808" startTime="2026-01-26T16:33:33.3543876+01:00" endTime="2026-01-26T16:33:33.3543877+01:00" testType="13cdc9d9-ddb5-4fa4-a97d-d965ccfc6d4b" outcome="Passed" testListId="8c84fa94-04c1-424b-9868-57a2d4851a1d" relativeResultsDirectory="9fbd40d5-1572-4e2a-bb15-9e8290a95c55" />
    <UnitTestResult executionId="3cf46183-9738-468a-8692-d17c41ec4a2d" testId="97b57381-5e4c-f977-8bbb-415eb87dac5e" testName="ShoppingProject.Tests.Infrastructure.OutboxMessageStoreIntegrationTests.GetUnprocessedMessagesAsync_WithBatchSize" computerName="DESKTOP-GH65CIA" duration="00:00:00.0077030" startTime="2026-01-26T16:33:35.5312843+01:00" endTime="2026-01-26T16:33:35.5312844+01:00" testType="13cdc9d9-ddb5-4fa4-a97d-d965ccfc6d4b" outcome="Passed" testListId="8c84fa94-04c1-424b-9868-57a2d4851a1d" relativeResultsDirectory="3cf46183-9738-468a-8692-d17c41ec4a2d" />
    <UnitTestResult executionId="bda8e28b-9a4d-41a5-b968-4761720fa667" testId="1bc9c176-994a-80d8-e1d1-390a9ddc1bdd" testName="ShoppingProject.Tests.Infrastructure.OutboxMessageStoreIntegrationTests.AddEventAsync_CreatesOutboxMessage" computerName="DESKTOP-GH65CIA" duration="00:00:00.0032680" startTime="2026-01-26T16:33:35.6580131+01:00" endTime="2026-01-26T16:33:35.6580134+01:00" testType="13cdc9d9-ddb5-4fa4-a97d-d965ccfc6d4b" outcome="Passed" testListId="8c84fa94-04c1-424b-9868-57a2d4851a1d" relativeResultsDirectory="bda8e28b-9a4d-41a5-b968-4761720fa667" />
    <UnitTestResult executionId="6db99347-4c30-4aff-aa6a-7500dc4ba35c" testId="b1e49cfd-b9f4-8c9e-9539-bdd83414e806" testName="ShoppingProject.Tests.Infrastructure.SpecificationPatternIntegrationTests.SpecificationEvaluator_AppliesFiltersAndOrderingAndPagination" computerName="DESKTOP-GH65CIA" duration="00:00:00.0314557" startTime="2026-01-26T16:33:35.7685907+01:00" endTime="2026-01-26T16:33:35.7685912+01:00" testType="13cdc9d9-ddb5-4fa4-a97d-d965ccfc6d4b" outcome="Passed" testListId="8c84fa94-04c1-424b-9868-57a2d4851a1d" relativeResultsDirectory="6db99347-4c30-4aff-aa6a-7500dc4ba35c" />
    <UnitTestResult executionId="8afcf47a-595f-4068-b71f-2b48ec6a1f50" testId="05268778-3055-573d-1fa8-0a04305d4295" testName="ShoppingProject.UnitTests.Presentation.Middleware.ApiKeyMiddlewareTests.InvokeAsync_ValidApiKey_CallsNextDelegate" computerName="DESKTOP-GH65CIA" duration="00:00:00.0066749" startTime="2026-01-26T16:33:33.7419404+01:00" endTime="2026-01-26T16:33:33.7419408+01:00" testType="13cdc9d9-ddb5-4fa4-a97d-d965ccfc6d4b" outcome="Passed" testListId="8c84fa94-04c1-424b-9868-57a2d4851a1d" relativeResultsDirectory="8afcf47a-595f-4068-b71f-2b48ec6a1f50" />
    <UnitTestResult executionId="afc79429-13a5-4225-8e61-448666c6f14f" testId="720c5978-2283-cec3-e1fb-f79336e0eb22" testName="ShoppingProject.Tests.Infrastructure.SpecificationPatternIntegrationTests.SearchProductsSpecification_FindsProductByDescription" computerName="DESKTOP-GH65CIA" duration="00:00:00.0042769" startTime="2026-01-26T16:33:35.6235348+01:00" endTime="2026-01-26T16:33:35.6235352+01:00" testType="13cdc9d9-ddb5-4fa4-a97d-d965ccfc6d4b" outcome="Failed" testListId="8c84fa94-04c1-424b-9868-57a2d4851a1d" relativeResultsDirectory="afc79429-13a5-4225-8e61-448666c6f14f">
      <Output>
        <ErrorInfo>
          <Message>Expected collection to contain a single item matching (p.Title == "Mouse"), but the collection is empty.</Message>
          <StackTrace>   at FluentAssertions.Execution.LateBoundTestFramework.Throw(String message)&#xD;
   at FluentAssertions.Execution.TestFrameworkProvider.Throw(String message)&#xD;
   at FluentAssertions.Execution.DefaultAssertionStrategy.HandleFailure(String message)&#xD;
   at FluentAssertions.Execution.AssertionScope.FailWith(Func`1 failReasonFunc)&#xD;
   at FluentAssertions.Execution.AssertionScope.FailWith(Func`1 failReasonFunc)&#xD;
   at FluentAssertions.Execution.AssertionScope.FailWith(String message, Object[] args)&#xD;
   at FluentAssertions.Collections.GenericCollectionAssertions`3.ContainSingle(Expression`1 predicate, String because, Object[] becauseArgs)&#xD;
   at ShoppingProject.Tests.Infrastructure.SpecificationPatternIntegrationTests.SearchProductsSpecification_FindsProductByDescription() in O:\Projets\pipeline_azure\src\Tests\Infrastructure\SpecificationPatternIntegrationTests.cs:line 180&#xD;
--- End of stack trace from previous location ---</StackTrace>
        </ErrorInfo>
      </Output>
    </UnitTestResult>
    <UnitTestResult executionId="53c140a2-c653-4b04-a371-1a0161f4ed33" testId="e36ead5d-ad43-50b5-083b-58d2067bab18" testName="ShoppingProject.UnitTests.Domain.ProductTests.CreateProduct_WithDifferentCategories_ShouldSucceed(category: &quot;books&quot;, price: 14,99)" computerName="DESKTOP-GH65CIA" duration="00:00:00.0000274" startTime="2026-01-26T16:33:33.9728730+01:00" endTime="2026-01-26T16:33:33.9728731+01:00" testType="13cdc9d9-ddb5-4fa4-a97d-d965ccfc6d4b" outcome="Passed" testListId="8c84fa94-04c1-424b-9868-57a2d4851a1d" relativeResultsDirectory="53c140a2-c653-4b04-a371-1a0161f4ed33" />
    <UnitTestResult executionId="bd5452f2-dfcf-4a4a-8119-d843f2a3b447" testId="f4a5c0f1-481a-b029-b525-eb2b8b08078d" testName="ShoppingProject.UnitTests.IntegrationTests.IdentityIntegrationTests.UpdateUser_Should_Return_Success" computerName="DESKTOP-GH65CIA" duration="00:00:00.0010000" startTime="2026-01-26T16:33:33.2183471+01:00" endTime="2026-01-26T16:33:33.2183474+01:00" testType="13cdc9d9-ddb5-4fa4-a97d-d965ccfc6d4b" outcome="Failed" testListId="8c84fa94-04c1-424b-9868-57a2d4851a1d" relativeResultsDirectory="bd5452f2-dfcf-4a4a-8119-d843f2a3b447">
      <Output>
        <ErrorInfo>
          <Message>System.UriFormatException : Invalid URI: The hostname could not be parsed.</Message>
          <StackTrace>   at System.Uri.CreateThis(String uri, Boolean dontEscape, UriKind uriKind, UriCreationOptions&amp; creationOptions)&#xD;
   at System.Uri..ctor(String uriString)&#xD;
   at Program.&lt;Main&gt;$(String[] args) in O:\Projets\pipeline_azure\src\Presentation\API\Program.cs:line 19&#xD;
   at Program.&lt;Main&gt;(String[] args)&#xD;
   at InvokeStub_Program.&lt;Main&gt;(Object, Span`1)&#xD;
   at System.Reflection.MethodBaseInvoker.InvokeWithOneArg(Object obj, BindingFlags invokeAttr, Binder binder, Object[] parameters, CultureInfo culture)&#xD;
--- End of stack trace from previous location ---&#xD;
   at Microsoft.Extensions.Hosting.HostFactoryResolver.HostingListener.CreateHost()&#xD;
   at Microsoft.Extensions.Hosting.HostFactoryResolver.&lt;&gt;c__DisplayClass10_0.&lt;ResolveHostFactory&gt;b__0(String[] args)&#xD;
   at Microsoft.AspNetCore.Mvc.Testing.DeferredHostBuilder.Build()&#xD;
   at Microsoft.AspNetCore.Mvc.Testing.WebApplicationFactory`1.CreateHost(IHostBuilder builder)&#xD;
   at ShoppingProject.Tests.Infrastructure.CustomWebApplicationFactory.CreateHost(IHostBuilder builder) in O:\Projets\pipeline_azure\src\Tests\Infrastructure\CustomWebApplicationFactory.cs:line 94&#xD;
   at Microsoft.AspNetCore.Mvc.Testing.WebApplicationFactory`1.ConfigureHostBuilder(IHostBuilder hostBuilder)&#xD;
   at Microsoft.AspNetCore.Mvc.Testing.WebApplicationFactory`1.EnsureServer()&#xD;
   at Microsoft.AspNetCore.Mvc.Testing.WebApplicationFactory`1.CreateDefaultClient(DelegatingHandler[] handlers)&#xD;
   at Microsoft.AspNetCore.Mvc.Testing.WebApplicationFactory`1.CreateDefaultClient(Uri baseAddress, DelegatingHandler[] handlers)&#xD;
   at Microsoft.AspNetCore.Mvc.Testing.WebApplicationFactory`1.CreateClient(WebApplicationFactoryClientOptions options)&#xD;
   at Microsoft.AspNetCore.Mvc.Testing.WebApplicationFactory`1.CreateClient()&#xD;
   at ShoppingProject.UnitTests.IntegrationTests.IdentityIntegrationTests..ctor(CustomWebApplicationFactory factory, ITestOutputHelper output) in O:\Projets\pipeline_azure\src\Tests\IntegrationTests\IdentityIntegrationTests.cs:line 18&#xD;
   at System.Reflection.MethodBaseInvoker.InterpretedInvoke_Constructor(Object obj, IntPtr* args)&#xD;
   at System.Reflection.MethodBaseInvoker.InvokeDirectByRefWithFewArgs(Object obj, Span`1 copyOfArgs, BindingFlags invokeAttr)</StackTrace>
        </ErrorInfo>
      </Output>
    </UnitTestResult>
    <UnitTestResult executionId="df88b6f3-42b7-4200-ab87-fc7525746c8e" testId="b7610aae-77b8-eb76-e2b0-eae2eda4da52" testName="ShoppingProject.UnitTests.Presentation.Controllers.ProductsControllerAuthorizationTests.Search_HasAllowAnonymousAttribute" computerName="DESKTOP-GH65CIA" duration="00:00:00.0004546" startTime="2026-01-26T16:33:34.0437775+01:00" endTime="2026-01-26T16:33:34.0437777+01:00" testType="13cdc9d9-ddb5-4fa4-a97d-d965ccfc6d4b" outcome="Passed" testListId="8c84fa94-04c1-424b-9868-57a2d4851a1d" relativeResultsDirectory="df88b6f3-42b7-4200-ab87-fc7525746c8e" />
    <UnitTestResult executionId="18d04c65-2a45-4b3d-bb7d-39997a618d4a" testId="bb7648e3-8879-0c4a-89a5-d5fb6705210b" testName="ShoppingProject.UnitTests.Application.Commands.CreateProductCommandTests.Handle_NullValues_ShouldUseEmptyStrings" computerName="DESKTOP-GH65CIA" duration="00:00:00.0092745" startTime="2026-01-26T16:33:33.8187674+01:00" endTime="2026-01-26T16:33:33.8187675+01:00" testType="13cdc9d9-ddb5-4fa4-a97d-d965ccfc6d4b" outcome="Passed" testListId="8c84fa94-04c1-424b-9868-57a2d4851a1d" relativeResultsDirectory="18d04c65-2a45-4b3d-bb7d-39997a618d4a" />
    <UnitTestResult executionId="8cbef716-ff7b-4f91-a75e-977b00d182e0" testId="160679ce-e23d-905a-55ec-063b0d56a6c2" testName="ShoppingProject.UnitTests.Architecture.ArchitectureTests.Repositories_Should_HaveCorrectNaming" computerName="DESKTOP-GH65CIA" duration="00:00:00.1743930" startTime="2026-01-26T16:33:34.3725741+01:00" endTime="2026-01-26T16:33:34.3725745+01:00" testType="13cdc9d9-ddb5-4fa4-a97d-d965ccfc6d4b" outcome="Failed" testListId="8c84fa94-04c1-424b-9868-57a2d4851a1d" relativeResultsDirectory="8cbef716-ff7b-4f91-a75e-977b00d182e0">
      <Output>
        <ErrorInfo>
          <Message>All repository implementations should end with 'Repository'</Message>
          <StackTrace>   at ShoppingProject.UnitTests.Architecture.ArchitectureTests.Repositories_Should_HaveCorrectNaming() in O:\Projets\pipeline_azure\src\Tests\Architecture\ArchitectureTests.cs:line 147&#xD;
   at System.Reflection.MethodBaseInvoker.InterpretedInvoke_Method(Object obj, IntPtr* args)&#xD;
   at System.Reflection.MethodBaseInvoker.InvokeWithNoArgs(Object obj, BindingFlags invokeAttr)</StackTrace>
        </ErrorInfo>
      </Output>
    </UnitTestResult>
    <UnitTestResult executionId="3114cb0b-e242-48f8-90f4-16093aacbdba" testId="229c4b3f-c648-0e00-baea-6a722fb43fd1" testName="ShoppingProject.Tests.Infrastructure.RepositoryPatternIntegrationTests.Combined_AddUpdateDelete_Workflow" computerName="DESKTOP-GH65CIA" duration="00:00:00.0043765" startTime="2026-01-26T16:33:35.7079831+01:00" endTime="2026-01-26T16:33:35.7079842+01:00" testType="13cdc9d9-ddb5-4fa4-a97d-d965ccfc6d4b" outcome="Passed" testListId="8c84fa94-04c1-424b-9868-57a2d4851a1d" relativeResultsDirectory="3114cb0b-e242-48f8-90f4-16093aacbdba" />
    <UnitTestResult executionId="1200e560-ad3a-44c0-9645-c67950e7de33" testId="9e7b1465-5bc3-9576-40e7-a34850828b23" testName="ShoppingProject.Tests.Infrastructure.RepositoryPatternIntegrationTests.AddAsync_CreatesEntity" computerName="DESKTOP-GH65CIA" duration="00:00:00.0029322" startTime="2026-01-26T16:33:35.6999025+01:00" endTime="2026-01-26T16:33:35.6999033+01:00" testType="13cdc9d9-ddb5-4fa4-a97d-d965ccfc6d4b" outcome="Passed" testListId="8c84fa94-04c1-424b-9868-57a2d4851a1d" relativeResultsDirectory="1200e560-ad3a-44c0-9645-c67950e7de33" />
    <UnitTestResult executionId="ed5aabbb-e505-454c-81b7-aaa14ef78a74" testId="aee38502-c3b1-5dd2-6487-e28206af284e" testName="ShoppingProject.UnitTests.Application.Queries.GetProductByIdQueryTests.Handle_ExistingProduct_ShouldReturnProductFromCache" computerName="DESKTOP-GH65CIA" duration="00:00:00.3915702" startTime="2026-01-26T16:33:33.1441347+01:00" endTime="2026-01-26T16:33:33.1441348+01:00" testType="13cdc9d9-ddb5-4fa4-a97d-d965ccfc6d4b" outcome="Passed" testListId="8c84fa94-04c1-424b-9868-57a2d4851a1d" relativeResultsDirectory="ed5aabbb-e505-454c-81b7-aaa14ef78a74" />
    <UnitTestResult executionId="a41824ae-b11d-4418-9ba5-c9fdca3971fe" testId="3e530f6c-c73c-9d98-7bab-207dff3bd256" testName="ShoppingProject.UnitTests.Domain.ProductTests.Product_ShouldInheritFromBaseAuditableEntity" computerName="DESKTOP-GH65CIA" duration="00:00:00.0002662" startTime="2026-01-26T16:33:33.9733529+01:00" endTime="2026-01-26T16:33:33.9733532+01:00" testType="13cdc9d9-ddb5-4fa4-a97d-d965ccfc6d4b" outcome="Passed" testListId="8c84fa94-04c1-424b-9868-57a2d4851a1d" relativeResultsDirectory="a41824ae-b11d-4418-9ba5-c9fdca3971fe" />
    <UnitTestResult executionId="9d4eef52-ab28-440f-be40-670bf4c93db6" testId="01d95243-bace-932f-154b-1e971cb0d24f" testName="ShoppingProject.UnitTests.Presentation.Controllers.IdentityControllerAuthorizationTests.GetCurrentUserInfo_HasAuthorizeAttribute" computerName="DESKTOP-GH65CIA" duration="00:00:00.0038572" startTime="2026-01-26T16:33:33.9960452+01:00" endTime="2026-01-26T16:33:33.9960457+01:00" testType="13cdc9d9-ddb5-4fa4-a97d-d965ccfc6d4b" outcome="Passed" testListId="8c84fa94-04c1-424b-9868-57a2d4851a1d" relativeResultsDirectory="9d4eef52-ab28-440f-be40-670bf4c93db6" />
    <UnitTestResult executionId="68cee600-17c9-4ec3-b2be-b81fec723885" testId="c978396b-3058-3f76-667e-6c87d9267acd" testName="ShoppingProject.UnitTests.Presentation.Controllers.IdentityControllerAuthorizationTests.Login_HasAllowAnonymousAttribute" computerName="DESKTOP-GH65CIA" duration="00:00:00.0003661" startTime="2026-01-26T16:33:33.9989606+01:00" endTime="2026-01-26T16:33:33.9989609+01:00" testType="13cdc9d9-ddb5-4fa4-a97d-d965ccfc6d4b" outcome="Passed" testListId="8c84fa94-04c1-424b-9868-57a2d4851a1d" relativeResultsDirectory="68cee600-17c9-4ec3-b2be-b81fec723885" />
    <UnitTestResult executionId="6f44f4f8-0b08-4bdd-b297-6dadafdd2f09" testId="9d0a0a25-8c50-0b4f-8fb8-7a1c00a25166" testName="ShoppingProject.UnitTests.Domain.ProductTests.CreateProduct_WithDifferentCategories_ShouldSucceed(category: &quot;electronics&quot;, price: 99,99)" computerName="DESKTOP-GH65CIA" duration="00:00:00.0003319" startTime="2026-01-26T16:33:33.9727761+01:00" endTime="2026-01-26T16:33:33.9727762+01:00" testType="13cdc9d9-ddb5-4fa4-a97d-d965ccfc6d4b" outcome="Passed" testListId="8c84fa94-04c1-424b-9868-57a2d4851a1d" relativeResultsDirectory="6f44f4f8-0b08-4bdd-b297-6dadafdd2f09" />
    <UnitTestResult executionId="a93fb79e-d178-4cf2-b5ff-d4eb14ad7698" testId="eacae478-2205-c00c-98e1-104790459ee3" testName="ShoppingProject.UnitTests.Presentation.Controllers.CacheControllerAuthorizationTests.Set_InheritsControllerAuthorization" computerName="DESKTOP-GH65CIA" duration="00:00:00.0006945" startTime="2026-01-26T16:33:33.4556981+01:00" endTime="2026-01-26T16:33:33.4556981+01:00" testType="13cdc9d9-ddb5-4fa4-a97d-d965ccfc6d4b" outcome="Passed" testListId="8c84fa94-04c1-424b-9868-57a2d4851a1d" relativeResultsDirectory="a93fb79e-d178-4cf2-b5ff-d4eb14ad7698" />
    <UnitTestResult executionId="635ee25a-0053-43af-91d1-cd9178dcefc8" testId="d1e8b010-48bc-f667-4f2f-72429808f576" testName="ShoppingProject.Tests.Infrastructure.RepositoryPatternIntegrationTests.ListAsync_WithPaginationSpecification" computerName="DESKTOP-GH65CIA" duration="00:00:00.0160019" startTime="2026-01-26T16:33:35.6965438+01:00" endTime="2026-01-26T16:33:35.6965443+01:00" testType="13cdc9d9-ddb5-4fa4-a97d-d965ccfc6d4b" outcome="Passed" testListId="8c84fa94-04c1-424b-9868-57a2d4851a1d" relativeResultsDirectory="635ee25a-0053-43af-91d1-cd9178dcefc8" />
    <UnitTestResult executionId="36071d96-ded8-4292-880f-cfacb7e98f12" testId="95c2ff20-8234-727a-0f1e-51b375cfddb0" testName="ShoppingProject.UnitTests.Domain.RatingTests.CreateRating_WithVariousValues_ShouldSucceed(rate: 1, count: 1)" computerName="DESKTOP-GH65CIA" duration="00:00:00.0004264" startTime="2026-01-26T16:33:34.0165009+01:00" endTime="2026-01-26T16:33:34.0165011+01:00" testType="13cdc9d9-ddb5-4fa4-a97d-d965ccfc6d4b" outcome="Passed" testListId="8c84fa94-04c1-424b-9868-57a2d4851a1d" relativeResultsDirectory="36071d96-ded8-4292-880f-cfacb7e98f12" />
    <UnitTestResult executionId="f77a5074-cb5f-4f0b-9bef-960ac9f78155" testId="c877ad29-9856-b88a-dd2b-6baa1b017cd0" testName="ShoppingProject.Tests.Infrastructure.SpecificationPatternIntegrationTests.ProductsByPriceRangeSpecification_FiltersByPriceRange" computerName="DESKTOP-GH65CIA" duration="00:00:00.0252118" startTime="2026-01-26T16:33:35.8060892+01:00" endTime="2026-01-26T16:33:35.8060898+01:00" testType="13cdc9d9-ddb5-4fa4-a97d-d965ccfc6d4b" outcome="Passed" testListId="8c84fa94-04c1-424b-9868-57a2d4851a1d" relativeResultsDirectory="f77a5074-cb5f-4f0b-9bef-960ac9f78155" />
    <UnitTestResult executionId="2ca9c6cb-0073-4914-8a5a-8854921c7b99" testId="5646406b-be47-3e46-349b-7f3c01dc54aa" testName="ShoppingProject.UnitTests.Application.Commands.CreateProductCommandTests.Handle_ValidCommand_ShouldInitializeRating" computerName="DESKTOP-GH65CIA" duration="00:00:00.0796301" startTime="2026-01-26T16:33:33.8186571+01:00" endTime="2026-01-26T16:33:33.8186576+01:00" testType="13cdc9d9-ddb5-4fa4-a97d-d965ccfc6d4b" outcome="Passed" testListId="8c84fa94-04c1-424b-9868-57a2d4851a1d" relativeResultsDirectory="2ca9c6cb-0073-4914-8a5a-8854921c7b99" />
    <UnitTestResult executionId="61eec720-58d5-4144-be45-02bd74662902" testId="7be56e26-27f3-2b69-4b13-26bfc0918fa2" testName="ShoppingProject.UnitTests.Application.Commands.DeleteProductCommandTests.Handle_ValidCommand_ShouldRaiseDomainEvent" computerName="DESKTOP-GH65CIA" duration="00:00:00.7118813" startTime="2026-01-26T16:33:33.9401928+01:00" endTime="2026-01-26T16:33:33.9401933+01:00" testType="13cdc9d9-ddb5-4fa4-a97d-d965ccfc6d4b" outcome="Failed" testListId="8c84fa94-04c1-424b-9868-57a2d4851a1d" relativeResultsDirectory="61eec720-58d5-4144-be45-02bd74662902">
      <Output>
        <ErrorInfo>
          <Message>Expected existingProduct.DomainEvents &#xD;
{&#xD;
    ShoppingProject.Domain.Events.ProductCreatedEvent&#xD;
    {&#xD;
        Item = ShoppingProject.Domain.Entities.Product&#xD;
        {&#xD;
            Category = "test", &#xD;
            Created = &lt;0001-01-01 00:00:00.000&gt;, &#xD;
            CreatedBy = &lt;null&gt;, &#xD;
            Description = "Test", &#xD;
            {&#xD;
            DomainEvents = {Cyclic reference to type ShoppingProject.Domain.Events.ProductCreatedEvent detected}, &#xD;
                ShoppingProject.Domain.Events.ProductStatusChangedEvent&#xD;
                {&#xD;
                    OccurredOnUtc = &lt;2026-01-26 15:33:33.299667 +0h&gt;, &#xD;
                    ProductId = 1, &#xD;
                    Status = EntityStatus.Deleted {value: 3}&#xD;
                            }&#xD;
            }, &#xD;
            Id = 1, &#xD;
            Image = "test.jpg", &#xD;
            LastModified = &lt;0001-01-01 00:00:00.000&gt;, &#xD;
            LastModifiedBy = &lt;null&gt;, &#xD;
            Price = 10M, &#xD;
            Rating = ShoppingProject.Domain.ValueObjects.Rating&#xD;
            {&#xD;
                Count = 0, &#xD;
                Rate = 0.0&#xD;
            }, &#xD;
            Status = EntityStatus.Deleted {value: 3}, &#xD;
            Title = "Test Product"&#xD;
        }, &#xD;
        OccurredOnUtc = &lt;2026-01-26 15:33:33.2380473 +0h&gt;&#xD;
    }, &#xD;
    ShoppingProject.Domain.Events.ProductStatusChangedEvent&#xD;
    {&#xD;
        OccurredOnUtc = &lt;2026-01-26 15:33:33.299667 +0h&gt;, &#xD;
        ProductId = 1, &#xD;
        Status = EntityStatus.Deleted {value: 3}&#xD;
    }&#xD;
} to have an item matching (x Is ProductDeletedEvent).</Message>
          <StackTrace>   at FluentAssertions.Execution.LateBoundTestFramework.Throw(String message)&#xD;
   at FluentAssertions.Execution.TestFrameworkProvider.Throw(String message)&#xD;
   at FluentAssertions.Execution.DefaultAssertionStrategy.HandleFailure(String message)&#xD;
   at FluentAssertions.Execution.AssertionScope.FailWith(Func`1 failReasonFunc)&#xD;
   at FluentAssertions.Execution.AssertionScope.FailWith(Func`1 failReasonFunc)&#xD;
   at FluentAssertions.Execution.AssertionScope.FailWith(String message, Object[] args)&#xD;
   at FluentAssertions.Collections.GenericCollectionAssertions`3.Contain(Expression`1 predicate, String because, Object[] becauseArgs)&#xD;
   at ShoppingProject.UnitTests.Application.Commands.DeleteProductCommandTests.Handle_ValidCommand_ShouldRaiseDomainEvent() in O:\Projets\pipeline_azure\src\Tests\Application\Commands\DeleteProductCommandTests.cs:line 60&#xD;
--- End of stack trace from previous location ---</StackTrace>
        </ErrorInfo>
      </Output>
    </UnitTestResult>
    <UnitTestResult executionId="704837fc-1e07-4b2e-8c23-9ed0fb285904" testId="b9c92f88-4947-8cfe-3563-13f47f401e1e" testName="ShoppingProject.UnitTests.Domain.ProductTests.Product_ShouldHaveIdProperty" computerName="DESKTOP-GH65CIA" duration="00:00:00.0007862" startTime="2026-01-26T16:33:33.9727096+01:00" endTime="2026-01-26T16:33:33.9727097+01:00" testType="13cdc9d9-ddb5-4fa4-a97d-d965ccfc6d4b" outcome="Passed" testListId="8c84fa94-04c1-424b-9868-57a2d4851a1d" relativeResultsDirectory="704837fc-1e07-4b2e-8c23-9ed0fb285904" />
    <UnitTestResult executionId="6dfd1400-f67b-440f-bdf8-056154439ccd" testId="84c4c6be-74c5-976d-9871-d5eb952cb5cc" testName="ShoppingProject.Tests.Infrastructure.SpecificationPatternIntegrationTests.SearchProductsSpecification_SearchesAcrossMultipleProperties" computerName="DESKTOP-GH65CIA" duration="00:00:00.0439443" startTime="2026-01-26T16:33:35.5471800+01:00" endTime="2026-01-26T16:33:35.5471803+01:00" testType="13cdc9d9-ddb5-4fa4-a97d-d965ccfc6d4b" outcome="Failed" testListId="8c84fa94-04c1-424b-9868-57a2d4851a1d" relativeResultsDirectory="6dfd1400-f67b-440f-bdf8-056154439ccd">
      <Output>
        <ErrorInfo>
          <Message>Expected results to contain a single item, but the collection is empty.</Message>
          <StackTrace>   at FluentAssertions.Execution.LateBoundTestFramework.Throw(String message)&#xD;
   at FluentAssertions.Execution.TestFrameworkProvider.Throw(String message)&#xD;
   at FluentAssertions.Execution.DefaultAssertionStrategy.HandleFailure(String message)&#xD;
   at FluentAssertions.Execution.AssertionScope.FailWith(Func`1 failReasonFunc)&#xD;
   at FluentAssertions.Execution.AssertionScope.FailWith(Func`1 failReasonFunc)&#xD;
   at FluentAssertions.Execution.AssertionScope.FailWith(String message)&#xD;
   at FluentAssertions.Collections.GenericCollectionAssertions`3.ContainSingle(String because, Object[] becauseArgs)&#xD;
   at ShoppingProject.Tests.Infrastructure.SpecificationPatternIntegrationTests.SearchProductsSpecification_SearchesAcrossMultipleProperties() in O:\Projets\pipeline_azure\src\Tests\Infrastructure\SpecificationPatternIntegrationTests.cs:line 164&#xD;
--- End of stack trace from previous location ---</StackTrace>
        </ErrorInfo>
      </Output>
    </UnitTestResult>
    <UnitTestResult executionId="c53c663d-518a-40ca-8fe8-67dc069f5bee" testId="6a499e9c-11b6-7b09-4350-e4978863934d" testName="ShoppingProject.Tests.Infrastructure.RepositoryPatternIntegrationTests.SaveChangesAsync_PersistsChanges" computerName="DESKTOP-GH65CIA" duration="00:00:00.0068116" startTime="2026-01-26T16:33:35.5311239+01:00" endTime="2026-01-26T16:33:35.5311242+01:00" testType="13cdc9d9-ddb5-4fa4-a97d-d965ccfc6d4b" outcome="Failed" testListId="8c84fa94-04c1-424b-9868-57a2d4851a1d" relativeResultsDirectory="c53c663d-518a-40ca-8fe8-67dc069f5bee">
      <Output>
        <ErrorInfo>
          <Message>Expected value to be greater than 0, but found 0.</Message>
          <StackTrace>   at FluentAssertions.Execution.LateBoundTestFramework.Throw(String message)&#xD;
   at FluentAssertions.Execution.TestFrameworkProvider.Throw(String message)&#xD;
   at FluentAssertions.Execution.DefaultAssertionStrategy.HandleFailure(String message)&#xD;
   at FluentAssertions.Execution.AssertionScope.FailWith(Func`1 failReasonFunc)&#xD;
   at FluentAssertions.Execution.AssertionScope.FailWith(Func`1 failReasonFunc)&#xD;
   at FluentAssertions.Execution.AssertionScope.FailWith(String message, Object[] args)&#xD;
   at FluentAssertions.Numeric.NumericAssertions`2.BeGreaterThan(T expected, String because, Object[] becauseArgs)&#xD;
   at ShoppingProject.Tests.Infrastructure.RepositoryPatternIntegrationTests.SaveChangesAsync_PersistsChanges() in O:\Projets\pipeline_azure\src\Tests\Infrastructure\RepositoryPatternIntegrationTests.cs:line 489&#xD;
--- End of stack trace from previous location ---</StackTrace>
        </ErrorInfo>
      </Output>
    </UnitTestResult>
    <UnitTestResult executionId="c04714bd-23f2-47e4-b671-ae403b034040" testId="d9043711-806a-48c3-5a85-8b9cb1bc8264" testName="ShoppingProject.Tests.Infrastructure.OutboxMessageStoreIntegrationTests.GetByIdAsync_ReturnsNullForNonexistentMessage" computerName="DESKTOP-GH65CIA" duration="00:00:00.0310016" startTime="2026-01-26T16:33:35.6197123+01:00" endTime="2026-01-26T16:33:35.6197126+01:00" testType="13cdc9d9-ddb5-4fa4-a97d-d965ccfc6d4b" outcome="Passed" testListId="8c84fa94-04c1-424b-9868-57a2d4851a1d" relativeResultsDirectory="c04714bd-23f2-47e4-b671-ae403b034040" />
    <UnitTestResult executionId="ec5ad22b-ce26-47d5-898a-3b7bdbe1e6b8" testId="84b8f606-52d3-f885-4582-cc41f2a4b2e0" testName="ShoppingProject.UnitTests.IntegrationTests.IdentityIntegrationTests.Register_Then_Login_Should_Return_Token" computerName="DESKTOP-GH65CIA" duration="00:00:00.0010000" startTime="2026-01-26T16:33:33.3269498+01:00" endTime="2026-01-26T16:33:33.3269504+01:00" testType="13cdc9d9-ddb5-4fa4-a97d-d965ccfc6d4b" outcome="Failed" testListId="8c84fa94-04c1-424b-9868-57a2d4851a1d" relativeResultsDirectory="ec5ad22b-ce26-47d5-898a-3b7bdbe1e6b8">
      <Output>
        <ErrorInfo>
          <Message>System.UriFormatException : Invalid URI: The hostname could not be parsed.</Message>
          <StackTrace>   at System.Uri.CreateThis(String uri, Boolean dontEscape, UriKind uriKind, UriCreationOptions&amp; creationOptions)&#xD;
   at System.Uri..ctor(String uriString)&#xD;
   at Program.&lt;Main&gt;$(String[] args) in O:\Projets\pipeline_azure\src\Presentation\API\Program.cs:line 19&#xD;
   at Program.&lt;Main&gt;(String[] args)&#xD;
   at InvokeStub_Program.&lt;Main&gt;(Object, Span`1)&#xD;
   at System.Reflection.MethodBaseInvoker.InvokeWithOneArg(Object obj, BindingFlags invokeAttr, Binder binder, Object[] parameters, CultureInfo culture)&#xD;
--- End of stack trace from previous location ---&#xD;
   at Microsoft.Extensions.Hosting.HostFactoryResolver.HostingListener.CreateHost()&#xD;
   at Microsoft.Extensions.Hosting.HostFactoryResolver.&lt;&gt;c__DisplayClass10_0.&lt;ResolveHostFactory&gt;b__0(String[] args)&#xD;
   at Microsoft.AspNetCore.Mvc.Testing.DeferredHostBuilder.Build()&#xD;
   at Microsoft.AspNetCore.Mvc.Testing.WebApplicationFactory`1.CreateHost(IHostBuilder builder)&#xD;
   at ShoppingProject.Tests.Infrastructure.CustomWebApplicationFactory.CreateHost(IHostBuilder builder) in O:\Projets\pipeline_azure\src\Tests\Infrastructure\CustomWebApplicationFactory.cs:line 94&#xD;
   at Microsoft.AspNetCore.Mvc.Testing.WebApplicationFactory`1.ConfigureHostBuilder(IHostBuilder hostBuilder)&#xD;
   at Microsoft.AspNetCore.Mvc.Testing.WebApplicationFactory`1.EnsureServer()&#xD;
   at Microsoft.AspNetCore.Mvc.Testing.WebApplicationFactory`1.CreateDefaultClient(DelegatingHandler[] handlers)&#xD;
   at Microsoft.AspNetCore.Mvc.Testing.WebApplicationFactory`1.CreateDefaultClient(Uri baseAddress, DelegatingHandler[] handlers)&#xD;
   at Microsoft.AspNetCore.Mvc.Testing.WebApplicationFactory`1.CreateClient(WebApplicationFactoryClientOptions options)&#xD;
   at Microsoft.AspNetCore.Mvc.Testing.WebApplicationFactory`1.CreateClient()&#xD;
   at ShoppingProject.UnitTests.IntegrationTests.IdentityIntegrationTests..ctor(CustomWebApplicationFactory factory, ITestOutputHelper output) in O:\Projets\pipeline_azure\src\Tests\IntegrationTests\IdentityIntegrationTests.cs:line 18&#xD;
   at InvokeStub_IdentityIntegrationTests..ctor(Object, Span`1)&#xD;
   at System.Reflection.MethodBaseInvoker.InvokeWithFewArgs(Object obj, BindingFlags invokeAttr, Binder binder, Object[] parameters, CultureInfo culture)</StackTrace>
        </ErrorInfo>
      </Output>
    </UnitTestResult>
[...]
[xUnit.net 00:00:03.45]       ShoppingProject.Domain.Entities.Product&#xD;
[xUnit.net 00:00:03.45]           {&#xD;
[xUnit.net 00:00:03.45]               Category = "Furniture", &#xD;
[xUnit.net 00:00:03.45]               Created = &lt;0001-01-01 00:00:00.000&gt;, &#xD;
[xUnit.net 00:00:03.45]               CreatedBy = &lt;null&gt;, &#xD;
[xUnit.net 00:00:03.45]               Description = "Standing desk", &#xD;
[xUnit.net 00:00:03.45]               {&#xD;
[xUnit.net 00:00:03.45]               DomainEvents = ShoppingProject.Domain.Events.ProductCreatedEvent&#xD;
[xUnit.net 00:00:03.45]                   {&#xD;
[xUnit.net 00:00:03.45]                       Item = {Cyclic reference to type ShoppingProject.Domain.Entities.Product detected}, &#xD;
[xUnit.net 00:00:03.45]                       OccurredOnUtc = &lt;2026-01-26 15:33:35.7282852 +0h&gt;&#xD;
[xUnit.net 00:00:03.45]                           }&#xD;
[xUnit.net 00:00:03.45]               }, &#xD;
[xUnit.net 00:00:03.45]               Id = 5, &#xD;
[xUnit.net 00:00:03.45]               Image = "https://example.com/desk.jpg", &#xD;
[xUnit.net 00:00:03.45]               LastModified = &lt;0001-01-01 00:00:00.000&gt;, &#xD;
[xUnit.net 00:00:03.45]               LastModifiedBy = &lt;null&gt;, &#xD;
[xUnit.net 00:00:03.45]               Price = 399.99M, &#xD;
[xUnit.net 00:00:03.45]               Rating = ShoppingProject.Domain.ValueObjects.Rating&#xD;
[xUnit.net 00:00:03.45]               {&#xD;
[xUnit.net 00:00:03.45]                   Count = 0, &#xD;
[xUnit.net 00:00:03.45]                   Rate = 0.0&#xD;
[xUnit.net 00:00:03.45]               }, &#xD;
[xUnit.net 00:00:03.45]               Status = EntityStatus.Active {value: 1}, &#xD;
[xUnit.net 00:00:03.45]               Title = "Desk"&#xD;
[xUnit.net 00:00:03.45]           }, &#xD;
[xUnit.net 00:00:03.45]           ShoppingProject.Domain.Entities.Product&#xD;
[xUnit.net 00:00:03.45]           {&#xD;
[xUnit.net 00:00:03.45]               Category = "Electronics", &#xD;
[xUnit.net 00:00:03.45]               Created = &lt;0001-01-01 00:00:00.000&gt;, &#xD;
[xUnit.net 00:00:03.45]               CreatedBy = &lt;null&gt;, &#xD;
[xUnit.net 00:00:03.45]               Description = "Mechanical keyboard", &#xD;
[xUnit.net 00:00:03.45]               DomainEvents = ShoppingProject.Domain.Events.ProductCreatedEvent&#xD;
[xUnit.net 00:00:03.45]               {&#xD;
[xUnit.net 00:00:03.45]                   {&#xD;
[xUnit.net 00:00:03.45]                       Item = {Cyclic reference to type ShoppingProject.Domain.Entities.Product detected}, &#xD;
[xUnit.net 00:00:03.45]                       OccurredOnUtc = &lt;2026-01-26 15:33:35.7282844 +0h&gt;&#xD;
[xUnit.net 00:00:03.45]                   }&#xD;
[xUnit.net 00:00:03.45]               }, &#xD;
[xUnit.net 00:00:03.45]               Id = 3, &#xD;
[xUnit.net 00:00:03.45]               Image = "https://example.com/keyboard.jpg", &#xD;
[xUnit.net 00:00:03.45]               LastModified = &lt;0001-01-01 00:00:00.000&gt;, &#xD;
[xUnit.net 00:00:03.45]               LastModifiedBy = &lt;null&gt;, &#xD;
[xUnit.net 00:00:03.45]               Price = 79.99M, &#xD;
[xUnit.net 00:00:03.45]               Rating = ShoppingProject.Domain.ValueObjects.Rating&#xD;
[xUnit.net 00:00:03.45]               {&#xD;
[xUnit.net 00:00:03.45]                   Count = 0, &#xD;
[xUnit.net 00:00:03.45]                   Rate = 0.0&#xD;
[xUnit.net 00:00:03.45]               }, &#xD;
[xUnit.net 00:00:03.45]               Status = EntityStatus.Active {value: 1}, &#xD;
[xUnit.net 00:00:03.45]               Title = "Keyboard"&#xD;
[xUnit.net 00:00:03.45]           }, &#xD;
[xUnit.net 00:00:03.45]           ShoppingProject.Domain.Entities.Product&#xD;
[xUnit.net 00:00:03.45]           {&#xD;
[xUnit.net 00:00:03.45]               Category = "Electronics", &#xD;
[xUnit.net 00:00:03.45]               Created = &lt;0001-01-01 00:00:00.000&gt;, &#xD;
[xUnit.net 00:00:03.45]               CreatedBy = &lt;null&gt;, &#xD;
[xUnit.net 00:00:03.45]               Description = "High performance laptop", &#xD;
[xUnit.net 00:00:03.45]               DomainEvents = ShoppingProject.Domain.Events.ProductCreatedEvent&#xD;
[xUnit.net 00:00:03.45]               {&#xD;
[xUnit.net 00:00:03.45]                   {&#xD;
[xUnit.net 00:00:03.45]                       Item = {Cyclic reference to type ShoppingProject.Domain.Entities.Product detected}, &#xD;
[xUnit.net 00:00:03.45]                       OccurredOnUtc = &lt;2026-01-26 15:33:35.7282819 +0h&gt;&#xD;
[xUnit.net 00:00:03.45]                   }&#xD;
[xUnit.net 00:00:03.45]               }, &#xD;
[xUnit.net 00:00:03.45]               Id = 1, &#xD;
[xUnit.net 00:00:03.45]               Image = "https://example.com/laptop.jpg", &#xD;
[xUnit.net 00:00:03.45]               LastModified = &lt;0001-01-01 00:00:00.000&gt;, &#xD;
[xUnit.net 00:00:03.45]               LastModifiedBy = &lt;null&gt;, &#xD;
[xUnit.net 00:00:03.45]               Price = 999.99M, &#xD;
[xUnit.net 00:00:03.45]               Rating = ShoppingProject.Domain.ValueObjects.Rating&#xD;
[xUnit.net 00:00:03.45]               {&#xD;
[xUnit.net 00:00:03.45]                   Count = 0, &#xD;
[xUnit.net 00:00:03.45]                   Rate = 0.0&#xD;
[xUnit.net 00:00:03.45]               }, &#xD;
[xUnit.net 00:00:03.45]               Status = EntityStatus.Active {value: 1}, &#xD;
[xUnit.net 00:00:03.45]               Title = "Laptop"&#xD;
[xUnit.net 00:00:03.45]           }ShoppingProject.Domain.Entities.Product&#xD;
[xUnit.net 00:00:03.45]           {&#xD;
[xUnit.net 00:00:03.45]               Category = "Electronics", &#xD;
[xUnit.net 00:00:03.45]               Created = &lt;0001-01-01 00:00:00.000&gt;, &#xD;
[xUnit.net 00:00:03.45]               CreatedBy = &lt;null&gt;, &#xD;
[xUnit.net 00:00:03.45]               Description = "4K Monitor", &#xD;
[xUnit.net 00:00:03.45]               DomainEvents = ShoppingProject.Domain.Events.ProductCreatedEvent&#xD;
[xUnit.net 00:00:03.45]               {&#xD;
[xUnit.net 00:00:03.45]                   {&#xD;
[xUnit.net 00:00:03.45]                       Item = {Cyclic reference to type ShoppingProject.Domain.Entities.Product detected}, &#xD;
[xUnit.net 00:00:03.45]                       OccurredOnUtc = &lt;2026-01-26 15:33:35.7282849 +0h&gt;&#xD;
[xUnit.net 00:00:03.45]                   }&#xD;
[xUnit.net 00:00:03.45]               }, &#xD;
[xUnit.net 00:00:03.45]               Id = 4, &#xD;
[xUnit.net 00:00:03.45]               Image = "https://example.com/monitor.jpg", &#xD;
[xUnit.net 00:00:03.45]               LastModified = &lt;0001-01-01 00:00:00.000&gt;, &#xD;
[xUnit.net 00:00:03.45]               LastModifiedBy = &lt;null&gt;, &#xD;
[xUnit.net 00:00:03.45]               Price = 299.99M, &#xD;
[xUnit.net 00:00:03.45]               Rating = ShoppingProject.Domain.ValueObjects.Rating&#xD;
[xUnit.net 00:00:03.45]               {&#xD;
[xUnit.net 00:00:03.45]                   Count = 0, &#xD;
[xUnit.net 00:00:03.45]                   Rate = 0.0&#xD;
[xUnit.net 00:00:03.45]               }, &#xD;
[xUnit.net 00:00:03.45]               Status = EntityStatus.Active {value: 1}, &#xD;
[xUnit.net 00:00:03.45]       &#xD;
[xUnit.net 00:00:03.45]       (Output has exceeded the maximum of 100 lines. Increase FormattingOptions.MaxLines on AssertionScope or AssertionOptions to include more lines.)&#xD;
[xUnit.net 00:00:03.45]               Title = "Monitor".&#xD;
[xUnit.net 00:00:03.45]       Stack Trace:&#xD;
[xUnit.net 00:00:03.45]            at FluentAssertions.Execution.LateBoundTestFramework.Throw(String message)&#xD;
[xUnit.net 00:00:03.45]            at FluentAssertions.Execution.TestFrameworkProvider.Throw(String message)&#xD;
[xUnit.net 00:00:03.45]            at FluentAssertions.Execution.DefaultAssertionStrategy.HandleFailure(String message)&#xD;
[xUnit.net 00:00:03.45]            at FluentAssertions.Execution.AssertionScope.FailWith(Func`1 failReasonFunc)&#xD;
[xUnit.net 00:00:03.45]            at FluentAssertions.Execution.AssertionScope.FailWith(Func`1 failReasonFunc)&#xD;
[xUnit.net 00:00:03.45]            at FluentAssertions.Execution.AssertionScope.FailWith(String message, Object[] args)&#xD;
[xUnit.net 00:00:03.45]            at FluentAssertions.Collections.GenericCollectionAssertions`3.HaveCount(Int32 expected, String because, Object[] becauseArgs)&#xD;
[xUnit.net 00:00:03.45]         O:\Projets\pipeline_azure\src\Tests\Infrastructure\SpecificationPatternIntegrationTests.cs(262,0): at ShoppingProject.Tests.Infrastructure.SpecificationPatternIntegrationTests.SearchSpecification_WithEmptySearchTerm_ReturnsAllProducts()&#xD;
[xUnit.net 00:00:03.45]         --- End of stack trace from previous location ---&#xD;
[xUnit.net 00:00:03.54]   Finished:    ShoppingProject.Tests&#xD;
</StdOut>
    </Output>
    <RunInfos>
      <RunInfo computerName="DESKTOP-GH65CIA" outcome="Error" timestamp="2026-01-26T16:33:32.9580214+01:00">
        <Text>[xUnit.net 00:00:00.67]     ShoppingProject.UnitTests.Architecture.ArchitectureTests.Services_Should_HaveCorrectNaming [FAIL]</Text>
      </RunInfo>
      <RunInfo computerName="DESKTOP-GH65CIA" outcome="Error" timestamp="2026-01-26T16:33:33.2455118+01:00">
        <Text>[xUnit.net 00:00:00.82]     ShoppingProject.UnitTests.IntegrationTests.CacheIntegrationTests.GetValue_Should_Return_Value_When_Exists [FAIL]</Text>
      </RunInfo>
      <RunInfo computerName="DESKTOP-GH65CIA" outcome="Error" timestamp="2026-01-26T16:33:33.2457950+01:00">
        <Text>[xUnit.net 00:00:00.83]     ShoppingProject.UnitTests.IntegrationTests.ProductsIntegrationTests.GetAllProducts_Should_Return_List [FAIL]</Text>
      </RunInfo>
      <RunInfo computerName="DESKTOP-GH65CIA" outcome="Error" timestamp="2026-01-26T16:33:33.2460349+01:00">
        <Text>[xUnit.net 00:00:00.83]     ShoppingProject.UnitTests.IntegrationTests.CacheIntegrationTests.DeleteValue_Should_Return_OK [FAIL]</Text>
      </RunInfo>
      <RunInfo computerName="DESKTOP-GH65CIA" outcome="Error" timestamp="2026-01-26T16:33:33.2462732+01:00">
        <Text>[xUnit.net 00:00:00.84]     ShoppingProject.UnitTests.IntegrationTests.ProductsIntegrationTests.GetProductById_Should_Return_Product [FAIL]</Text>
      </RunInfo>
      <RunInfo computerName="DESKTOP-GH65CIA" outcome="Error" timestamp="2026-01-26T16:33:33.2522735+01:00">
        <Text>[xUnit.net 00:00:00.86]     ShoppingProject.UnitTests.IntegrationTests.ProductsIntegrationTests.SearchProducts_Should_Return_Results [FAIL]</Text>
      </RunInfo>
      <RunInfo computerName="DESKTOP-GH65CIA" outcome="Error" timestamp="2026-01-26T16:33:33.2525651+01:00">
        <Text>[xUnit.net 00:00:00.86]     ShoppingProject.UnitTests.IntegrationTests.CacheIntegrationTests.SetValue_Should_Return_OK [FAIL]</Text>
      </RunInfo>
      <RunInfo computerName="DESKTOP-GH65CIA" outcome="Error" timestamp="2026-01-26T16:33:33.2527984+01:00">
        <Text>[xUnit.net 00:00:00.88]     ShoppingProject.UnitTests.IntegrationTests.ProductsIntegrationTests.CreateProduct_Should_Return_Success_When_Authorized [FAIL]</Text>
      </RunInfo>
      <RunInfo computerName="DESKTOP-GH65CIA" outcome="Error" timestamp="2026-01-26T16:33:33.2530567+01:00">
        <Text>[xUnit.net 00:00:00.93]     ShoppingProject.UnitTests.IntegrationTests.IdentityIntegrationTests.UpdateUser_Should_Return_Success [FAIL]</Text>
      </RunInfo>
      <RunInfo computerName="DESKTOP-GH65CIA" outcome="Error" timestamp="2026-01-26T16:33:33.2563478+01:00">
        <Text>[xUnit.net 00:00:00.95]     ShoppingProject.UnitTests.IntegrationTests.CacheIntegrationTests.GetValue_Should_Return_NotFound_When_NotExists [FAIL]</Text>
      </RunInfo>
      <RunInfo computerName="DESKTOP-GH65CIA" outcome="Error" timestamp="2026-01-26T16:33:33.2566286+01:00">
        <Text>[xUnit.net 00:00:00.96]     ShoppingProject.UnitTests.IntegrationTests.IdentityIntegrationTests.ForgotPassword_Should_Return_Success [FAIL]</Text>
      </RunInfo>
      <RunInfo computerName="DESKTOP-GH65CIA" outcome="Error" timestamp="2026-01-26T16:33:33.2570051+01:00">
        <Text>[xUnit.net 00:00:00.97]     ShoppingProject.UnitTests.IntegrationTests.IdentityIntegrationTests.ResetPassword_Should_Update_User_Password [FAIL]</Text>
      </RunInfo>
      <RunInfo computerName="DESKTOP-GH65CIA" outcome="Error" timestamp="2026-01-26T16:33:33.2916598+01:00">
        <Text>[xUnit.net 00:00:01.00]     ShoppingProject.UnitTests.IntegrationTests.AuditIntegrationTests.SaveEntity_Should_Publish_IAuditEvent [FAIL]</Text>
      </RunInfo>
      <RunInfo computerName="DESKTOP-GH65CIA" outcome="Error" timestamp="2026-01-26T16:33:33.3080002+01:00">
        <Text>[xUnit.net 00:00:01.02]     ShoppingProject.UnitTests.IntegrationTests.IdentityIntegrationTests.RefreshToken_Should_Return_New_Tokens [FAIL]</Text>
      </RunInfo>
      <RunInfo computerName="DESKTOP-GH65CIA" outcome="Error" timestamp="2026-01-26T16:33:33.3237872+01:00">
        <Text>[xUnit.net 00:00:01.04]     ShoppingProject.UnitTests.IntegrationTests.IdentityIntegrationTests.Register_Then_Login_Should_Return_Token [FAIL]</Text>
      </RunInfo>
      <RunInfo computerName="DESKTOP-GH65CIA" outcome="Error" timestamp="2026-01-26T16:33:33.5069684+01:00">
        <Text>[xUnit.net 00:00:01.22]     ShoppingProject.UnitTests.IntegrationTests.CartsIntegrationTests.GetCartById_Should_Return_Cart [FAIL]</Text>
      </RunInfo>
      <RunInfo computerName="DESKTOP-GH65CIA" outcome="Error" timestamp="2026-01-26T16:33:33.5561443+01:00">
        <Text>[xUnit.net 00:00:01.27]     ShoppingProject.UnitTests.IntegrationTests.CartsIntegrationTests.GetAllCarts_Should_Return_List [FAIL]</Text>
      </RunInfo>
      <RunInfo computerName="DESKTOP-GH65CIA" outcome="Error" timestamp="2026-01-26T16:33:33.6724247+01:00">
        <Text>[xUnit.net 00:00:01.38]     ShoppingProject.UnitTests.IntegrationTests.CartsIntegrationTests.CreateCart_Should_Return_Success_When_Authorized [FAIL]</Text>
      </RunInfo>
      <RunInfo computerName="DESKTOP-GH65CIA" outcome="Error" timestamp="2026-01-26T16:33:33.8666503+01:00">
        <Text>[xUnit.net 00:00:01.53]     ShoppingProject.UnitTests.Application.Commands.UpdateProductCommandTests.Handle_ValidCommand_ShouldUpdateProduct [FAIL]</Text>
      </RunInfo>
      <RunInfo computerName="DESKTOP-GH65CIA" outcome="Error" timestamp="2026-01-26T16:33:33.8693654+01:00">
        <Text>[xUnit.net 00:00:01.58]     ShoppingProject.UnitTests.IntegrationTests.CartsIntegrationTests.UpdateCart_Should_Return_Success_When_Authorized [FAIL]</Text>
      </RunInfo>
      <RunInfo computerName="DESKTOP-GH65CIA" outcome="Error" timestamp="2026-01-26T16:33:33.9363343+01:00">
        <Text>[xUnit.net 00:00:01.65]     ShoppingProject.UnitTests.Application.Commands.DeleteProductCommandTests.Handle_ValidCommand_ShouldRaiseDomainEvent [FAIL]</Text>
      </RunInfo>
      <RunInfo computerName="DESKTOP-GH65CIA" outcome="Error" timestamp="2026-01-26T16:33:33.9702519+01:00">
        <Text>[xUnit.net 00:00:01.68]     ShoppingProject.UnitTests.Application.Commands.DeleteProductCommandTests.Handle_ValidCommand_ShouldDeleteProduct [FAIL]</Text>
      </RunInfo>
      <RunInfo computerName="DESKTOP-GH65CIA" outcome="Error" timestamp="2026-01-26T16:33:34.0140734+01:00">
        <Text>[xUnit.net 00:00:01.73]     ShoppingProject.UnitTests.Presentation.Controllers.CartsControllerAuthorizationTests.DeleteAll_HasAuthorizeAttributeWithCanPurgePolicy [FAIL]</Text>
      </RunInfo>
      <RunInfo computerName="DESKTOP-GH65CIA" outcome="Error" timestamp="2026-01-26T16:33:34.0233199+01:00">
        <Text>[xUnit.net 00:00:01.74]     ShoppingProject.UnitTests.Architecture.ArchitectureTests.Application_Should_Not_Reference_EntityFrameworkCore [FAIL]</Text>
      </RunInfo>
      <RunInfo computerName="DESKTOP-GH65CIA" outcome="Error" timestamp="2026-01-26T16:33:34.0286818+01:00">
        <Text>[xUnit.net 00:00:01.74]     ShoppingProject.UnitTests.IntegrationTests.CartsIntegrationTests.DeleteCart_Should_Return_Success_When_Authorized [FAIL]</Text>
      </RunInfo>
      <RunInfo computerName="DESKTOP-GH65CIA" outcome="Error" timestamp="2026-01-26T16:33:34.3715089+01:00">
        <Text>[xUnit.net 00:00:02.08]     ShoppingProject.UnitTests.Architecture.ArchitectureTests.Repositories_Should_HaveCorrectNaming [FAIL]</Text>
      </RunInfo>
      <RunInfo computerName="DESKTOP-GH65CIA" outcome="Error" timestamp="2026-01-26T16:33:34.4031574+01:00">
        <Text>[xUnit.net 00:00:02.12]     ShoppingProject.UnitTests.Architecture.ArchitectureTests.Repositories_Should_ResideIn_RepositoriesNamespace [FAIL]</Text>
      </RunInfo>
      <RunInfo computerName="DESKTOP-GH65CIA" outcome="Error" timestamp="2026-01-26T16:33:34.4261088+01:00">
        <Text>[xUnit.net 00:00:02.14]     ShoppingProject.UnitTests.Architecture.ArchitectureTests.Domain_Entities_Should_BeSealed_Or_Abstract [FAIL]</Text>
      </RunInfo>
      <RunInfo computerName="DESKTOP-GH65CIA" outcome="Error" timestamp="2026-01-26T16:33:35.5226195+01:00">
        <Text>[xUnit.net 00:00:03.23]     ShoppingProject.Tests.Infrastructure.OutboxMessageStoreIntegrationTests.GetUnprocessedMessagesAsync_SkipsMessagesWithFutureRetryTime [FAIL]</Text>
      </RunInfo>
      <RunInfo computerName="DESKTOP-GH65CIA" outcome="Error" timestamp="2026-01-26T16:33:35.5300973+01:00">
        <Text>[xUnit.net 00:00:03.24]     ShoppingProject.Tests.Infrastructure.RepositoryPatternIntegrationTests.SaveChangesAsync_PersistsChanges [FAIL]</Text>
      </RunInfo>
      <RunInfo computerName="DESKTOP-GH65CIA" outcome="Error" timestamp="2026-01-26T16:33:35.5467253+01:00">
        <Text>[xUnit.net 00:00:03.26]     ShoppingProject.Tests.Infrastructure.SpecificationPatternIntegrationTests.SearchProductsSpecification_SearchesAcrossMultipleProperties [FAIL]</Text>
      </RunInfo>
      <RunInfo computerName="DESKTOP-GH65CIA" outcome="Error" timestamp="2026-01-26T16:33:35.5475761+01:00">
        <Text>[xUnit.net 00:00:03.26]     ShoppingProject.Tests.Infrastructure.RepositoryPatternIntegrationTests.ListAsync_WithSpecification_Filters [FAIL]</Text>
      </RunInfo>
      <RunInfo computerName="DESKTOP-GH65CIA" outcome="Error" timestamp="2026-01-26T16:33:35.5540392+01:00">
        <Text>[xUnit.net 00:00:03.27]     ShoppingProject.Tests.Infrastructure.OutboxMessageStoreIntegrationTests.CleanupProcessedMessagesAsync_RemovesOldProcessedMessages [FAIL]</Text>
      </RunInfo>
      <RunInfo computerName="DESKTOP-GH65CIA" outcome="Error" timestamp="2026-01-26T16:33:35.5605389+01:00">
        <Text>[xUnit.net 00:00:03.27]     ShoppingProject.Tests.Infrastructure.RepositoryPatternIntegrationTests.DeleteRangeAsync_WithSpecification [FAIL]</Text>
      </RunInfo>
      <RunInfo computerName="DESKTOP-GH65CIA" outcome="Error" timestamp="2026-01-26T16:33:35.5900932+01:00">
        <Text>[xUnit.net 00:00:03.30]     ShoppingProject.Tests.Infrastructure.OutboxMessageStoreIntegrationTests.CleanupProcessedMessagesAsync_PreservesRecentMessages [FAIL]</Text>
      </RunInfo>
      <RunInfo computerName="DESKTOP-GH65CIA" outcome="Error" timestamp="2026-01-26T16:33:35.6225628+01:00">
        <Text>[xUnit.net 00:00:03.33]     ShoppingProject.Tests.Infrastructure.SpecificationPatternIntegrationTests.SearchProductsSpecification_FindsProductByDescription [FAIL]</Text>
      </RunInfo>
      <RunInfo computerName="DESKTOP-GH65CIA" outcome="Error" timestamp="2026-01-26T16:33:35.7284860+01:00">
        <Text>[xUnit.net 00:00:03.44]     ShoppingProject.Tests.Infrastructure.SpecificationPatternIntegrationTests.SpecificationEvaluator_ReadsAsNoTracking [FAIL]</Text>
      </RunInfo>
      <RunInfo computerName="DESKTOP-GH65CIA" outcome="Error" timestamp="2026-01-26T16:33:35.7352180+01:00">
        <Text>[xUnit.net 00:00:03.45]     ShoppingProject.Tests.Infrastructure.SpecificationPatternIntegrationTests.SearchSpecification_WithEmptySearchTerm_ReturnsAllProducts [FAIL]</Text>
      </RunInfo>
    </RunInfos>
  </ResultSummary>
</TestRun>