<?xml version="1.0" encoding="utf-8"?>
<TestRun id="a2a37d48-850f-40e7-8202-499cbdfff2cd" name="hp@DESKTOP-GH65CIA 2026-01-26 16:30:50" runUser="DESKTOP-GH65CIA\hp" xmlns="http://microsoft.com/schemas/VisualStudio/TeamTest/2010">
  <Times creation="2026-01-26T16:30:50.4183626+01:00" queuing="2026-01-26T16:30:50.4183633+01:00" start="2026-01-26T16:30:48.4974690+01:00" finish="2026-01-26T16:30:52.9147995+01:00" />
  <TestSettings name="default" id="0a177cea-beae-49ec-ab98-9a38ca44de55">
    <Deployment runDeploymentRoot="hp_DESKTOP-GH65CIA_2026-01-26_16_30_50" />
  </TestSettings>
  <Results>
    <UnitTestResult executionId="edb0dfbd-64c7-45bc-a37d-cafdbf5f7726" testId="8438f0a5-561f-7ed6-018e-986efc117d06" testName="ShoppingProject.UnitTests.Architecture.ArchitectureTests.Domain_Entities_Should_BeSealed_Or_Abstract" computerName="DESKTOP-GH65CIA" duration="00:00:00.0042048" startTime="2026-01-26T16:30:51.4865577+01:00" endTime="2026-01-26T16:30:51.4865581+01:00" testType="13cdc9d9-ddb5-4fa4-a97d-d965ccfc6d4b" outcome="Failed" testListId="8c84fa94-04c1-424b-9868-57a2d4851a1d" relativeResultsDirectory="edb0dfbd-64c7-45bc-a37d-cafdbf5f7726">
      <Output>
        <ErrorInfo>
          <Message>All domain entities should be sealed or abstract to prevent unintended inheritance</Message>
          <StackTrace>   at ShoppingProject.UnitTests.Architecture.ArchitectureTests.Domain_Entities_Should_BeSealed_Or_Abstract() in O:\Projets\pipeline_azure\src\Tests\Architecture\ArchitectureTests.cs:line 128&#xD;
   at System.Reflection.MethodBaseInvoker.InterpretedInvoke_Method(Object obj, IntPtr* args)&#xD;
   at System.Reflection.MethodBaseInvoker.InvokeWithNoArgs(Object obj, BindingFlags invokeAttr)</StackTrace>
        </ErrorInfo>
      </Output>
    </UnitTestResult>
    <UnitTestResult executionId="b12c4fc8-564e-455a-9161-7aeb5443f23c" testId="2953e3a7-b93c-c42f-5873-362c13a2304a" testName="ShoppingProject.Tests.Infrastructure.SpecificationPatternIntegrationTests.SpecificationEvaluator_AppliesOrderingCorrectly" computerName="DESKTOP-GH65CIA" duration="00:00:00.3923793" startTime="2026-01-26T16:30:52.3916292+01:00" endTime="2026-01-26T16:30:52.3916298+01:00" testType="13cdc9d9-ddb5-4fa4-a97d-d965ccfc6d4b" outcome="Passed" testListId="8c84fa94-04c1-424b-9868-57a2d4851a1d" relativeResultsDirectory="b12c4fc8-564e-455a-9161-7aeb5443f23c" />
    <UnitTestResult executionId="e376ab61-f00f-44c2-b46e-b40dd266f1fe" testId="4d0c3f43-2dd4-6238-abad-e10d7d964a9e" testName="ShoppingProject.Tests.Application.Common.ErrorTests.Conflict_CreatesConflictError" computerName="DESKTOP-GH65CIA" duration="00:00:00.0003925" startTime="2026-01-26T16:30:50.7490111+01:00" endTime="2026-01-26T16:30:50.7490115+01:00" testType="13cdc9d9-ddb5-4fa4-a97d-d965ccfc6d4b" outcome="Passed" testListId="8c84fa94-04c1-424b-9868-57a2d4851a1d" relativeResultsDirectory="e376ab61-f00f-44c2-b46e-b40dd266f1fe" />
    <UnitTestResult executionId="00bdd352-0694-418e-aeb2-1d5a327dc0d7" testId="f0e4bf98-f8d9-fc50-1b0a-42351911a763" testName="ShoppingProject.UnitTests.Domain.RatingTests.Rating_ShouldBeValueObject" computerName="DESKTOP-GH65CIA" duration="00:00:00.0007958" startTime="2026-01-26T16:30:50.4235714+01:00" endTime="2026-01-26T16:30:50.4235717+01:00" testType="13cdc9d9-ddb5-4fa4-a97d-d965ccfc6d4b" outcome="Passed" testListId="8c84fa94-04c1-424b-9868-57a2d4851a1d" relativeResultsDirectory="00bdd352-0694-418e-aeb2-1d5a327dc0d7" />
    <UnitTestResult executionId="927f097f-6453-4c93-a199-694ca232e4fb" testId="0ea04e41-5b09-d2cc-1a4b-f3892d25c2e8" testName="ShoppingProject.Tests.Infrastructure.SpecificationPatternIntegrationTests.SearchSpecification_WithEmptySearchTerm_ReturnsAllProducts" computerName="DESKTOP-GH65CIA" duration="00:00:00.0086771" startTime="2026-01-26T16:30:52.6495034+01:00" endTime="2026-01-26T16:30:52.6495037+01:00" testType="13cdc9d9-ddb5-4fa4-a97d-d965ccfc6d4b" outcome="Failed" testListId="8c84fa94-04c1-424b-9868-57a2d4851a1d" relativeResultsDirectory="927f097f-6453-4c93-a199-694ca232e4fb">
      <Output>
        <ErrorInfo>
          <Message>Expected collection to contain 6 item(s), but found 5: &#xD;
ShoppingProject.Domain.Entities.Product&#xD;
    {&#xD;
        Category = "Furniture", &#xD;
        Created = &lt;0001-01-01 00:00:00.000&gt;, &#xD;
        CreatedBy = &lt;null&gt;, &#xD;
        Description = "Standing desk", &#xD;
        {&#xD;
        DomainEvents = ShoppingProject.Domain.Events.ProductCreatedEvent&#xD;
            {&#xD;
                Item = {Cyclic reference to type ShoppingProject.Domain.Entities.Product detected}, &#xD;
                OccurredOnUtc = &lt;2026-01-26 15:30:52.6305652 +0h&gt;&#xD;
                    }&#xD;
        }, &#xD;
        Id = 5, &#xD;
        Image = "https://example.com/desk.jpg", &#xD;
        LastModified = &lt;0001-01-01 00:00:00.000&gt;, &#xD;
        LastModifiedBy = &lt;null&gt;, &#xD;
        Price = 399.99M, &#xD;
        Rating = ShoppingProject.Domain.ValueObjects.Rating&#xD;
        {&#xD;
            Count = 0, &#xD;
            Rate = 0.0&#xD;
        }, &#xD;
        Status = EntityStatus.Active {value: 1}, &#xD;
        Title = "Desk"&#xD;
    }, &#xD;
    ShoppingProject.Domain.Entities.Product&#xD;
    {&#xD;
        Category = "Electronics", &#xD;
        Created = &lt;0001-01-01 00:00:00.000&gt;, &#xD;
        CreatedBy = &lt;null&gt;, &#xD;
        Description = "Mechanical keyboard", &#xD;
        DomainEvents = ShoppingProject.Domain.Events.ProductCreatedEvent&#xD;
        {&#xD;
            {&#xD;
                Item = {Cyclic reference to type ShoppingProject.Domain.Entities.Product detected}, &#xD;
                OccurredOnUtc = &lt;2026-01-26 15:30:52.6305642 +0h&gt;&#xD;
            }&#xD;
        }, &#xD;
        Id = 3, &#xD;
        Image = "https://example.com/keyboard.jpg", &#xD;
        LastModified = &lt;0001-01-01 00:00:00.000&gt;, &#xD;
        LastModifiedBy = &lt;null&gt;, &#xD;
        Price = 79.99M, &#xD;
        Rating = ShoppingProject.Domain.ValueObjects.Rating&#xD;
        {&#xD;
            Count = 0, &#xD;
            Rate = 0.0&#xD;
        }, &#xD;
        Status = EntityStatus.Active {value: 1}, &#xD;
        Title = "Keyboard"&#xD;
    }, &#xD;
    ShoppingProject.Domain.Entities.Product&#xD;
    {&#xD;
        Category = "Electronics", &#xD;
        Created = &lt;0001-01-01 00:00:00.000&gt;, &#xD;
        CreatedBy = &lt;null&gt;, &#xD;
        Description = "High performance laptop", &#xD;
        DomainEvents = ShoppingProject.Domain.Events.ProductCreatedEvent&#xD;
        {&#xD;
            {&#xD;
                Item = {Cyclic reference to type ShoppingProject.Domain.Entities.Product detected}, &#xD;
                OccurredOnUtc = &lt;2026-01-26 15:30:52.6305617 +0h&gt;&#xD;
            }&#xD;
        }, &#xD;
        Id = 1, &#xD;
        Image = "https://example.com/laptop.jpg", &#xD;
        LastModified = &lt;0001-01-01 00:00:00.000&gt;, &#xD;
        LastModifiedBy = &lt;null&gt;, &#xD;
        Price = 999.99M, &#xD;
        Rating = ShoppingProject.Domain.ValueObjects.Rating&#xD;
        {&#xD;
            Count = 0, &#xD;
            Rate = 0.0&#xD;
        }, &#xD;
        Status = EntityStatus.Active {value: 1}, &#xD;
        Title = "Laptop"&#xD;
    }ShoppingProject.Domain.Entities.Product&#xD;
    {&#xD;
        Category = "Electronics", &#xD;
        Created = &lt;0001-01-01 00:00:00.000&gt;, &#xD;
        CreatedBy = &lt;null&gt;, &#xD;
        Description = "4K Monitor", &#xD;
        DomainEvents = ShoppingProject.Domain.Events.ProductCreatedEvent&#xD;
        {&#xD;
            {&#xD;
                Item = {Cyclic reference to type ShoppingProject.Domain.Entities.Product detected}, &#xD;
                OccurredOnUtc = &lt;2026-01-26 15:30:52.6305648 +0h&gt;&#xD;
            }&#xD;
        }, &#xD;
        Id = 4, &#xD;
        Image = "https://example.com/monitor.jpg", &#xD;
        LastModified = &lt;0001-01-01 00:00:00.000&gt;, &#xD;
        LastModifiedBy = &lt;null&gt;, &#xD;
        Price = 299.99M, &#xD;
        Rating = ShoppingProject.Domain.ValueObjects.Rating&#xD;
        {&#xD;
            Count = 0, &#xD;
            Rate = 0.0&#xD;
        }, &#xD;
        Status = EntityStatus.Active {value: 1}, &#xD;
&#xD;
(Output has exceeded the maximum of 100 lines. Increase FormattingOptions.MaxLines on AssertionScope or AssertionOptions to include more lines.)&#xD;
        Title = "Monitor".</Message>
          <StackTrace>   at FluentAssertions.Execution.LateBoundTestFramework.Throw(String message)&#xD;
   at FluentAssertions.Execution.TestFrameworkProvider.Throw(String message)&#xD;
   at FluentAssertions.Execution.DefaultAssertionStrategy.HandleFailure(String message)&#xD;
   at FluentAssertions.Execution.AssertionScope.FailWith(Func`1 failReasonFunc)&#xD;
   at FluentAssertions.Execution.AssertionScope.FailWith(Func`1 failReasonFunc)&#xD;
   at FluentAssertions.Execution.AssertionScope.FailWith(String message, Object[] args)&#xD;
   at FluentAssertions.Collections.GenericCollectionAssertions`3.HaveCount(Int32 expected, String because, Object[] becauseArgs)&#xD;
   at ShoppingProject.Tests.Infrastructure.SpecificationPatternIntegrationTests.SearchSpecification_WithEmptySearchTerm_ReturnsAllProducts() in O:\Projets\pipeline_azure\src\Tests\Infrastructure\SpecificationPatternIntegrationTests.cs:line 262&#xD;
--- End of stack trace from previous location ---</StackTrace>
        </ErrorInfo>
      </Output>
    </UnitTestResult>
    <UnitTestResult executionId="fd82ae7d-8504-42d1-9561-ff4d10afb3fc" testId="58ec9660-dd51-ee02-7a8e-28aa40af3b54" testName="ShoppingProject.Tests.Infrastructure.OutboxMessageStoreIntegrationTests.MarkAsProcessedAsync_MarksMessageAsProcessed" computerName="DESKTOP-GH65CIA" duration="00:00:00.0051332" startTime="2026-01-26T16:30:52.5345709+01:00" endTime="2026-01-26T16:30:52.5345715+01:00" testType="13cdc9d9-ddb5-4fa4-a97d-d965ccfc6d4b" outcome="Passed" testListId="8c84fa94-04c1-424b-9868-57a2d4851a1d" relativeResultsDirectory="fd82ae7d-8504-42d1-9561-ff4d10afb3fc" />
    <UnitTestResult executionId="5edbb8d2-9b59-4cd9-8bcc-7555d59ec522" testId="cf8e95ad-e317-7d4d-54f1-8a4515a66785" testName="ShoppingProject.UnitTests.Application.Validators.CreateProductCommandValidatorTests.Validate_EmptyTitle_ShouldHaveValidationError" computerName="DESKTOP-GH65CIA" duration="00:00:00.0056198" startTime="2026-01-26T16:30:50.6202848+01:00" endTime="2026-01-26T16:30:50.6202849+01:00" testType="13cdc9d9-ddb5-4fa4-a97d-d965ccfc6d4b" outcome="Passed" testListId="8c84fa94-04c1-424b-9868-57a2d4851a1d" relativeResultsDirectory="5edbb8d2-9b59-4cd9-8bcc-7555d59ec522" />
    <UnitTestResult executionId="55fd1840-88b6-480e-975e-22fa15a91979" testId="b9c92f88-4947-8cfe-3563-13f47f401e1e" testName="ShoppingProject.UnitTests.Domain.ProductTests.Product_ShouldHaveIdProperty" computerName="DESKTOP-GH65CIA" duration="00:00:00.0008681" startTime="2026-01-26T16:30:50.4414438+01:00" endTime="2026-01-26T16:30:50.4414440+01:00" testType="13cdc9d9-ddb5-4fa4-a97d-d965ccfc6d4b" outcome="Passed" testListId="8c84fa94-04c1-424b-9868-57a2d4851a1d" relativeResultsDirectory="55fd1840-88b6-480e-975e-22fa15a91979" />
    <UnitTestResult executionId="35aad2cb-179d-4c12-85b9-3037eee39306" testId="84c4c6be-74c5-976d-9871-d5eb952cb5cc" testName="ShoppingProject.Tests.Infrastructure.SpecificationPatternIntegrationTests.SearchProductsSpecification_SearchesAcrossMultipleProperties" computerName="DESKTOP-GH65CIA" duration="00:00:00.0422228" startTime="2026-01-26T16:30:52.4382813+01:00" endTime="2026-01-26T16:30:52.4382816+01:00" testType="13cdc9d9-ddb5-4fa4-a97d-d965ccfc6d4b" outcome="Failed" testListId="8c84fa94-04c1-424b-9868-57a2d4851a1d" relativeResultsDirectory="35aad2cb-179d-4c12-85b9-3037eee39306">
      <Output>
        <ErrorInfo>
          <Message>Expected results to contain a single item, but the collection is empty.</Message>
          <StackTrace>   at FluentAssertions.Execution.LateBoundTestFramework.Throw(String message)&#xD;
   at FluentAssertions.Execution.TestFrameworkProvider.Throw(String message)&#xD;
   at FluentAssertions.Execution.DefaultAssertionStrategy.HandleFailure(String message)&#xD;
   at FluentAssertions.Execution.AssertionScope.FailWith(Func`1 failReasonFunc)&#xD;
   at FluentAssertions.Execution.AssertionScope.FailWith(Func`1 failReasonFunc)&#xD;
   at FluentAssertions.Execution.AssertionScope.FailWith(String message)&#xD;
   at FluentAssertions.Collections.GenericCollectionAssertions`3.ContainSingle(String because, Object[] becauseArgs)&#xD;
   at ShoppingProject.Tests.Infrastructure.SpecificationPatternIntegrationTests.SearchProductsSpecification_SearchesAcrossMultipleProperties() in O:\Projets\pipeline_azure\src\Tests\Infrastructure\SpecificationPatternIntegrationTests.cs:line 164&#xD;
--- End of stack trace from previous location ---</StackTrace>
        </ErrorInfo>
      </Output>
    </UnitTestResult>
    <UnitTestResult executionId="b623f19f-a566-416d-83db-4bbb913b1b42" testId="af85f99c-9020-5a98-1f6a-e657fd871163" testName="ShoppingProject.UnitTests.Domain.CartTests.Cart_ShouldHaveIdProperty" computerName="DESKTOP-GH65CIA" duration="00:00:00.0004866" startTime="2026-01-26T16:30:50.8158188+01:00" endTime="2026-01-26T16:30:50.8158189+01:00" testType="13cdc9d9-ddb5-4fa4-a97d-d965ccfc6d4b" outcome="Passed" testListId="8c84fa94-04c1-424b-9868-57a2d4851a1d" relativeResultsDirectory="b623f19f-a566-416d-83db-4bbb913b1b42" />
    <UnitTestResult executionId="83edbe48-a714-4393-ae7f-b493a7fe186a" testId="c978396b-3058-3f76-667e-6c87d9267acd" testName="ShoppingProject.UnitTests.Presentation.Controllers.IdentityControllerAuthorizationTests.Login_HasAllowAnonymousAttribute" computerName="DESKTOP-GH65CIA" duration="00:00:00.0004401" startTime="2026-01-26T16:30:50.4375385+01:00" endTime="2026-01-26T16:30:50.4375389+01:00" testType="13cdc9d9-ddb5-4fa4-a97d-d965ccfc6d4b" outcome="Passed" testListId="8c84fa94-04c1-424b-9868-57a2d4851a1d" relativeResultsDirectory="83edbe48-a714-4393-ae7f-b493a7fe186a" />
    <UnitTestResult executionId="a5cb7295-a695-4181-9536-ca9585c262fe" testId="b047b6a6-6c5b-d0ad-3c19-c86e2edf0c2d" testName="ShoppingProject.UnitTests.Presentation.Controllers.ProductsControllerAuthorizationTests.Create_HasAuthorizeAttributeWithCanManageProductsPolicy" computerName="DESKTOP-GH65CIA" duration="00:00:00.0072453" startTime="2026-01-26T16:30:50.3781271+01:00" endTime="2026-01-26T16:30:50.3781275+01:00" testType="13cdc9d9-ddb5-4fa4-a97d-d965ccfc6d4b" outcome="Passed" testListId="8c84fa94-04c1-424b-9868-57a2d4851a1d" relativeResultsDirectory="a5cb7295-a695-4181-9536-ca9585c262fe" />
    <UnitTestResult executionId="81f5ad9c-3278-4682-a22b-d091edbde3c1" testId="09a0f853-9a16-1aaf-01e7-db7ca9cd08c9" testName="ShoppingProject.UnitTests.Domain.CartTests.CreateCart_DefaultQuantity_ShouldBeOne" computerName="DESKTOP-GH65CIA" duration="00:00:00.0003283" startTime="2026-01-26T16:30:50.8155712+01:00" endTime="2026-01-26T16:30:50.8155714+01:00" testType="13cdc9d9-ddb5-4fa4-a97d-d965ccfc6d4b" outcome="Passed" testListId="8c84fa94-04c1-424b-9868-57a2d4851a1d" relativeResultsDirectory="81f5ad9c-3278-4682-a22b-d091edbde3c1" />
    <UnitTestResult executionId="e50f6c90-1ca1-40d6-b04e-e3950a00dd2d" testId="52998a6e-b08a-dbb9-27d8-edec4923d436" testName="ShoppingProject.UnitTests.Infrastructure.Authorization.ResourceOwnerRequirementHandlerTests.HandleRequirementAsync_NoResourceId_Fails" computerName="DESKTOP-GH65CIA" duration="00:00:00.0019353" startTime="2026-01-26T16:30:50.4548873+01:00" endTime="2026-01-26T16:30:50.4548877+01:00" testType="13cdc9d9-ddb5-4fa4-a97d-d965ccfc6d4b" outcome="Passed" testListId="8c84fa94-04c1-424b-9868-57a2d4851a1d" relativeResultsDirectory="e50f6c90-1ca1-40d6-b04e-e3950a00dd2d" />
    <UnitTestResult executionId="00579ed2-dceb-4395-8fe6-085c7dc31d6c" testId="ee6694ad-7c90-f9d6-0de3-bb91ce06f045" testName="ShoppingProject.UnitTests.Application.Validators.CreateProductCommandValidatorTests.Validate_EmptyCategory_ShouldHaveValidationError" computerName="DESKTOP-GH65CIA" duration="00:00:00.0046280" startTime="2026-01-26T16:30:50.6245053+01:00" endTime="2026-01-26T16:30:50.6245054+01:00" testType="13cdc9d9-ddb5-4fa4-a97d-d965ccfc6d4b" outcome="Passed" testListId="8c84fa94-04c1-424b-9868-57a2d4851a1d" relativeResultsDirectory="00579ed2-dceb-4395-8fe6-085c7dc31d6c" />
    <UnitTestResult executionId="61200a42-4b3b-468b-b551-3d158220bc38" testId="9cdf375a-2908-1f51-9dde-0bcc207e6e1c" testName="ShoppingProject.UnitTests.Presentation.Controllers.ProductsControllerAuthorizationTests.Delete_HasAuthorizeAttributeWithCanManageProductsPolicy" computerName="DESKTOP-GH65CIA" duration="00:00:00.0012985" startTime="2026-01-26T16:30:50.3782210+01:00" endTime="2026-01-26T16:30:50.3782211+01:00" testType="13cdc9d9-ddb5-4fa4-a97d-d965ccfc6d4b" outcome="Passed" testListId="8c84fa94-04c1-424b-9868-57a2d4851a1d" relativeResultsDirectory="61200a42-4b3b-468b-b551-3d158220bc38" />
    <UnitTestResult executionId="3d184bb4-7cb1-4f23-9f81-d486b19813c4" testId="c4104791-f383-0622-4baa-9038e538704e" testName="ShoppingProject.UnitTests.Presentation.Controllers.CartsControllerAuthorizationTests.Delete_HasAuthorizeAttribute" computerName="DESKTOP-GH65CIA" duration="00:00:00.0014531" startTime="2026-01-26T16:30:50.3282690+01:00" endTime="2026-01-26T16:30:50.3282691+01:00" testType="13cdc9d9-ddb5-4fa4-a97d-d965ccfc6d4b" outcome="Passed" testListId="8c84fa94-04c1-424b-9868-57a2d4851a1d" relativeResultsDirectory="3d184bb4-7cb1-4f23-9f81-d486b19813c4" />
    <UnitTestResult executionId="8ad1988a-25b3-46fb-adc1-964e99e29d1c" testId="96b53641-11bc-88f8-26c0-edb5fb764950" testName="ShoppingProject.Tests.Infrastructure.OutboxMessageStoreIntegrationTests.AddEventAsync_WithCorrelationId" computerName="DESKTOP-GH65CIA" duration="00:00:00.0023816" startTime="2026-01-26T16:30:52.5182094+01:00" endTime="2026-01-26T16:30:52.5182097+01:00" testType="13cdc9d9-ddb5-4fa4-a97d-d965ccfc6d4b" outcome="Passed" testListId="8c84fa94-04c1-424b-9868-57a2d4851a1d" relativeResultsDirectory="8ad1988a-25b3-46fb-adc1-964e99e29d1c" />
    <UnitTestResult executionId="18d9d561-b0fe-4ebf-9095-487498c12c82" testId="9b8911ad-ebb1-3fa5-b331-2b63da49d644" testName="ShoppingProject.UnitTests.Infrastructure.Authorization.AuthorizationPolicyTests.AuthorizationPolicies_AllPoliciesRegistered" computerName="DESKTOP-GH65CIA" duration="00:00:00.0006155" startTime="2026-01-26T16:30:50.7965467+01:00" endTime="2026-01-26T16:30:50.7965469+01:00" testType="13cdc9d9-ddb5-4fa4-a97d-d965ccfc6d4b" outcome="Passed" testListId="8c84fa94-04c1-424b-9868-57a2d4851a1d" relativeResultsDirectory="18d9d561-b0fe-4ebf-9095-487498c12c82" />
    <UnitTestResult executionId="0789a508-56af-4b3a-ab2a-483ec9605dc4" testId="a8d4fb47-686b-a0bc-6476-efeb8f7463e9" testName="ShoppingProject.UnitTests.Application.Validators.CreateProductCommandValidatorTests.Validate_EmptyDescription_ShouldHaveValidationError" computerName="DESKTOP-GH65CIA" duration="00:00:00.0125714" startTime="2026-01-26T16:30:50.6152706+01:00" endTime="2026-01-26T16:30:50.6152707+01:00" testType="13cdc9d9-ddb5-4fa4-a97d-d965ccfc6d4b" outcome="Passed" testListId="8c84fa94-04c1-424b-9868-57a2d4851a1d" relativeResultsDirectory="0789a508-56af-4b3a-ab2a-483ec9605dc4" />
    <UnitTestResult executionId="d572e526-f554-44c6-9037-3ddea721f087" testId="97892994-a67c-4521-ba4b-157edf8d1deb" testName="ShoppingProject.UnitTests.Presentation.Controllers.ProductsControllerAuthorizationTests.GetById_HasAllowAnonymousAttribute" computerName="DESKTOP-GH65CIA" duration="00:00:00.0118742" startTime="2026-01-26T16:30:50.3777518+01:00" endTime="2026-01-26T16:30:50.3777519+01:00" testType="13cdc9d9-ddb5-4fa4-a97d-d965ccfc6d4b" outcome="Passed" testListId="8c84fa94-04c1-424b-9868-57a2d4851a1d" relativeResultsDirectory="d572e526-f554-44c6-9037-3ddea721f087" />
    <UnitTestResult executionId="0e1484bb-26b0-4e73-945a-78608e0ea671" testId="c91ea5de-f8a7-a09d-8093-43a98c6196f4" testName="ShoppingProject.UnitTests.Domain.ProductTests.Product_ShouldHaveBehaviorMethods" computerName="DESKTOP-GH65CIA" duration="00:00:00.0004584" startTime="2026-01-26T16:30:50.4451202+01:00" endTime="2026-01-26T16:30:50.4451204+01:00" testType="13cdc9d9-ddb5-4fa4-a97d-d965ccfc6d4b" outcome="Passed" testListId="8c84fa94-04c1-424b-9868-57a2d4851a1d" relativeResultsDirectory="0e1484bb-26b0-4e73-945a-78608e0ea671" />
    <UnitTestResult executionId="ba5970f2-acab-47f0-84d7-5bf5c8b146f0" testId="01d95243-bace-932f-154b-1e971cb0d24f" testName="ShoppingProject.UnitTests.Presentation.Controllers.IdentityControllerAuthorizationTests.GetCurrentUserInfo_HasAuthorizeAttribute" computerName="DESKTOP-GH65CIA" duration="00:00:00.0008395" startTime="2026-01-26T16:30:50.4344583+01:00" endTime="2026-01-26T16:30:50.4344584+01:00" testType="13cdc9d9-ddb5-4fa4-a97d-d965ccfc6d4b" outcome="Passed" testListId="8c84fa94-04c1-424b-9868-57a2d4851a1d" relativeResultsDirectory="ba5970f2-acab-47f0-84d7-5bf5c8b146f0" />
    <UnitTestResult executionId="936985b7-27b4-4fd4-aabe-c5aedb268abc" testId="9a33d098-311e-0b13-c287-656695201510" testName="ShoppingProject.UnitTests.Application.Queries.GetCurrentUserInfoQueryTests.GetCurrentUserInfo_ShouldSucceed_WhenUserIdIsValid" computerName="DESKTOP-GH65CIA" duration="00:00:00.0609278" startTime="2026-01-26T16:30:50.4321500+01:00" endTime="2026-01-26T16:30:50.4321504+01:00" testType="13cdc9d9-ddb5-4fa4-a97d-d965ccfc6d4b" outcome="Passed" testListId="8c84fa94-04c1-424b-9868-57a2d4851a1d" relativeResultsDirectory="936985b7-27b4-4fd4-aabe-c5aedb268abc" />
    <UnitTestResult executionId="bf3f5901-317b-457b-a948-8de361c4ebf3" testId="d9043711-806a-48c3-5a85-8b9cb1bc8264" testName="ShoppingProject.Tests.Infrastructure.OutboxMessageStoreIntegrationTests.GetByIdAsync_ReturnsNullForNonexistentMessage" computerName="DESKTOP-GH65CIA" duration="00:00:00.0460517" startTime="2026-01-26T16:30:52.5162830+01:00" endTime="2026-01-26T16:30:52.5162840+01:00" testType="13cdc9d9-ddb5-4fa4-a97d-d965ccfc6d4b" outcome="Passed" testListId="8c84fa94-04c1-424b-9868-57a2d4851a1d" relativeResultsDirectory="bf3f5901-317b-457b-a948-8de361c4ebf3" />
    <UnitTestResult executionId="e552ffcd-de08-4735-bde5-ad49d2b2ce5b" testId="b7610aae-77b8-eb76-e2b0-eae2eda4da52" testName="ShoppingProject.UnitTests.Presentation.Controllers.ProductsControllerAuthorizationTests.Search_HasAllowAnonymousAttribute" computerName="DESKTOP-GH65CIA" duration="00:00:00.0004048" startTime="2026-01-26T16:30:50.3864656+01:00" endTime="2026-01-26T16:30:50.3864658+01:00" testType="13cdc9d9-ddb5-4fa4-a97d-d965ccfc6d4b" outcome="Passed" testListId="8c84fa94-04c1-424b-9868-57a2d4851a1d" relativeResultsDirectory="e552ffcd-de08-4735-bde5-ad49d2b2ce5b" />
    <UnitTestResult executionId="d739f169-f50c-42e0-bf0f-0bb8341a3118" testId="95c2ff20-8234-727a-0f1e-51b375cfddb0" testName="ShoppingProject.UnitTests.Domain.RatingTests.CreateRating_WithVariousValues_ShouldSucceed(rate: 1, count: 1)" computerName="DESKTOP-GH65CIA" duration="00:00:00.0045589" startTime="2026-01-26T16:30:50.4212357+01:00" endTime="2026-01-26T16:30:50.4212364+01:00" testType="13cdc9d9-ddb5-4fa4-a97d-d965ccfc6d4b" outcome="Passed" testListId="8c84fa94-04c1-424b-9868-57a2d4851a1d" relativeResultsDirectory="d739f169-f50c-42e0-bf0f-0bb8341a3118" />
    <UnitTestResult executionId="06e72f9d-2497-46ce-85c3-8555e3c4f931" testId="6b6f8279-ef01-d776-1cdf-980d435c83ac" testName="ShoppingProject.UnitTests.Presentation.Controllers.IdentityControllerAuthorizationTests.AssignAdminRole_HasAuthorizeAttributeWithRequireAdministratorRolePolicy" computerName="DESKTOP-GH65CIA" duration="00:00:00.0007151" startTime="2026-01-26T16:30:50.4390185+01:00" endTime="2026-01-26T16:30:50.4390190+01:00" testType="13cdc9d9-ddb5-4fa4-a97d-d965ccfc6d4b" outcome="Passed" testListId="8c84fa94-04c1-424b-9868-57a2d4851a1d" relativeResultsDirectory="06e72f9d-2497-46ce-85c3-8555e3c4f931" />
    <UnitTestResult executionId="3a15e5f8-6615-469b-828b-9726754cdadb" testId="c4bca139-f3d6-8236-ea2d-4b10cb9d2871" testName="ShoppingProject.Tests.Infrastructure.OutboxMessageStoreIntegrationTests.MarkAsFailedAsync_IncrementsRetryCount" computerName="DESKTOP-GH65CIA" duration="00:00:00.0036675" startTime="2026-01-26T16:30:52.5432561+01:00" endTime="2026-01-26T16:30:52.5432567+01:00" testType="13cdc9d9-ddb5-4fa4-a97d-d965ccfc6d4b" outcome="Passed" testListId="8c84fa94-04c1-424b-9868-57a2d4851a1d" relativeResultsDirectory="3a15e5f8-6615-469b-828b-9726754cdadb" />
    <UnitTestResult executionId="7b242fd3-3678-45f0-8858-a6c95426d0f2" testId="55e479ad-1a4a-69dd-c034-6a253afc0674" testName="ShoppingProject.UnitTests.IntegrationTests.CartsIntegrationTests.GetCartById_Should_Return_Cart" computerName="DESKTOP-GH65CIA" duration="00:00:00.0010000" startTime="2026-01-26T16:30:50.7075803+01:00" endTime="2026-01-26T16:30:50.7075807+01:00" testType="13cdc9d9-ddb5-4fa4-a97d-d965ccfc6d4b" outcome="Failed" testListId="8c84fa94-04c1-424b-9868-57a2d4851a1d" relativeResultsDirectory="7b242fd3-3678-45f0-8858-a6c95426d0f2">
      <Output>
        <ErrorInfo>
          <Message>System.UriFormatException : Invalid URI: The hostname could not be parsed.</Message>
          <StackTrace>   at System.Uri.CreateThis(String uri, Boolean dontEscape, UriKind uriKind, UriCreationOptions&amp; creationOptions)&#xD;
   at System.Uri..ctor(String uriString)&#xD;
   at Program.&lt;Main&gt;$(String[] args) in O:\Projets\pipeline_azure\src\Presentation\API\Program.cs:line 19&#xD;
   at Program.&lt;Main&gt;(String[] args)&#xD;
   at System.Reflection.MethodBaseInvoker.InterpretedInvoke_Method(Object obj, IntPtr* args)&#xD;
   at System.Reflection.MethodBaseInvoker.InvokeDirectByRefWithFewArgs(Object obj, Span`1 copyOfArgs, BindingFlags invokeAttr)&#xD;
--- End of stack trace from previous location ---&#xD;
   at Microsoft.Extensions.Hosting.HostFactoryResolver.HostingListener.CreateHost()&#xD;
   at Microsoft.Extensions.Hosting.HostFactoryResolver.&lt;&gt;c__DisplayClass10_0.&lt;ResolveHostFactory&gt;b__0(String[] args)&#xD;
   at Microsoft.AspNetCore.Mvc.Testing.DeferredHostBuilder.Build()&#xD;
   at Microsoft.AspNetCore.Mvc.Testing.WebApplicationFactory`1.CreateHost(IHostBuilder builder)&#xD;
   at ShoppingProject.Tests.Infrastructure.CustomWebApplicationFactory.CreateHost(IHostBuilder builder) in O:\Projets\pipeline_azure\src\Tests\Infrastructure\CustomWebApplicationFactory.cs:line 94&#xD;
   at Microsoft.AspNetCore.Mvc.Testing.WebApplicationFactory`1.ConfigureHostBuilder(IHostBuilder hostBuilder)&#xD;
   at Microsoft.AspNetCore.Mvc.Testing.WebApplicationFactory`1.EnsureServer()&#xD;
   at Microsoft.AspNetCore.Mvc.Testing.WebApplicationFactory`1.CreateDefaultClient(DelegatingHandler[] handlers)&#xD;
   at Microsoft.AspNetCore.Mvc.Testing.WebApplicationFactory`1.CreateDefaultClient(Uri baseAddress, DelegatingHandler[] handlers)&#xD;
   at Microsoft.AspNetCore.Mvc.Testing.WebApplicationFactory`1.CreateClient(WebApplicationFactoryClientOptions options)&#xD;
   at Microsoft.AspNetCore.Mvc.Testing.WebApplicationFactory`1.CreateClient()&#xD;
   at ShoppingProject.UnitTests.IntegrationTests.CartsIntegrationTests..ctor(CustomWebApplicationFactory factory, ITestOutputHelper output) in O:\Projets\pipeline_azure\src\Tests\IntegrationTests\CartsIntegrationTests.cs:line 19&#xD;
   at System.Reflection.MethodBaseInvoker.InterpretedInvoke_Constructor(Object obj, IntPtr* args)&#xD;
   at System.Reflection.MethodBaseInvoker.InvokeDirectByRefWithFewArgs(Object obj, Span`1 copyOfArgs, BindingFlags invokeAttr)</StackTrace>
        </ErrorInfo>
      </Output>
    </UnitTestResult>
    <UnitTestResult executionId="3952d253-679f-44b7-9c3b-b7268808121a" testId="41b76981-3c1d-92bc-dc8d-d4c0811c5a8c" testName="ShoppingProject.UnitTests.Architecture.ArchitectureTests.Services_Should_HaveCorrectNaming" computerName="DESKTOP-GH65CIA" duration="00:00:00.2475006" startTime="2026-01-26T16:30:50.9013332+01:00" endTime="2026-01-26T16:30:50.9013335+01:00" testType="13cdc9d9-ddb5-4fa4-a97d-d965ccfc6d4b" outcome="Failed" testListId="8c84fa94-04c1-424b-9868-57a2d4851a1d" relativeResultsDirectory="3952d253-679f-44b7-9c3b-b7268808121a">
      <Output>
        <ErrorInfo>
          <Message>All services should end with 'Service'</Message>
          <StackTrace>   at ShoppingProject.UnitTests.Architecture.ArchitectureTests.Services_Should_HaveCorrectNaming() in O:\Projets\pipeline_azure\src\Tests\Architecture\ArchitectureTests.cs:line 218&#xD;
   at System.Reflection.MethodBaseInvoker.InterpretedInvoke_Method(Object obj, IntPtr* args)&#xD;
   at System.Reflection.MethodBaseInvoker.InvokeWithNoArgs(Object obj, BindingFlags invokeAttr)</StackTrace>
        </ErrorInfo>
      </Output>
    </UnitTestResult>
    <UnitTestResult executionId="da63bac9-a19e-4478-8cf3-32f3e6abedf8" testId="164119e4-4ed2-818a-467c-194d899adbaa" testName="ShoppingProject.UnitTests.Architecture.ArchitectureTests.Controllers_Should_NotDependOnInfrastructureOrApplication" computerName="DESKTOP-GH65CIA" duration="00:00:00.0021614" startTime="2026-01-26T16:30:51.4898273+01:00" endTime="2026-01-26T16:30:51.4898278+01:00" testType="13cdc9d9-ddb5-4fa4-a97d-d965ccfc6d4b" outcome="Passed" testListId="8c84fa94-04c1-424b-9868-57a2d4851a1d" relativeResultsDirectory="da63bac9-a19e-4478-8cf3-32f3e6abedf8" />
    <UnitTestResult executionId="14d1a874-4364-4f69-85f2-caf61f3e7625" testId="eda57aae-24c7-3b77-d505-3705a49906b3" testName="ShoppingProject.UnitTests.IntegrationTests.ProductsIntegrationTests.GetProductById_Should_Return_Product" computerName="DESKTOP-GH65CIA" duration="00:00:00.0010000" startTime="2026-01-26T16:30:50.8978346+01:00" endTime="2026-01-26T16:30:50.8978350+01:00" testType="13cdc9d9-ddb5-4fa4-a97d-d965ccfc6d4b" outcome="Failed" testListId="8c84fa94-04c1-424b-9868-57a2d4851a1d" relativeResultsDirectory="14d1a874-4364-4f69-85f2-caf61f3e7625">
      <Output>
        <ErrorInfo>
          <Message>System.UriFormatException : Invalid URI: The hostname could not be parsed.</Message>
          <StackTrace>   at System.Uri.CreateThis(String uri, Boolean dontEscape, UriKind uriKind, UriCreationOptions&amp; creationOptions)&#xD;
   at System.Uri..ctor(String uriString)&#xD;
   at Program.&lt;Main&gt;$(String[] args) in O:\Projets\pipeline_azure\src\Presentation\API\Program.cs:line 19&#xD;
   at Program.&lt;Main&gt;(String[] args)&#xD;
   at InvokeStub_Program.&lt;Main&gt;(Object, Span`1)&#xD;
   at System.Reflection.MethodBaseInvoker.InvokeWithOneArg(Object obj, BindingFlags invokeAttr, Binder binder, Object[] parameters, CultureInfo culture)&#xD;
--- End of stack trace from previous location ---&#xD;
   at Microsoft.Extensions.Hosting.HostFactoryResolver.HostingListener.CreateHost()&#xD;
   at Microsoft.Extensions.Hosting.HostFactoryResolver.&lt;&gt;c__DisplayClass10_0.&lt;ResolveHostFactory&gt;b__0(String[] args)&#xD;
   at Microsoft.AspNetCore.Mvc.Testing.DeferredHostBuilder.Build()&#xD;
   at Microsoft.AspNetCore.Mvc.Testing.WebApplicationFactory`1.CreateHost(IHostBuilder builder)&#xD;
   at ShoppingProject.Tests.Infrastructure.CustomWebApplicationFactory.CreateHost(IHostBuilder builder) in O:\Projets\pipeline_azure\src\Tests\Infrastructure\CustomWebApplicationFactory.cs:line 94&#xD;
   at Microsoft.AspNetCore.Mvc.Testing.WebApplicationFactory`1.ConfigureHostBuilder(IHostBuilder hostBuilder)&#xD;
   at Microsoft.AspNetCore.Mvc.Testing.WebApplicationFactory`1.EnsureServer()&#xD;
   at Microsoft.AspNetCore.Mvc.Testing.WebApplicationFactory`1.CreateDefaultClient(DelegatingHandler[] handlers)&#xD;
   at Microsoft.AspNetCore.Mvc.Testing.WebApplicationFactory`1.CreateDefaultClient(Uri baseAddress, DelegatingHandler[] handlers)&#xD;
   at Microsoft.AspNetCore.Mvc.Testing.WebApplicationFactory`1.CreateClient(WebApplicationFactoryClientOptions options)&#xD;
   at Microsoft.AspNetCore.Mvc.Testing.WebApplicationFactory`1.CreateClient()&#xD;
   at ShoppingProject.UnitTests.IntegrationTests.ProductsIntegrationTests..ctor(CustomWebApplicationFactory factory) in O:\Projets\pipeline_azure\src\Tests\IntegrationTests\ProductsIntegrationTests.cs:line 19&#xD;
   at InvokeStub_ProductsIntegrationTests..ctor(Object, Span`1)&#xD;
   at System.Reflection.MethodBaseInvoker.InvokeWithOneArg(Object obj, BindingFlags invokeAttr, Binder binder, Object[] parameters, CultureInfo culture)</StackTrace>
        </ErrorInfo>
      </Output>
    </UnitTestResult>
    <UnitTestResult executionId="c947ca3c-8d77-47ce-845f-5fd5ad61232d" testId="57dc758e-fb6e-106f-96ef-bdff4bf8a897" testName="ShoppingProject.Tests.Infrastructure.OutboxMessageStoreIntegrationTests.MarkAsDeadLetterAsync_PreventsRetries" computerName="DESKTOP-GH65CIA" duration="00:00:00.0035045" startTime="2026-01-26T16:30:52.5384557+01:00" endTime="2026-01-26T16:30:52.5384562+01:00" testType="13cdc9d9-ddb5-4fa4-a97d-d965ccfc6d4b" outcome="Passed" testListId="8c84fa94-04c1-424b-9868-57a2d4851a1d" relativeResultsDirectory="c947ca3c-8d77-47ce-845f-5fd5ad61232d" />
    <UnitTestResult executionId="0781fca5-15b6-42fa-852c-5cb8435a37e7" testId="595018bf-c061-c82b-3ef9-76ca58c70e43" testName="ShoppingProject.UnitTests.IntegrationTests.ProductsIntegrationTests.SearchProducts_Should_Return_Results" computerName="DESKTOP-GH65CIA" duration="00:00:00.0010000" startTime="2026-01-26T16:30:50.9151936+01:00" endTime="2026-01-26T16:30:50.9151939+01:00" testType="13cdc9d9-ddb5-4fa4-a97d-d965ccfc6d4b" outcome="Failed" testListId="8c84fa94-04c1-424b-9868-57a2d4851a1d" relativeResultsDirectory="0781fca5-15b6-42fa-852c-5cb8435a37e7">
      <Output>
        <ErrorInfo>
          <Message>System.UriFormatException : Invalid URI: The hostname could not be parsed.</Message>
          <StackTrace>   at System.Uri.CreateThis(String uri, Boolean dontEscape, UriKind uriKind, UriCreationOptions&amp; creationOptions)&#xD;
   at System.Uri..ctor(String uriString)&#xD;
   at Program.&lt;Main&gt;$(String[] args) in O:\Projets\pipeline_azure\src\Presentation\API\Program.cs:line 19&#xD;
   at Program.&lt;Main&gt;(String[] args)&#xD;
   at InvokeStub_Program.&lt;Main&gt;(Object, Span`1)&#xD;
   at System.Reflection.MethodBaseInvoker.InvokeWithOneArg(Object obj, BindingFlags invokeAttr, Binder binder, Object[] parameters, CultureInfo culture)&#xD;
--- End of stack trace from previous location ---&#xD;
   at Microsoft.Extensions.Hosting.HostFactoryResolver.HostingListener.CreateHost()&#xD;
   at Microsoft.Extensions.Hosting.HostFactoryResolver.&lt;&gt;c__DisplayClass10_0.&lt;ResolveHostFactory&gt;b__0(String[] args)&#xD;
   at Microsoft.AspNetCore.Mvc.Testing.DeferredHostBuilder.Build()&#xD;
   at Microsoft.AspNetCore.Mvc.Testing.WebApplicationFactory`1.CreateHost(IHostBuilder builder)&#xD;
   at ShoppingProject.Tests.Infrastructure.CustomWebApplicationFactory.CreateHost(IHostBuilder builder) in O:\Projets\pipeline_azure\src\Tests\Infrastructure\CustomWebApplicationFactory.cs:line 94&#xD;
   at Microsoft.AspNetCore.Mvc.Testing.WebApplicationFactory`1.ConfigureHostBuilder(IHostBuilder hostBuilder)&#xD;
   at Microsoft.AspNetCore.Mvc.Testing.WebApplicationFactory`1.EnsureServer()&#xD;
   at Microsoft.AspNetCore.Mvc.Testing.WebApplicationFactory`1.CreateDefaultClient(DelegatingHandler[] handlers)&#xD;
   at Microsoft.AspNetCore.Mvc.Testing.WebApplicationFactory`1.CreateDefaultClient(Uri baseAddress, DelegatingHandler[] handlers)&#xD;
   at Microsoft.AspNetCore.Mvc.Testing.WebApplicationFactory`1.CreateClient(WebApplicationFactoryClientOptions options)&#xD;
   at Microsoft.AspNetCore.Mvc.Testing.WebApplicationFactory`1.CreateClient()&#xD;
   at ShoppingProject.UnitTests.IntegrationTests.ProductsIntegrationTests..ctor(CustomWebApplicationFactory factory) in O:\Projets\pipeline_azure\src\Tests\IntegrationTests\ProductsIntegrationTests.cs:line 19&#xD;
   at InvokeStub_ProductsIntegrationTests..ctor(Object, Span`1)&#xD;
   at System.Reflection.MethodBaseInvoker.InvokeWithOneArg(Object obj, BindingFlags invokeAttr, Binder binder, Object[] parameters, CultureInfo culture)</StackTrace>
        </ErrorInfo>
      </Output>
    </UnitTestResult>
    <UnitTestResult executionId="c74e5464-964f-478f-b613-9bb3943da214" testId="cdd39276-d94a-095c-6355-ceff6b878c31" testName="ShoppingProject.UnitTests.Domain.CartTests.SetQuantity_WithValidQuantity_ShouldSucceed(quantity: 100)" computerName="DESKTOP-GH65CIA" duration="00:00:00.0013426" startTime="2026-01-26T16:30:50.7967188+01:00" endTime="2026-01-26T16:30:50.7967189+01:00" testType="13cdc9d9-ddb5-4fa4-a97d-d965ccfc6d4b" outcome="Passed" testListId="8c84fa94-04c1-424b-9868-57a2d4851a1d" relativeResultsDirectory="c74e5464-964f-478f-b613-9bb3943da214" />
    <UnitTestResult executionId="e6dd3358-2164-4803-9773-2549b8d5cc84" testId="217470ee-06ae-b633-7353-5b81ef9b79fa" testName="ShoppingProject.Tests.Infrastructure.RepositoryPatternIntegrationTests.ListAsync_WithMultipleFilters_Specification" computerName="DESKTOP-GH65CIA" duration="00:00:00.0089155" startTime="2026-01-26T16:30:52.6637251+01:00" endTime="2026-01-26T16:30:52.6637256+01:00" testType="13cdc9d9-ddb5-4fa4-a97d-d965ccfc6d4b" outcome="Passed" testListId="8c84fa94-04c1-424b-9868-57a2d4851a1d" relativeResultsDirectory="e6dd3358-2164-4803-9773-2549b8d5cc84" />
    <UnitTestResult executionId="c7b1ebfa-d2c7-48d7-bc91-557af605b3ba" testId="6ed1fcf9-fd57-7e6b-9a0e-c214cc18b9ce" testName="ShoppingProject.UnitTests.Presentation.Controllers.IdentityControllerAuthorizationTests.UpdateMe_HasAuthorizeAttribute" computerName="DESKTOP-GH65CIA" duration="00:00:00.0004902" startTime="2026-01-26T16:30:50.4381741+01:00" endTime="2026-01-26T16:30:50.4381746+01:00" testType="13cdc9d9-ddb5-4fa4-a97d-d965ccfc6d4b" outcome="Passed" testListId="8c84fa94-04c1-424b-9868-57a2d4851a1d" relativeResultsDirectory="c7b1ebfa-d2c7-48d7-bc91-557af605b3ba" />
    <UnitTestResult executionId="abb85ca5-14c8-47bc-80f5-577bddc85182" testId="6e0e1f8f-7f40-9f9b-9aaa-08ed2e86501f" testName="ShoppingProject.Tests.Infrastructure.OutboxMessageStoreIntegrationTests.GetByIdAsync_ReturnsCorrectMessage" computerName="DESKTOP-GH65CIA" duration="00:00:00.0029237" startTime="2026-01-26T16:30:52.5505355+01:00" endTime="2026-01-26T16:30:52.5505358+01:00" testType="13cdc9d9-ddb5-4fa4-a97d-d965ccfc6d4b" outcome="Passed" testListId="8c84fa94-04c1-424b-9868-57a2d4851a1d" relativeResultsDirectory="abb85ca5-14c8-47bc-80f5-577bddc85182" />
    <UnitTestResult executionId="72783327-6b6f-44f9-8bf7-ce4e56b17c93" testId="278a1050-7bab-c663-8432-a45801310028" testName="ShoppingProject.Tests.Infrastructure.OutboxMessageStoreIntegrationTests.CleanupProcessedMessagesAsync_PreservesRecentMessages" computerName="DESKTOP-GH65CIA" duration="00:00:00.0106324" startTime="2026-01-26T16:30:52.4721224+01:00" endTime="2026-01-26T16:30:52.4721228+01:00" testType="13cdc9d9-ddb5-4fa4-a97d-d965ccfc6d4b" outcome="Failed" testListId="8c84fa94-04c1-424b-9868-57a2d4851a1d" relativeResultsDirectory="72783327-6b6f-44f9-8bf7-ce4e56b17c93">
      <Output>
        <ErrorInfo>
          <Message>System.InvalidOperationException : Failed to clean up processed outbox messages older than '2026-01-21T15:30:52.4654767'.&#xD;
---- System.InvalidOperationException : The LINQ expression 'DbSet&lt;OutboxMessage&gt;()&#xD;
    .Where(o =&gt; o.ProcessedOnUtc.HasValue &amp;&amp; o.ProcessedOnUtc &lt;= __cutoffDate_0)&#xD;
    .ExecuteDelete()' could not be translated. Either rewrite the query in a form that can be translated, or switch to client evaluation explicitly by inserting a call to 'AsEnumerable', 'AsAsyncEnumerable', 'ToList', or 'ToListAsync'. See https://go.microsoft.com/fwlink/?linkid=2101038 for more information.</Message>
          <StackTrace>   at ShoppingProject.Infrastructure.Services.OutboxMessageStore.CleanupProcessedMessagesAsync(TimeSpan olderThan, CancellationToken cancellationToken) in O:\Projets\pipeline_azure\src\Infrastructure\Services\OutboxMessageStore.cs:line 219&#xD;
   at ShoppingProject.Tests.Infrastructure.OutboxMessageStoreIntegrationTests.CleanupProcessedMessagesAsync_PreservesRecentMessages() in O:\Projets\pipeline_azure\src\Tests\Infrastructure\OutboxMessageStoreIntegrationTests.cs:line 301&#xD;
--- End of stack trace from previous location ---&#xD;
----- Inner Stack Trace -----&#xD;
   at Microsoft.EntityFrameworkCore.Query.QueryableMethodTranslatingExpressionVisitor.VisitMethodCall(MethodCallExpression methodCallExpression)&#xD;
   at Microsoft.EntityFrameworkCore.InMemory.Query.Internal.InMemoryQueryableMethodTranslatingExpressionVisitor.VisitMethodCall(MethodCallExpression methodCallExpression)&#xD;
   at Microsoft.EntityFrameworkCore.Query.QueryableMethodTranslatingExpressionVisitor.Translate(Expression expression)&#xD;
   at Microsoft.EntityFrameworkCore.Query.QueryCompilationContext.CreateQueryExecutor[TResult](Expression query)&#xD;
   at Microsoft.EntityFrameworkCore.Storage.Database.CompileQuery[TResult](Expression query, Boolean async)&#xD;
   at Microsoft.EntityFrameworkCore.Query.Internal.QueryCompiler.CompileQueryCore[TResult](IDatabase database, Expression query, IModel model, Boolean async)&#xD;
   at Microsoft.EntityFrameworkCore.Query.Internal.QueryCompiler.&lt;&gt;c__DisplayClass12_0`1.&lt;ExecuteAsync&gt;b__0()&#xD;
   at Microsoft.EntityFrameworkCore.Query.Internal.CompiledQueryCache.GetOrAddQuery[TResult](Object cacheKey, Func`1 compiler)&#xD;
   at Microsoft.EntityFrameworkCore.Query.Internal.QueryCompiler.ExecuteAsync[TResult](Expression query, CancellationToken cancellationToken)&#xD;
   at Microsoft.EntityFrameworkCore.Query.Internal.EntityQueryProvider.ExecuteAsync[TResult](Expression expression, CancellationToken cancellationToken)&#xD;
   at Microsoft.EntityFrameworkCore.RelationalQueryableExtensions.ExecuteDeleteAsync[TSource](IQueryable`1 source, CancellationToken cancellationToken)&#xD;
   at ShoppingProject.Infrastructure.Services.OutboxMessageStore.CleanupProcessedMessagesAsync(TimeSpan olderThan, CancellationToken cancellationToken) in O:\Projets\pipeline_azure\src\Infrastructure\Services\OutboxMessageStore.cs:line 204</StackTrace>
        </ErrorInfo>
      </Output>
    </UnitTestResult>
    <UnitTestResult executionId="f5f7e161-c171-4ef8-90ce-4bb539248a9c" testId="17444915-695b-5fe9-f48a-b7898c5ed026" testName="ShoppingProject.UnitTests.Infrastructure.Authorization.ResourceOwnerRequirementHandlerTests.HandleRequirementAsync_UnauthenticatedUser_Fails" computerName="DESKTOP-GH65CIA" duration="00:00:00.0027433" startTime="2026-01-26T16:30:50.4527882+01:00" endTime="2026-01-26T16:30:50.4527889+01:00" testType="13cdc9d9-ddb5-4fa4-a97d-d965ccfc6d4b" outcome="Passed" testListId="8c84fa94-04c1-424b-9868-57a2d4851a1d" relativeResultsDirectory="f5f7e161-c171-4ef8-90ce-4bb539248a9c" />
    <UnitTestResult executionId="55a99b0b-19af-440a-b2b4-e0c19631d436" testId="aee38502-c3b1-5dd2-6487-e28206af284e" testName="ShoppingProject.UnitTests.Application.Queries.GetProductByIdQueryTests.Handle_ExistingProduct_ShouldReturnProductFromCache" computerName="DESKTOP-GH65CIA" duration="00:00:00.4219566" startTime="2026-01-26T16:30:50.3298366+01:00" endTime="2026-01-26T16:30:50.3298368+01:00" testType="13cdc9d9-ddb5-4fa4-a97d-d965ccfc6d4b" outcome="Passed" testListId="8c84fa94-04c1-424b-9868-57a2d4851a1d" relativeResultsDirectory="55a99b0b-19af-440a-b2b4-e0c19631d436" />
    <UnitTestResult executionId="09c41fb7-e496-44e6-a542-3c20203df13e" testId="6fdc2d95-d60e-c040-c707-9af5460cda7a" testName="ShoppingProject.UnitTests.Domain.CartTests.CreateCart_WithValidData_ShouldSucceed" computerName="DESKTOP-GH65CIA" duration="00:00:00.0010500" startTime="2026-01-26T16:30:50.8156728+01:00" endTime="2026-01-26T16:30:50.8156730+01:00" testType="13cdc9d9-ddb5-4fa4-a97d-d965ccfc6d4b" outcome="Passed" testListId="8c84fa94-04c1-424b-9868-57a2d4851a1d" relativeResultsDirectory="09c41fb7-e496-44e6-a542-3c20203df13e" />
    <UnitTestResult executionId="65a98dba-b64e-4fc9-bf93-688a83f14c0c" testId="634b398d-5493-2e60-d7a9-a135621cb201" testName="ShoppingProject.UnitTests.IntegrationTests.CacheIntegrationTests.SetValue_Should_Return_OK" computerName="DESKTOP-GH65CIA" duration="00:00:00.0010000" startTime="2026-01-26T16:30:50.7670373+01:00" endTime="2026-01-26T16:30:50.7670378+01:00" testType="13cdc9d9-ddb5-4fa4-a97d-d965ccfc6d4b" outcome="Failed" testListId="8c84fa94-04c1-424b-9868-57a2d4851a1d" relativeResultsDirectory="65a98dba-b64e-4fc9-bf93-688a83f14c0c">
      <Output>
        <ErrorInfo>
          <Message>System.UriFormatException : Invalid URI: The hostname could not be parsed.</Message>
          <StackTrace>   at System.Uri.CreateThis(String uri, Boolean dontEscape, UriKind uriKind, UriCreationOptions&amp; creationOptions)&#xD;
   at System.Uri..ctor(String uriString)&#xD;
   at Program.&lt;Main&gt;$(String[] args) in O:\Projets\pipeline_azure\src\Presentation\API\Program.cs:line 19&#xD;
   at Program.&lt;Main&gt;(String[] args)&#xD;
   at InvokeStub_Program.&lt;Main&gt;(Object, Span`1)&#xD;
   at System.Reflection.MethodBaseInvoker.InvokeWithOneArg(Object obj, BindingFlags invokeAttr, Binder binder, Object[] parameters, CultureInfo culture)&#xD;
--- End of stack trace from previous location ---&#xD;
   at Microsoft.Extensions.Hosting.HostFactoryResolver.HostingListener.CreateHost()&#xD;
   at Microsoft.Extensions.Hosting.HostFactoryResolver.&lt;&gt;c__DisplayClass10_0.&lt;ResolveHostFactory&gt;b__0(String[] args)&#xD;
   at Microsoft.AspNetCore.Mvc.Testing.DeferredHostBuilder.Build()&#xD;
   at Microsoft.AspNetCore.Mvc.Testing.WebApplicationFactory`1.CreateHost(IHostBuilder builder)&#xD;
   at ShoppingProject.Tests.Infrastructure.CustomWebApplicationFactory.CreateHost(IHostBuilder builder) in O:\Projets\pipeline_azure\src\Tests\Infrastructure\CustomWebApplicationFactory.cs:line 94&#xD;
   at Microsoft.AspNetCore.Mvc.Testing.WebApplicationFactory`1.ConfigureHostBuilder(IHostBuilder hostBuilder)&#xD;
   at Microsoft.AspNetCore.Mvc.Testing.WebApplicationFactory`1.EnsureServer()&#xD;
   at Microsoft.AspNetCore.Mvc.Testing.WebApplicationFactory`1.CreateDefaultClient(DelegatingHandler[] handlers)&#xD;
   at Microsoft.AspNetCore.Mvc.Testing.WebApplicationFactory`1.CreateDefaultClient(Uri baseAddress, DelegatingHandler[] handlers)&#xD;
   at Microsoft.AspNetCore.Mvc.Testing.WebApplicationFactory`1.CreateClient(WebApplicationFactoryClientOptions options)&#xD;
   at Microsoft.AspNetCore.Mvc.Testing.WebApplicationFactory`1.CreateClient()&#xD;
   at ShoppingProject.UnitTests.IntegrationTests.CacheIntegrationTests..ctor(CustomWebApplicationFactory factory) in O:\Projets\pipeline_azure\src\Tests\IntegrationTests\CacheIntegrationTests.cs:line 16&#xD;
   at InvokeStub_CacheIntegrationTests..ctor(Object, Span`1)&#xD;
   at System.Reflection.MethodBaseInvoker.InvokeWithOneArg(Object obj, BindingFlags invokeAttr, Binder binder, Object[] parameters, CultureInfo culture)</StackTrace>
        </ErrorInfo>
      </Output>
    </UnitTestResult>
    <UnitTestResult executionId="8770d714-95f8-47e6-9f2c-6522a508715d" testId="e86f84b3-0052-7799-8cfc-b48816814109" testName="ShoppingProject.Tests.Infrastructure.OutboxMessageStoreIntegrationTests.MarkAsFailedAsync_ImplementsExponentialBackoff" computerName="DESKTOP-GH65CIA" duration="00:00:00.0104227" startTime="2026-01-26T16:30:52.5304636+01:00" endTime="2026-01-26T16:30:52.5304642+01:00" testType="13cdc9d9-ddb5-4fa4-a97d-d965ccfc6d4b" outcome="Passed" testListId="8c84fa94-04c1-424b-9868-57a2d4851a1d" relativeResultsDirectory="8770d714-95f8-47e6-9f2c-6522a508715d">
      <Output>
        <StdOut>[Test] MarkAsFailedAsync_ImplementsExponentialBackoff started&#xD;
[Arrange] Creating test product and outbox message&#xD;
[Arrange] Message created with ID: 1 at 26/01/2026 15:30:52 +00:00&#xD;
[Act] Marking message as failed (1st attempt)&#xD;
[Act] After 1st failure - RetryCount: 1, NextRetry: 26/01/2026 15:32:52&#xD;
[Act] Marking message as failed (2nd attempt)&#xD;
[Act] After 2nd failure - RetryCount: 2, NextRetry: 26/01/2026 15:34:52&#xD;
[Assert] Delay1: 2 minutes, Delay2: 4 minutes&#xD;
[Assert] Verifying delay1 is approximately 2.0 minutes&#xD;
[Assert] Verifying delay2 is approximately 4.0 minutes&#xD;
[Assert] Verifying delay2 &gt; delay1&#xD;
[Assert] Verifying retry count is 2&#xD;
[Test] MarkAsFailedAsync_ImplementsExponentialBackoff passed</StdOut>
      </Output>
    </UnitTestResult>
    <UnitTestResult executionId="71621c7c-12c1-416a-aafa-81b45db3bb19" testId="8fba8c5e-ce77-4e67-2f3c-580f5339d1c9" testName="ShoppingProject.Tests.Infrastructure.SpecificationPatternIntegrationTests.ProductsWithPaginationSpecification_ReturnsPaginatedResults" computerName="DESKTOP-GH65CIA" duration="00:00:00.0019163" startTime="2026-01-26T16:30:52.7338663+01:00" endTime="2026-01-26T16:30:52.7338670+01:00" testType="13cdc9d9-ddb5-4fa4-a97d-d965ccfc6d4b" outcome="Passed" testListId="8c84fa94-04c1-424b-9868-57a2d4851a1d" relativeResultsDirectory="71621c7c-12c1-416a-aafa-81b45db3bb19" />
    <UnitTestResult executionId="6abe25f6-e951-4aef-9037-f8526a9ad277" testId="b8492655-8293-0788-3c3e-61b997fe7715" testName="ShoppingProject.Tests.Infrastructure.RepositoryPatternIntegrationTests.FirstOrDefaultAsync_WithSpecification" computerName="DESKTOP-GH65CIA" duration="00:00:00.0065347" startTime="2026-01-26T16:30:52.6386354+01:00" endTime="2026-01-26T16:30:52.6386357+01:00" testType="13cdc9d9-ddb5-4fa4-a97d-d965ccfc6d4b" outcome="Passed" testListId="8c84fa94-04c1-424b-9868-57a2d4851a1d" relativeResultsDirectory="6abe25f6-e951-4aef-9037-f8526a9ad277" />
    <UnitTestResult executionId="372a0425-38c2-4f86-814b-9dde71ce388e" testId="3e530f6c-c73c-9d98-7bab-207dff3bd256" testName="ShoppingProject.UnitTests.Domain.ProductTests.Product_ShouldInheritFromBaseAuditableEntity" computerName="DESKTOP-GH65CIA" duration="00:00:00.0036457" startTime="2026-01-26T16:30:50.4476239+01:00" endTime="2026-01-26T16:30:50.4476243+01:00" testType="13cdc9d9-ddb5-4fa4-a97d-d965ccfc6d4b" outcome="Passed" testListId="8c84fa94-04c1-424b-9868-57a2d4851a1d" relativeResultsDirectory="372a0425-38c2-4f86-814b-9dde71ce388e" />
    <UnitTestResult executionId="65e25221-eff8-40a7-8ede-588494f98042" testId="609e4f93-6bf4-10ce-7f94-585ca5d25651" testName="ShoppingProject.Tests.Application.Common.ErrorTests.ErrorRecordIsValueType" computerName="DESKTOP-GH65CIA" duration="00:00:00.0007793" startTime="2026-01-26T16:30:50.7504019+01:00" endTime="2026-01-26T16:30:50.7504020+01:00" testType="13cdc9d9-ddb5-4fa4-a97d-d965ccfc6d4b" outcome="Passed" testListId="8c84fa94-04c1-424b-9868-57a2d4851a1d" relativeResultsDirectory="65e25221-eff8-40a7-8ede-588494f98042" />
    <UnitTestResult executionId="00f0718c-f652-4744-b39f-bb69bbed8c3b" testId="67660a1e-761e-d6b8-cdcb-a76ca6ed1f3f" testName="ShoppingProject.UnitTests.Application.Handlers.GlobalExceptionHandlerTests.TryHandleAsync_NotFoundException_Returns404ProblemDetails" computerName="DESKTOP-GH65CIA" duration="00:00:00.5217640" startTime="2026-01-26T16:30:50.3866124+01:00" endTime="2026-01-26T16:30:50.3866126+01:00" testType="13cdc9d9-ddb5-4fa4-a97d-d965ccfc6d4b" outcome="Passed" testListId="8c84fa94-04c1-424b-9868-57a2d4851a1d" relativeResultsDirectory="00f0718c-f652-4744-b39f-bb69bbed8c3b" />
    <UnitTestResult executionId="21b4007a-c652-40ea-a102-241a8b2eacdc" testId="ec7b71b9-389e-7e18-08f8-c1b49dbbd2a5" testName="ShoppingProject.UnitTests.IntegrationTests.IdentityIntegrationTests.ResetPassword_Should_Update_User_Password" computerName="DESKTOP-GH65CIA" duration="00:00:00.0010000" startTime="2026-01-26T16:30:50.9132567+01:00" endTime="2026-01-26T16:30:50.9132570+01:00" testType="13cdc9d9-ddb5-4fa4-a97d-d965ccfc6d4b" outcome="Failed" testListId="8c84fa94-04c1-424b-9868-57a2d4851a1d" relativeResultsDirectory="21b4007a-c652-40ea-a102-241a8b2eacdc">
      <Output>
        <ErrorInfo>
          <Message>System.UriFormatException : Invalid URI: The hostname could not be parsed.</Message>
          <StackTrace>   at System.Uri.CreateThis(String uri, Boolean dontEscape, UriKind uriKind, UriCreationOptions&amp; creationOptions)&#xD;
   at System.Uri..ctor(String uriString)&#xD;
   at Program.&lt;Main&gt;$(String[] args) in O:\Projets\pipeline_azure\src\Presentation\API\Program.cs:line 19&#xD;
   at Program.&lt;Main&gt;(String[] args)&#xD;
   at InvokeStub_Program.&lt;Main&gt;(Object, Span`1)&#xD;
   at System.Reflection.MethodBaseInvoker.InvokeWithOneArg(Object obj, BindingFlags invokeAttr, Binder binder, Object[] parameters, CultureInfo culture)&#xD;
--- End of stack trace from previous location ---&#xD;
   at Microsoft.Extensions.Hosting.HostFactoryResolver.HostingListener.CreateHost()&#xD;
   at Microsoft.Extensions.Hosting.HostFactoryResolver.&lt;&gt;c__DisplayClass10_0.&lt;ResolveHostFactory&gt;b__0(String[] args)&#xD;
   at Microsoft.AspNetCore.Mvc.Testing.DeferredHostBuilder.Build()&#xD;
   at Microsoft.AspNetCore.Mvc.Testing.WebApplicationFactory`1.CreateHost(IHostBuilder builder)&#xD;
   at ShoppingProject.Tests.Infrastructure.CustomWebApplicationFactory.CreateHost(IHostBuilder builder) in O:\Projets\pipeline_azure\src\Tests\Infrastructure\CustomWebApplicationFactory.cs:line 94&#xD;
   at Microsoft.AspNetCore.Mvc.Testing.WebApplicationFactory`1.ConfigureHostBuilder(IHostBuilder hostBuilder)&#xD;
   at Microsoft.AspNetCore.Mvc.Testing.WebApplicationFactory`1.EnsureServer()&#xD;
   at Microsoft.AspNetCore.Mvc.Testing.WebApplicationFactory`1.CreateDefaultClient(DelegatingHandler[] handlers)&#xD;
   at Microsoft.AspNetCore.Mvc.Testing.WebApplicationFactory`1.CreateDefaultClient(Uri baseAddress, DelegatingHandler[] handlers)&#xD;
   at Microsoft.AspNetCore.Mvc.Testing.WebApplicationFactory`1.CreateClient(WebApplicationFactoryClientOptions options)&#xD;
   at Microsoft.AspNetCore.Mvc.Testing.WebApplicationFactory`1.CreateClient()&#xD;
   at ShoppingProject.UnitTests.IntegrationTests.IdentityIntegrationTests..ctor(CustomWebApplicationFactory factory, ITestOutputHelper output) in O:\Projets\pipeline_azure\src\Tests\IntegrationTests\IdentityIntegrationTests.cs:line 18&#xD;
   at InvokeStub_IdentityIntegrationTests..ctor(Object, Span`1)&#xD;
   at System.Reflection.MethodBaseInvoker.InvokeWithFewArgs(Object obj, BindingFlags invokeAttr, Binder binder, Object[] parameters, CultureInfo culture)</StackTrace>
        </ErrorInfo>
      </Output>
    </UnitTestResult>
    <UnitTestResult executionId="65d0002e-d00f-4be9-a8bc-2614b306a8e1" testId="c50d23ec-130a-8e78-fc07-99df3ac5a313" testName="ShoppingProject.Tests.Infrastructure.RepositoryPatternIntegrationTests.GetByIdAsync_ReturnsEntity" computerName="DESKTOP-GH65CIA" duration="00:00:00.0057471" startTime="2026-01-26T16:30:52.4317431+01:00" endTime="2026-01-26T16:30:52.4317434+01:00" testType="13cdc9d9-ddb5-4fa4-a97d-d965ccfc6d4b" outcome="Passed" testListId="8c84fa94-04c1-424b-9868-57a2d4851a1d" relativeResultsDirectory="65d0002e-d00f-4be9-a8bc-2614b306a8e1" />
    <UnitTestResult executionId="508e91b4-e79b-4575-8bea-dec0b56b009b" testId="9c2457af-f7c6-6c69-ba66-f2c856a2a449" testName="ShoppingProject.UnitTests.IntegrationTests.CartsIntegrationTests.DeleteCart_Should_Return_Success_When_Authorized" computerName="DESKTOP-GH65CIA" duration="00:00:00.0010000" startTime="2026-01-26T16:30:50.8544030+01:00" endTime="2026-01-26T16:30:50.8544039+01:00" testType="13cdc9d9-ddb5-4fa4-a97d-d965ccfc6d4b" outcome="Failed" testListId="8c84fa94-04c1-424b-9868-57a2d4851a1d" relativeResultsDirectory="508e91b4-e79b-4575-8bea-dec0b56b009b">
      <Output>
        <ErrorInfo>
          <Message>System.UriFormatException : Invalid URI: The hostname could not be parsed.</Message>
          <StackTrace>   at System.Uri.CreateThis(String uri, Boolean dontEscape, UriKind uriKind, UriCreationOptions&amp; creationOptions)&#xD;
   at System.Uri..ctor(String uriString)&#xD;
   at Program.&lt;Main&gt;$(String[] args) in O:\Projets\pipeline_azure\src\Presentation\API\Program.cs:line 19&#xD;
   at Program.&lt;Main&gt;(String[] args)&#xD;
   at InvokeStub_Program.&lt;Main&gt;(Object, Span`1)&#xD;
   at System.Reflection.MethodBaseInvoker.InvokeWithOneArg(Object obj, BindingFlags invokeAttr, Binder binder, Object[] parameters, CultureInfo culture)&#xD;
--- End of stack trace from previous location ---&#xD;
   at Microsoft.Extensions.Hosting.HostFactoryResolver.HostingListener.CreateHost()&#xD;
   at Microsoft.Extensions.Hosting.HostFactoryResolver.&lt;&gt;c__DisplayClass10_0.&lt;ResolveHostFactory&gt;b__0(String[] args)&#xD;
   at Microsoft.AspNetCore.Mvc.Testing.DeferredHostBuilder.Build()&#xD;
   at Microsoft.AspNetCore.Mvc.Testing.WebApplicationFactory`1.CreateHost(IHostBuilder builder)&#xD;
   at ShoppingProject.Tests.Infrastructure.CustomWebApplicationFactory.CreateHost(IHostBuilder builder) in O:\Projets\pipeline_azure\src\Tests\Infrastructure\CustomWebApplicationFactory.cs:line 94&#xD;
   at Microsoft.AspNetCore.Mvc.Testing.WebApplicationFactory`1.ConfigureHostBuilder(IHostBuilder hostBuilder)&#xD;
   at Microsoft.AspNetCore.Mvc.Testing.WebApplicationFactory`1.EnsureServer()&#xD;
   at Microsoft.AspNetCore.Mvc.Testing.WebApplicationFactory`1.CreateDefaultClient(DelegatingHandler[] handlers)&#xD;
   at Microsoft.AspNetCore.Mvc.Testing.WebApplicationFactory`1.CreateDefaultClient(Uri baseAddress, DelegatingHandler[] handlers)&#xD;
   at Microsoft.AspNetCore.Mvc.Testing.WebApplicationFactory`1.CreateClient(WebApplicationFactoryClientOptions options)&#xD;
   at Microsoft.AspNetCore.Mvc.Testing.WebApplicationFactory`1.CreateClient()&#xD;
   at ShoppingProject.UnitTests.IntegrationTests.CartsIntegrationTests..ctor(CustomWebApplicationFactory factory, ITestOutputHelper output) in O:\Projets\pipeline_azure\src\Tests\IntegrationTests\CartsIntegrationTests.cs:line 19&#xD;
   at InvokeStub_CartsIntegrationTests..ctor(Object, Span`1)&#xD;
   at System.Reflection.MethodBaseInvoker.InvokeWithFewArgs(Object obj, BindingFlags invokeAttr, Binder binder, Object[] parameters, CultureInfo culture)</StackTrace>
        </ErrorInfo>
      </Output>
    </UnitTestResult>
    <UnitTestResult executionId="74dc58e9-e3d1-47fd-bec5-700d1b53d2b2" testId="bcba41de-9f2d-423e-6b98-bc88dd5543e6" testName="ShoppingProject.UnitTests.Application.Queries.GetProductByIdQueryTests.Handle_ValidQuery_ShouldUseCacheKeyWithProductId" computerName="DESKTOP-GH65CIA" duration="00:00:00.0430932" startTime="2026-01-26T16:30:50.3774758+01:00" endTime="2026-01-26T16:30:50.3774760+01:00" testType="13cdc9d9-ddb5-4fa4-a97d-d965ccfc6d4b" outcome="Passed" testListId="8c84fa94-04c1-424b-9868-57a2d4851a1d" relativeResultsDirectory="74dc58e9-e3d1-47fd-bec5-700d1b53d2b2" />
    <UnitTestResult executionId="977471e1-06e2-486d-99f1-cd08bcda9189" testId="2eea2564-e665-180a-02ff-cc2841673b7e" testName="ShoppingProject.Tests.Application.Common.ErrorTests.NotFound_CreatesNotFoundError" computerName="DESKTOP-GH65CIA" duration="00:00:00.0019396" startTime="2026-01-26T16:30:50.7467983+01:00" endTime="2026-01-26T16:30:50.7467991+01:00" testType="13cdc9d9-ddb5-4fa4-a97d-d965ccfc6d4b" outcome="Passed" testListId="8c84fa94-04c1-424b-9868-57a2d4851a1d" relativeResultsDirectory="977471e1-06e2-486d-99f1-cd08bcda9189" />
    <UnitTestResult executionId="3cfbb2f1-c462-404d-b994-4a1cd4f38858" testId="00c41bb1-3d0b-9833-2b8e-58a733bcc85c" testName="ShoppingProject.UnitTests.Application.Commands.CreateProductCommandTests.Handle_ValidCommand_ShouldRaiseDomainEvent" computerName="DESKTOP-GH65CIA" duration="00:00:00.0308825" startTime="2026-01-26T16:30:50.6980613+01:00" endTime="2026-01-26T16:30:50.6980618+01:00" testType="13cdc9d9-ddb5-4fa4-a97d-d965ccfc6d4b" outcome="Passed" testListId="8c84fa94-04c1-424b-9868-57a2d4851a1d" relativeResultsDirectory="3cfbb2f1-c462-404d-b994-4a1cd4f38858" />
    <UnitTestResult executionId="9d186e93-ae14-4cf4-8847-acd960c4382d" testId="82cec03e-b24f-d7ad-a306-c99b9fefa8dc" testName="ShoppingProject.Tests.Infrastructure.RepositoryPatternIntegrationTests.CountAsync_WithSpecification" computerName="DESKTOP-GH65CIA" duration="00:00:00.0362978" startTime="2026-01-26T16:30:52.7036250+01:00" endTime="2026-01-26T16:30:52.7036258+01:00" testType="13cdc9d9-ddb5-4fa4-a97d-d965ccfc6d4b" outcome="Passed" testListId="8c84fa94-04c1-424b-9868-57a2d4851a1d" relativeResultsDirectory="9d186e93-ae14-4cf4-8847-acd960c4382d">
      <Output>
        <StdOut>[Test] CountAsync_WithSpecification started&#xD;
[Arrange] Adding 3 products with different prices&#xD;
[Arrange] Products saved: Expensive (1000), Cheap 1 (10), Cheap 2 (15)&#xD;
[Act] Counting products with price range 0-50&#xD;
[Act] Count returned: 2&#xD;
[Assert] Verifying count is 2&#xD;
[Test] CountAsync_WithSpecification passed</StdOut>
      </Output>
    </UnitTestResult>
    <UnitTestResult executionId="9f50352e-a94e-402e-a321-10eac22d925c" testId="6eb2befa-1e87-a9c5-3294-7d7e543f1c22" testName="ShoppingProject.UnitTests.Domain.CartTests.SetQuantity_WithValidQuantity_ShouldSucceed(quantity: 5)" computerName="DESKTOP-GH65CIA" duration="00:00:00.0005254" startTime="2026-01-26T16:30:50.7967742+01:00" endTime="2026-01-26T16:30:50.7967743+01:00" testType="13cdc9d9-ddb5-4fa4-a97d-d965ccfc6d4b" outcome="Passed" testListId="8c84fa94-04c1-424b-9868-57a2d4851a1d" relativeResultsDirectory="9f50352e-a94e-402e-a321-10eac22d925c" />
    <UnitTestResult executionId="1d619963-050f-48ab-a462-1591c9dad58d" testId="0244dd2b-2592-2077-8e9b-2f6884b6f07c" testName="ShoppingProject.UnitTests.Application.Validators.CreateProductCommandValidatorTests.Validate_EmptyImage_ShouldHaveValidationError" computerName="DESKTOP-GH65CIA" duration="00:00:00.0192659" startTime="2026-01-26T16:30:50.6013808+01:00" endTime="2026-01-26T16:30:50.6013809+01:00" testType="13cdc9d9-ddb5-4fa4-a97d-d965ccfc6d4b" outcome="Passed" testListId="8c84fa94-04c1-424b-9868-57a2d4851a1d" relativeResultsDirectory="1d619963-050f-48ab-a462-1591c9dad58d" />
    <UnitTestResult executionId="fc315cb9-f97a-4d33-95ed-0f3d5256edc0" testId="9f51ae1f-fbba-6f12-f56a-9dee8792649c" testName="ShoppingProject.Tests.Infrastructure.SpecificationPatternIntegrationTests.ProductsByCategoryWithPaginationSpecification_FiltersCategoryAndPaginates" computerName="DESKTOP-GH65CIA" duration="00:00:00.0300605" startTime="2026-01-26T16:30:52.5771118+01:00" endTime="2026-01-26T16:30:52.5771125+01:00" testType="13cdc9d9-ddb5-4fa4-a97d-d965ccfc6d4b" outcome="Passed" testListId="8c84fa94-04c1-424b-9868-57a2d4851a1d" relativeResultsDirectory="fc315cb9-f97a-4d33-95ed-0f3d5256edc0" />
    <UnitTestResult executionId="15cf7ef6-998e-4ba4-ac56-247721f7fc50" testId="3f6feedf-303e-7dfe-c6e5-1e0eab231649" testName="ShoppingProject.UnitTests.Domain.ProductTests.CreateProduct_WithRating_ShouldSucceed" computerName="DESKTOP-GH65CIA" duration="00:00:00.0004969" startTime="2026-01-26T16:30:50.4480934+01:00" endTime="2026-01-26T16:30:50.4480937+01:00" testType="13cdc9d9-ddb5-4fa4-a97d-d965ccfc6d4b" outcome="Passed" testListId="8c84fa94-04c1-424b-9868-57a2d4851a1d" relativeResultsDirectory="15cf7ef6-998e-4ba4-ac56-247721f7fc50" />
    <UnitTestResult executionId="610436c0-f633-4a4f-b246-bb255235a147" testId="528df5fb-d586-b82c-5680-6577dabc0106" testName="ShoppingProject.UnitTests.Application.QueryableExtensionsTests.ToDynamic_ShouldFilterAndSort" computerName="DESKTOP-GH65CIA" duration="00:00:00.0344141" startTime="2026-01-26T16:30:51.1983449+01:00" endTime="2026-01-26T16:30:51.1983461+01:00" testType="13cdc9d9-ddb5-4fa4-a97d-d965ccfc6d4b" outcome="Passed" testListId="8c84fa94-04c1-424b-9868-57a2d4851a1d" relativeResultsDirectory="610436c0-f633-4a4f-b246-bb255235a147" />
    <UnitTestResult executionId="d412a694-eb93-452f-aa6b-fa0ae4bbcb2b" testId="db809357-af0d-b103-4f3f-f2eeedb24fe5" testName="ShoppingProject.UnitTests.Application.QueryableExtensionsTests.ToDynamic_ShouldSortDescending" computerName="DESKTOP-GH65CIA" duration="00:00:00.0032665" startTime="2026-01-26T16:30:51.2016576+01:00" endTime="2026-01-26T16:30:51.2016583+01:00" testType="13cdc9d9-ddb5-4fa4-a97d-d965ccfc6d4b" outcome="Passed" testListId="8c84fa94-04c1-424b-9868-57a2d4851a1d" relativeResultsDirectory="d412a694-eb93-452f-aa6b-fa0ae4bbcb2b" />
    <UnitTestResult executionId="ef2fc093-0a76-492d-84ea-6befdef8b916" testId="66c4f79c-da35-753d-4441-bdca5e25efe5" testName="ShoppingProject.Tests.Infrastructure.SpecificationPatternIntegrationTests.PriceRangeSpecification_WithNarrowRange_ReturnsCorrectProducts" computerName="DESKTOP-GH65CIA" duration="00:00:00.0026947" startTime="2026-01-26T16:30:52.7385991+01:00" endTime="2026-01-26T16:30:52.7385996+01:00" testType="13cdc9d9-ddb5-4fa4-a97d-d965ccfc6d4b" outcome="Passed" testListId="8c84fa94-04c1-424b-9868-57a2d4851a1d" relativeResultsDirectory="ef2fc093-0a76-492d-84ea-6befdef8b916" />
    <UnitTestResult executionId="59ca6026-ad46-4774-85c5-90146929b4ed" testId="229c4b3f-c648-0e00-baea-6a722fb43fd1" testName="ShoppingProject.Tests.Infrastructure.RepositoryPatternIntegrationTests.Combined_AddUpdateDelete_Workflow" computerName="DESKTOP-GH65CIA" duration="00:00:00.0069039" startTime="2026-01-26T16:30:52.6496599+01:00" endTime="2026-01-26T16:30:52.6496600+01:00" testType="13cdc9d9-ddb5-4fa4-a97d-d965ccfc6d4b" outcome="Passed" testListId="8c84fa94-04c1-424b-9868-57a2d4851a1d" relativeResultsDirectory="59ca6026-ad46-4774-85c5-90146929b4ed" />
    <UnitTestResult executionId="5b5901fc-9d3d-4bb2-8c1a-c18ced70ea44" testId="25ff9cc3-b788-6737-17b1-c5d099490d3d" testName="ShoppingProject.UnitTests.Application.QueryableExtensionsTests.ToDynamic_ShouldSortAscending" computerName="DESKTOP-GH65CIA" duration="00:00:00.0039715" startTime="2026-01-26T16:30:51.2108180+01:00" endTime="2026-01-26T16:30:51.2108185+01:00" testType="13cdc9d9-ddb5-4fa4-a97d-d965ccfc6d4b" outcome="Passed" testListId="8c84fa94-04c1-424b-9868-57a2d4851a1d" relativeResultsDirectory="5b5901fc-9d3d-4bb2-8c1a-c18ced70ea44" />
    <UnitTestResult executionId="64b71788-ef1f-4cf7-872b-b67ae16ba7bc" testId="538ccfe2-7135-9873-cdc0-e293c7640dda" testName="ShoppingProject.UnitTests.Application.Queries.GetCurrentUserInfoQueryTests.GetCurrentUserInfo_ShouldFail_WhenUserIdIsMissing" computerName="DESKTOP-GH65CIA" duration="00:00:00.0833578" startTime="2026-01-26T16:30:50.3867674+01:00" endTime="2026-01-26T16:30:50.3867675+01:00" testType="13cdc9d9-ddb5-4fa4-a97d-d965ccfc6d4b" outcome="Passed" testListId="8c84fa94-04c1-424b-9868-57a2d4851a1d" relativeResultsDirectory="64b71788-ef1f-4cf7-872b-b67ae16ba7bc" />
    <UnitTestResult executionId="90c34455-fc5b-4d5b-8d62-9e98fbb9b89a" testId="0be0edc8-221b-5f87-4cf1-15a1e112ded4" testName="ShoppingProject.Tests.Infrastructure.OutboxMessageStoreIntegrationTests.GetUnprocessedMessagesAsync_ExcludesDeadLetteredMessages" computerName="DESKTOP-GH65CIA" duration="00:00:02.0659062" startTime="2026-01-26T16:30:52.3776863+01:00" endTime="2026-01-26T16:30:52.3776868+01:00" testType="13cdc9d9-ddb5-4fa4-a97d-d965ccfc6d4b" outcome="Passed" testListId="8c84fa94-04c1-424b-9868-57a2d4851a1d" relativeResultsDirectory="90c34455-fc5b-4d5b-8d62-9e98fbb9b89a" />
    <UnitTestResult executionId="0257270c-9495-4ba0-88e8-9256c82e4e42" testId="8b652938-8187-c2bd-958f-f7a6aeb5298b" testName="ShoppingProject.UnitTests.Infrastructure.Authorization.AuthorizationPolicyTests.CanManageProductsPolicy_RequiresAdministratorRole" computerName="DESKTOP-GH65CIA" duration="00:00:00.0008947" startTime="2026-01-26T16:30:50.7966266+01:00" endTime="2026-01-26T16:30:50.7966267+01:00" testType="13cdc9d9-ddb5-4fa4-a97d-d965ccfc6d4b" outcome="Passed" testListId="8c84fa94-04c1-424b-9868-57a2d4851a1d" relativeResultsDirectory="0257270c-9495-4ba0-88e8-9256c82e4e42" />
    <UnitTestResult executionId="2cf57255-6c11-4b6e-a637-b9e633454290" testId="9d50f196-ae82-ce5a-3035-1aa4812e07f9" testName="ShoppingProject.Tests.Application.Common.ErrorTests.InternalServerError_CreatesErrorError" computerName="DESKTOP-GH65CIA" duration="00:00:00.0004360" startTime="2026-01-26T16:30:50.7503295+01:00" endTime="2026-01-26T16:30:50.7503296+01:00" testType="13cdc9d9-ddb5-4fa4-a97d-d965ccfc6d4b" outcome="Passed" testListId="8c84fa94-04c1-424b-9868-57a2d4851a1d" relativeResultsDirectory="2cf57255-6c11-4b6e-a637-b9e633454290" />
    <UnitTestResult executionId="19a1d0bd-3b73-4065-9e8c-8cee5492a46a" testId="43bb5142-b366-2b80-6ff0-1ff639d0bf80" testName="ShoppingProject.UnitTests.IntegrationTests.CacheIntegrationTests.GetValue_Should_Return_NotFound_When_NotExists" computerName="DESKTOP-GH65CIA" duration="00:00:00.0010000" startTime="2026-01-26T16:30:50.8212987+01:00" endTime="2026-01-26T16:30:50.8212991+01:00" testType="13cdc9d9-ddb5-4fa4-a97d-d965ccfc6d4b" outcome="Failed" testListId="8c84fa94-04c1-424b-9868-57a2d4851a1d" relativeResultsDirectory="19a1d0bd-3b73-4065-9e8c-8cee5492a46a">
      <Output>
        <ErrorInfo>
          <Message>System.UriFormatException : Invalid URI: The hostname could not be parsed.</Message>
          <StackTrace>   at System.Uri.CreateThis(String uri, Boolean dontEscape, UriKind uriKind, UriCreationOptions&amp; creationOptions)&#xD;
   at System.Uri..ctor(String uriString)&#xD;
   at Program.&lt;Main&gt;$(String[] args) in O:\Projets\pipeline_azure\src\Presentation\API\Program.cs:line 19&#xD;
   at Program.&lt;Main&gt;(String[] args)&#xD;
   at InvokeStub_Program.&lt;Main&gt;(Object, Span`1)&#xD;
   at System.Reflection.MethodBaseInvoker.InvokeWithOneArg(Object obj, BindingFlags invokeAttr, Binder binder, Object[] parameters, CultureInfo culture)&#xD;
--- End of stack trace from previous location ---&#xD;
   at Microsoft.Extensions.Hosting.HostFactoryResolver.HostingListener.CreateHost()&#xD;
   at Microsoft.Extensions.Hosting.HostFactoryResolver.&lt;&gt;c__DisplayClass10_0.&lt;ResolveHostFactory&gt;b__0(String[] args)&#xD;
   at Microsoft.AspNetCore.Mvc.Testing.DeferredHostBuilder.Build()&#xD;
   at Microsoft.AspNetCore.Mvc.Testing.WebApplicationFactory`1.CreateHost(IHostBuilder builder)&#xD;
   at ShoppingProject.Tests.Infrastructure.CustomWebApplicationFactory.CreateHost(IHostBuilder builder) in O:\Projets\pipeline_azure\src\Tests\Infrastructure\CustomWebApplicationFactory.cs:line 94&#xD;
   at Microsoft.AspNetCore.Mvc.Testing.WebApplicationFactory`1.ConfigureHostBuilder(IHostBuilder hostBuilder)&#xD;
   at Microsoft.AspNetCore.Mvc.Testing.WebApplicationFactory`1.EnsureServer()&#xD;
   at Microsoft.AspNetCore.Mvc.Testing.WebApplicationFactory`1.CreateDefaultClient(DelegatingHandler[] handlers)&#xD;
   at Microsoft.AspNetCore.Mvc.Testing.WebApplicationFactory`1.CreateDefaultClient(Uri baseAddress, DelegatingHandler[] handlers)&#xD;
   at Microsoft.AspNetCore.Mvc.Testing.WebApplicationFactory`1.CreateClient(WebApplicationFactoryClientOptions options)&#xD;
   at Microsoft.AspNetCore.Mvc.Testing.WebApplicationFactory`1.CreateClient()&#xD;
   at ShoppingProject.UnitTests.IntegrationTests.CacheIntegrationTests..ctor(CustomWebApplicationFactory factory) in O:\Projets\pipeline_azure\src\Tests\IntegrationTests\CacheIntegrationTests.cs:line 16&#xD;
   at InvokeStub_CacheIntegrationTests..ctor(Object, Span`1)&#xD;
   at System.Reflection.MethodBaseInvoker.InvokeWithOneArg(Object obj, BindingFlags invokeAttr, Binder binder, Object[] parameters, CultureInfo culture)</StackTrace>
        </ErrorInfo>
      </Output>
    </UnitTestResult>
    <UnitTestResult executionId="54576feb-0c0f-4d93-a7d7-537fdeea84db" testId="6635480c-2973-c144-f3f3-bf1320325108" testName="ShoppingProject.UnitTests.Application.Validators.CreateProductCommandValidatorTests.Validate_TitleTooLong_ShouldHaveValidationError" computerName="DESKTOP-GH65CIA" duration="00:00:00.0275247" startTime="2026-01-26T16:30:50.5816368+01:00" endTime="2026-01-26T16:30:50.5816373+01:00" testType="13cdc9d9-ddb5-4fa4-a97d-d965ccfc6d4b" outcome="Passed" testListId="8c84fa94-04c1-424b-9868-57a2d4851a1d" relativeResultsDirectory="54576feb-0c0f-4d93-a7d7-537fdeea84db" />
    <UnitTestResult executionId="23237fb1-a973-4873-bb6c-e13f1508f3d0" testId="9e7b1465-5bc3-9576-40e7-a34850828b23" testName="ShoppingProject.Tests.Infrastructure.RepositoryPatternIntegrationTests.AddAsync_CreatesEntity" computerName="DESKTOP-GH65CIA" duration="00:00:00.0049715" startTime="2026-01-26T16:30:52.6314101+01:00" endTime="2026-01-26T16:30:52.6314105+01:00" testType="13cdc9d9-ddb5-4fa4-a97d-d965ccfc6d4b" outcome="Passed" testListId="8c84fa94-04c1-424b-9868-57a2d4851a1d" relativeResultsDirectory="23237fb1-a973-4873-bb6c-e13f1508f3d0" />
    <UnitTestResult executionId="4156eefc-f957-4a4f-957f-557ac28f692a" testId="0d9f132b-d1ce-a3ab-f517-79daef53e37e" testName="ShoppingProject.Tests.Infrastructure.RepositoryPatternIntegrationTests.DeleteRangeAsync_RemovesMultipleEntities" computerName="DESKTOP-GH65CIA" duration="00:00:00.0343249" startTime="2026-01-26T16:30:52.5656999+01:00" endTime="2026-01-26T16:30:52.5657005+01:00" testType="13cdc9d9-ddb5-4fa4-a97d-d965ccfc6d4b" outcome="Passed" testListId="8c84fa94-04c1-424b-9868-57a2d4851a1d" relativeResultsDirectory="4156eefc-f957-4a4f-957f-557ac28f692a" />
    <UnitTestResult executionId="667672a8-4b92-463c-a64c-b5b4d6108156" testId="7d7b6eb1-f668-d72c-d1d8-cf6ad8fc762a" testName="ShoppingProject.Tests.Infrastructure.RepositoryPatternIntegrationTests.CountAsync_ReturnsCorrectCount" computerName="DESKTOP-GH65CIA" duration="00:00:00.0070001" startTime="2026-01-26T16:30:52.4204522+01:00" endTime="2026-01-26T16:30:52.4204522+01:00" testType="13cdc9d9-ddb5-4fa4-a97d-d965ccfc6d4b" outcome="Passed" testListId="8c84fa94-04c1-424b-9868-57a2d4851a1d" relativeResultsDirectory="667672a8-4b92-463c-a64c-b5b4d6108156" />
    <UnitTestResult executionId="ff7ba616-38e7-4ba1-a1e4-e1471f10b32c" testId="1fb5c08e-174c-d24e-3519-933a400617cf" testName="ShoppingProject.UnitTests.Architecture.ArchitectureTests.Domain_Should_Not_HaveDependencyOn_Infrastructure" computerName="DESKTOP-GH65CIA" duration="00:00:00.0168468" startTime="2026-01-26T16:30:51.1173751+01:00" endTime="2026-01-26T16:30:51.1173756+01:00" testType="13cdc9d9-ddb5-4fa4-a97d-d965ccfc6d4b" outcome="Passed" testListId="8c84fa94-04c1-424b-9868-57a2d4851a1d" relativeResultsDirectory="ff7ba616-38e7-4ba1-a1e4-e1471f10b32c" />
    <UnitTestResult executionId="1513634a-a2dd-49c2-a924-24359cf149ba" testId="2f645cf7-b452-f971-a2c8-3e17d2e5b173" testName="ShoppingProject.UnitTests.Domain.RatingTests.CreateRating_WithVariousValues_ShouldSucceed(rate: 5, count: 1000)" computerName="DESKTOP-GH65CIA" duration="00:00:00.0000218" startTime="2026-01-26T16:30:50.4223086+01:00" endTime="2026-01-26T16:30:50.4223087+01:00" testType="13cdc9d9-ddb5-4fa4-a97d-d965ccfc6d4b" outcome="Passed" testListId="8c84fa94-04c1-424b-9868-57a2d4851a1d" relativeResultsDirectory="1513634a-a2dd-49c2-a924-24359cf149ba" />
    <UnitTestResult executionId="0e9575f5-fa16-4fe0-b49b-6e618bea61ec" testId="4bc2d9cb-ab52-175d-2aba-711777c49600" testName="ShoppingProject.UnitTests.Presentation.Controllers.ProductsControllerAuthorizationTests.Update_HasAuthorizeAttributeWithCanManageProductsPolicy" computerName="DESKTOP-GH65CIA" duration="00:00:00.0011264" startTime="2026-01-26T16:30:50.3782863+01:00" endTime="2026-01-26T16:30:50.3782865+01:00" testType="13cdc9d9-ddb5-4fa4-a97d-d965ccfc6d4b" outcome="Passed" testListId="8c84fa94-04c1-424b-9868-57a2d4851a1d" relativeResultsDirectory="0e9575f5-fa16-4fe0-b49b-6e618bea61ec" />
    <UnitTestResult executionId="0b968493-5213-45df-a786-34f02f6cbeee" testId="3ccf85b5-b4f6-7c8e-93f0-cdfc37efccaf" testName="ShoppingProject.Tests.Infrastructure.RepositoryPatternIntegrationTests.GetByIdAsync_ReturnsNullForNonexistent" computerName="DESKTOP-GH65CIA" duration="00:00:00.0378979" startTime="2026-01-26T16:30:52.6039831+01:00" endTime="2026-01-26T16:30:52.6039836+01:00" testType="13cdc9d9-ddb5-4fa4-a97d-d965ccfc6d4b" outcome="Passed" testListId="8c84fa94-04c1-424b-9868-57a2d4851a1d" relativeResultsDirectory="0b968493-5213-45df-a786-34f02f6cbeee" />
    <UnitTestResult executionId="70425ab5-7a52-4714-93aa-3898e6b6e752" testId="ca5f473f-5627-18de-cb99-6e188c673a80" testName="ShoppingProject.UnitTests.Architecture.ArchitectureTests.Application_Should_Not_HaveDependencyOn_Infrastructure" computerName="DESKTOP-GH65CIA" duration="00:00:00.2034979" startTime="2026-01-26T16:30:51.1004031+01:00" endTime="2026-01-26T16:30:51.1004036+01:00" testType="13cdc9d9-ddb5-4fa4-a97d-d965ccfc6d4b" outcome="Passed" testListId="8c84fa94-04c1-424b-9868-57a2d4851a1d" relativeResultsDirectory="70425ab5-7a52-4714-93aa-3898e6b6e752" />
    <UnitTestResult executionId="a6740a07-be52-4df5-88d0-b1346527d7ee" testId="5817909c-f2b2-f835-21a9-452ef4e59445" testName="ShoppingProject.UnitTests.Application.Handlers.GlobalExceptionHandlerTests.TryHandleAsync_ValidationException_Returns422ProblemDetailsWithErrors" computerName="DESKTOP-GH65CIA" duration="00:00:00.1023562" startTime="2026-01-26T16:30:50.4144133+01:00" endTime="2026-01-26T16:30:50.4144141+01:00" testType="13cdc9d9-ddb5-4fa4-a97d-d965ccfc6d4b" outcome="Passed" testListId="8c84fa94-04c1-424b-9868-57a2d4851a1d" relativeResultsDirectory="a6740a07-be52-4df5-88d0-b1346527d7ee" />
    <UnitTestResult executionId="f9c78df2-4b24-4b0b-b056-d5570a0a5d10" testId="9bce003f-18e4-8aa3-6ad5-73315170f085" testName="ShoppingProject.UnitTests.Presentation.Controllers.CartsControllerAuthorizationTests.Update_HasAuthorizeAttribute" computerName="DESKTOP-GH65CIA" duration="00:00:00.0004788" startTime="2026-01-26T16:30:50.3293672+01:00" endTime="2026-01-26T16:30:50.3293673+01:00" testType="13cdc9d9-ddb5-4fa4-a97d-d965ccfc6d4b" outcome="Passed" testListId="8c84fa94-04c1-424b-9868-57a2d4851a1d" relativeResultsDirectory="f9c78df2-4b24-4b0b-b056-d5570a0a5d10" />
    <UnitTestResult executionId="a11edabd-ab40-4819-9eae-0a69962186cc" testId="e36ead5d-ad43-50b5-083b-58d2067bab18" testName="ShoppingProject.UnitTests.Domain.ProductTests.CreateProduct_WithDifferentCategories_ShouldSucceed(category: &quot;books&quot;, price: 14,99)" computerName="DESKTOP-GH65CIA" duration="00:00:00.0000412" startTime="2026-01-26T16:30:50.4449407+01:00" endTime="2026-01-26T16:30:50.4449409+01:00" testType="13cdc9d9-ddb5-4fa4-a97d-d965ccfc6d4b" outcome="Passed" testListId="8c84fa94-04c1-424b-9868-57a2d4851a1d" relativeResultsDirectory="a11edabd-ab40-4819-9eae-0a69962186cc" />
    <UnitTestResult executionId="37192aef-2fbc-42e7-8656-9f7940f833a7" testId="149d0f80-9237-b605-e4d1-b81eda9093bf" testName="ShoppingProject.UnitTests.Domain.CartTests.SetQuantity_WithValidQuantity_ShouldSucceed(quantity: 1)" computerName="DESKTOP-GH65CIA" duration="00:00:00.0000199" startTime="2026-01-26T16:30:50.7968476+01:00" endTime="2026-01-26T16:30:50.7968477+01:00" testType="13cdc9d9-ddb5-4fa4-a97d-d965ccfc6d4b" outcome="Passed" testListId="8c84fa94-04c1-424b-9868-57a2d4851a1d" relativeResultsDirectory="37192aef-2fbc-42e7-8656-9f7940f833a7" />
    <UnitTestResult executionId="c0d7ebe4-7d43-4d44-8bfb-2396dbde70a3" testId="7be56e26-27f3-2b69-4b13-26bfc0918fa2" testName="ShoppingProject.UnitTests.Application.Commands.DeleteProductCommandTests.Handle_ValidCommand_ShouldRaiseDomainEvent" computerName="DESKTOP-GH65CIA" duration="00:00:00.8196033" startTime="2026-01-26T16:30:50.6150956+01:00" endTime="2026-01-26T16:30:50.6150960+01:00" testType="13cdc9d9-ddb5-4fa4-a97d-d965ccfc6d4b" outcome="Failed" testListId="8c84fa94-04c1-424b-9868-57a2d4851a1d" relativeResultsDirectory="c0d7ebe4-7d43-4d44-8bfb-2396dbde70a3">
      <Output>
        <ErrorInfo>
          <Message>Expected existingProduct.DomainEvents &#xD;
{&#xD;
    ShoppingProject.Domain.Events.ProductCreatedEvent&#xD;
    {&#xD;
        Item = ShoppingProject.Domain.Entities.Product&#xD;
        {&#xD;
            Category = "test", &#xD;
            Created = &lt;0001-01-01 00:00:00.000&gt;, &#xD;
            CreatedBy = &lt;null&gt;, &#xD;
            Description = "Test", &#xD;
            {&#xD;
            DomainEvents = {Cyclic reference to type ShoppingProject.Domain.Events.ProductCreatedEvent detected}, &#xD;
                ShoppingProject.Domain.Events.ProductStatusChangedEvent&#xD;
                {&#xD;
                    OccurredOnUtc = &lt;2026-01-26 15:30:50.0992044 +0h&gt;, &#xD;
[...]
[xUnit.net 00:00:03.37]       ShoppingProject.Domain.Entities.Product&#xD;
[xUnit.net 00:00:03.37]           {&#xD;
[xUnit.net 00:00:03.37]               Category = "Furniture", &#xD;
[xUnit.net 00:00:03.37]               Created = &lt;0001-01-01 00:00:00.000&gt;, &#xD;
[xUnit.net 00:00:03.37]               CreatedBy = &lt;null&gt;, &#xD;
[xUnit.net 00:00:03.37]               Description = "Standing desk", &#xD;
[xUnit.net 00:00:03.37]               {&#xD;
[xUnit.net 00:00:03.37]               DomainEvents = ShoppingProject.Domain.Events.ProductCreatedEvent&#xD;
[xUnit.net 00:00:03.37]                   {&#xD;
[xUnit.net 00:00:03.37]                       Item = {Cyclic reference to type ShoppingProject.Domain.Entities.Product detected}, &#xD;
[xUnit.net 00:00:03.37]                       OccurredOnUtc = &lt;2026-01-26 15:30:52.6305652 +0h&gt;&#xD;
[xUnit.net 00:00:03.37]                           }&#xD;
[xUnit.net 00:00:03.37]               }, &#xD;
[xUnit.net 00:00:03.37]               Id = 5, &#xD;
[xUnit.net 00:00:03.37]               Image = "https://example.com/desk.jpg", &#xD;
[xUnit.net 00:00:03.37]               LastModified = &lt;0001-01-01 00:00:00.000&gt;, &#xD;
[xUnit.net 00:00:03.37]               LastModifiedBy = &lt;null&gt;, &#xD;
[xUnit.net 00:00:03.37]               Price = 399.99M, &#xD;
[xUnit.net 00:00:03.37]               Rating = ShoppingProject.Domain.ValueObjects.Rating&#xD;
[xUnit.net 00:00:03.37]               {&#xD;
[xUnit.net 00:00:03.37]                   Count = 0, &#xD;
[xUnit.net 00:00:03.37]                   Rate = 0.0&#xD;
[xUnit.net 00:00:03.37]               }, &#xD;
[xUnit.net 00:00:03.37]               Status = EntityStatus.Active {value: 1}, &#xD;
[xUnit.net 00:00:03.37]               Title = "Desk"&#xD;
[xUnit.net 00:00:03.37]           }, &#xD;
[xUnit.net 00:00:03.37]           ShoppingProject.Domain.Entities.Product&#xD;
[xUnit.net 00:00:03.37]           {&#xD;
[xUnit.net 00:00:03.37]               Category = "Electronics", &#xD;
[xUnit.net 00:00:03.37]               Created = &lt;0001-01-01 00:00:00.000&gt;, &#xD;
[xUnit.net 00:00:03.37]               CreatedBy = &lt;null&gt;, &#xD;
[xUnit.net 00:00:03.37]               Description = "Mechanical keyboard", &#xD;
[xUnit.net 00:00:03.37]               DomainEvents = ShoppingProject.Domain.Events.ProductCreatedEvent&#xD;
[xUnit.net 00:00:03.37]               {&#xD;
[xUnit.net 00:00:03.37]                   {&#xD;
[xUnit.net 00:00:03.37]                       Item = {Cyclic reference to type ShoppingProject.Domain.Entities.Product detected}, &#xD;
[xUnit.net 00:00:03.37]                       OccurredOnUtc = &lt;2026-01-26 15:30:52.6305642 +0h&gt;&#xD;
[xUnit.net 00:00:03.37]                   }&#xD;
[xUnit.net 00:00:03.37]               }, &#xD;
[xUnit.net 00:00:03.37]               Id = 3, &#xD;
[xUnit.net 00:00:03.37]               Image = "https://example.com/keyboard.jpg", &#xD;
[xUnit.net 00:00:03.37]               LastModified = &lt;0001-01-01 00:00:00.000&gt;, &#xD;
[xUnit.net 00:00:03.37]               LastModifiedBy = &lt;null&gt;, &#xD;
[xUnit.net 00:00:03.37]               Price = 79.99M, &#xD;
[xUnit.net 00:00:03.37]               Rating = ShoppingProject.Domain.ValueObjects.Rating&#xD;
[xUnit.net 00:00:03.37]               {&#xD;
[xUnit.net 00:00:03.37]                   Count = 0, &#xD;
[xUnit.net 00:00:03.37]                   Rate = 0.0&#xD;
[xUnit.net 00:00:03.37]               }, &#xD;
[xUnit.net 00:00:03.37]               Status = EntityStatus.Active {value: 1}, &#xD;
[xUnit.net 00:00:03.37]               Title = "Keyboard"&#xD;
[xUnit.net 00:00:03.37]           }, &#xD;
[xUnit.net 00:00:03.37]           ShoppingProject.Domain.Entities.Product&#xD;
[xUnit.net 00:00:03.37]           {&#xD;
[xUnit.net 00:00:03.37]               Category = "Electronics", &#xD;
[xUnit.net 00:00:03.37]               Created = &lt;0001-01-01 00:00:00.000&gt;, &#xD;
[xUnit.net 00:00:03.37]               CreatedBy = &lt;null&gt;, &#xD;
[xUnit.net 00:00:03.37]               Description = "High performance laptop", &#xD;
[xUnit.net 00:00:03.37]               DomainEvents = ShoppingProject.Domain.Events.ProductCreatedEvent&#xD;
[xUnit.net 00:00:03.37]               {&#xD;
[xUnit.net 00:00:03.37]                   {&#xD;
[xUnit.net 00:00:03.37]                       Item = {Cyclic reference to type ShoppingProject.Domain.Entities.Product detected}, &#xD;
[xUnit.net 00:00:03.37]                       OccurredOnUtc = &lt;2026-01-26 15:30:52.6305617 +0h&gt;&#xD;
[xUnit.net 00:00:03.37]                   }&#xD;
[xUnit.net 00:00:03.37]               }, &#xD;
[xUnit.net 00:00:03.37]               Id = 1, &#xD;
[xUnit.net 00:00:03.37]               Image = "https://example.com/laptop.jpg", &#xD;
[xUnit.net 00:00:03.37]               LastModified = &lt;0001-01-01 00:00:00.000&gt;, &#xD;
[xUnit.net 00:00:03.37]               LastModifiedBy = &lt;null&gt;, &#xD;
[xUnit.net 00:00:03.37]               Price = 999.99M, &#xD;
[xUnit.net 00:00:03.37]               Rating = ShoppingProject.Domain.ValueObjects.Rating&#xD;
[xUnit.net 00:00:03.37]               {&#xD;
[xUnit.net 00:00:03.37]                   Count = 0, &#xD;
[xUnit.net 00:00:03.37]                   Rate = 0.0&#xD;
[xUnit.net 00:00:03.37]               }, &#xD;
[xUnit.net 00:00:03.37]               Status = EntityStatus.Active {value: 1}, &#xD;
[xUnit.net 00:00:03.37]               Title = "Laptop"&#xD;
[xUnit.net 00:00:03.37]           }ShoppingProject.Domain.Entities.Product&#xD;
[xUnit.net 00:00:03.37]           {&#xD;
[xUnit.net 00:00:03.37]               Category = "Electronics", &#xD;
[xUnit.net 00:00:03.37]               Created = &lt;0001-01-01 00:00:00.000&gt;, &#xD;
[xUnit.net 00:00:03.37]               CreatedBy = &lt;null&gt;, &#xD;
[xUnit.net 00:00:03.37]               Description = "4K Monitor", &#xD;
[xUnit.net 00:00:03.37]               DomainEvents = ShoppingProject.Domain.Events.ProductCreatedEvent&#xD;
[xUnit.net 00:00:03.37]               {&#xD;
[xUnit.net 00:00:03.37]                   {&#xD;
[xUnit.net 00:00:03.37]                       Item = {Cyclic reference to type ShoppingProject.Domain.Entities.Product detected}, &#xD;
[xUnit.net 00:00:03.37]                       OccurredOnUtc = &lt;2026-01-26 15:30:52.6305648 +0h&gt;&#xD;
[xUnit.net 00:00:03.37]                   }&#xD;
[xUnit.net 00:00:03.37]               }, &#xD;
[xUnit.net 00:00:03.37]               Id = 4, &#xD;
[xUnit.net 00:00:03.37]               Image = "https://example.com/monitor.jpg", &#xD;
[xUnit.net 00:00:03.37]               LastModified = &lt;0001-01-01 00:00:00.000&gt;, &#xD;
[xUnit.net 00:00:03.37]               LastModifiedBy = &lt;null&gt;, &#xD;
[xUnit.net 00:00:03.37]               Price = 299.99M, &#xD;
[xUnit.net 00:00:03.37]               Rating = ShoppingProject.Domain.ValueObjects.Rating&#xD;
[xUnit.net 00:00:03.37]               {&#xD;
[xUnit.net 00:00:03.37]                   Count = 0, &#xD;
[xUnit.net 00:00:03.37]                   Rate = 0.0&#xD;
[xUnit.net 00:00:03.37]               }, &#xD;
[xUnit.net 00:00:03.37]               Status = EntityStatus.Active {value: 1}, &#xD;
[xUnit.net 00:00:03.37]       &#xD;
[xUnit.net 00:00:03.37]       (Output has exceeded the maximum of 100 lines. Increase FormattingOptions.MaxLines on AssertionScope or AssertionOptions to include more lines.)&#xD;
[xUnit.net 00:00:03.37]               Title = "Monitor".&#xD;
[xUnit.net 00:00:03.37]       Stack Trace:&#xD;
[xUnit.net 00:00:03.37]            at FluentAssertions.Execution.LateBoundTestFramework.Throw(String message)&#xD;
[xUnit.net 00:00:03.37]            at FluentAssertions.Execution.TestFrameworkProvider.Throw(String message)&#xD;
[xUnit.net 00:00:03.37]            at FluentAssertions.Execution.DefaultAssertionStrategy.HandleFailure(String message)&#xD;
[xUnit.net 00:00:03.37]            at FluentAssertions.Execution.AssertionScope.FailWith(Func`1 failReasonFunc)&#xD;
[xUnit.net 00:00:03.37]            at FluentAssertions.Execution.AssertionScope.FailWith(Func`1 failReasonFunc)&#xD;
[xUnit.net 00:00:03.37]            at FluentAssertions.Execution.AssertionScope.FailWith(String message, Object[] args)&#xD;
[xUnit.net 00:00:03.37]            at FluentAssertions.Collections.GenericCollectionAssertions`3.HaveCount(Int32 expected, String because, Object[] becauseArgs)&#xD;
[xUnit.net 00:00:03.37]         O:\Projets\pipeline_azure\src\Tests\Infrastructure\SpecificationPatternIntegrationTests.cs(262,0): at ShoppingProject.Tests.Infrastructure.SpecificationPatternIntegrationTests.SearchSpecification_WithEmptySearchTerm_ReturnsAllProducts()&#xD;
[xUnit.net 00:00:03.37]         --- End of stack trace from previous location ---&#xD;
[xUnit.net 00:00:03.47]   Finished:    ShoppingProject.Tests&#xD;
</StdOut>
    </Output>
    <RunInfos>
      <RunInfo computerName="DESKTOP-GH65CIA" outcome="Error" timestamp="2026-01-26T16:30:50.0560632+01:00">
        <Text>[xUnit.net 00:00:00.78]     ShoppingProject.UnitTests.Presentation.Controllers.CartsControllerAuthorizationTests.DeleteAll_HasAuthorizeAttributeWithCanPurgePolicy [FAIL]</Text>
      </RunInfo>
      <RunInfo computerName="DESKTOP-GH65CIA" outcome="Error" timestamp="2026-01-26T16:30:50.5579914+01:00">
        <Text>[xUnit.net 00:00:01.28]     ShoppingProject.UnitTests.Application.Commands.UpdateProductCommandTests.Handle_ValidCommand_ShouldUpdateProduct [FAIL]</Text>
      </RunInfo>
      <RunInfo computerName="DESKTOP-GH65CIA" outcome="Error" timestamp="2026-01-26T16:30:50.6109130+01:00">
        <Text>[xUnit.net 00:00:01.33]     ShoppingProject.UnitTests.Application.Commands.DeleteProductCommandTests.Handle_ValidCommand_ShouldRaiseDomainEvent [FAIL]</Text>
      </RunInfo>
      <RunInfo computerName="DESKTOP-GH65CIA" outcome="Error" timestamp="2026-01-26T16:30:50.6467740+01:00">
        <Text>[xUnit.net 00:00:01.37]     ShoppingProject.UnitTests.Application.Commands.DeleteProductCommandTests.Handle_ValidCommand_ShouldDeleteProduct [FAIL]</Text>
      </RunInfo>
      <RunInfo computerName="DESKTOP-GH65CIA" outcome="Error" timestamp="2026-01-26T16:30:50.7052680+01:00">
        <Text>[xUnit.net 00:00:01.43]     ShoppingProject.UnitTests.IntegrationTests.CartsIntegrationTests.GetCartById_Should_Return_Cart [FAIL]</Text>
      </RunInfo>
      <RunInfo computerName="DESKTOP-GH65CIA" outcome="Error" timestamp="2026-01-26T16:30:50.7084335+01:00">
        <Text>[xUnit.net 00:00:01.43]     ShoppingProject.UnitTests.IntegrationTests.CacheIntegrationTests.GetValue_Should_Return_Value_When_Exists [FAIL]</Text>
      </RunInfo>
      <RunInfo computerName="DESKTOP-GH65CIA" outcome="Error" timestamp="2026-01-26T16:30:50.7288013+01:00">
        <Text>[xUnit.net 00:00:01.45]     ShoppingProject.UnitTests.IntegrationTests.CacheIntegrationTests.DeleteValue_Should_Return_OK [FAIL]</Text>
      </RunInfo>
      <RunInfo computerName="DESKTOP-GH65CIA" outcome="Error" timestamp="2026-01-26T16:30:50.7414038+01:00">
        <Text>[xUnit.net 00:00:01.46]     ShoppingProject.UnitTests.IntegrationTests.CartsIntegrationTests.GetAllCarts_Should_Return_List [FAIL]</Text>
      </RunInfo>
      <RunInfo computerName="DESKTOP-GH65CIA" outcome="Error" timestamp="2026-01-26T16:30:50.7570857+01:00">
        <Text>[xUnit.net 00:00:01.48]     ShoppingProject.UnitTests.IntegrationTests.CacheIntegrationTests.SetValue_Should_Return_OK [FAIL]</Text>
      </RunInfo>
      <RunInfo computerName="DESKTOP-GH65CIA" outcome="Error" timestamp="2026-01-26T16:30:50.8226420+01:00">
        <Text>[xUnit.net 00:00:01.54]     ShoppingProject.UnitTests.IntegrationTests.CartsIntegrationTests.CreateCart_Should_Return_Success_When_Authorized [FAIL]</Text>
      </RunInfo>
      <RunInfo computerName="DESKTOP-GH65CIA" outcome="Error" timestamp="2026-01-26T16:30:50.8228839+01:00">
        <Text>[xUnit.net 00:00:01.54]     ShoppingProject.UnitTests.IntegrationTests.CacheIntegrationTests.GetValue_Should_Return_NotFound_When_NotExists [FAIL]</Text>
      </RunInfo>
      <RunInfo computerName="DESKTOP-GH65CIA" outcome="Error" timestamp="2026-01-26T16:30:50.8231363+01:00">
        <Text>[xUnit.net 00:00:01.55]     ShoppingProject.UnitTests.IntegrationTests.CartsIntegrationTests.UpdateCart_Should_Return_Success_When_Authorized [FAIL]</Text>
      </RunInfo>
      <RunInfo computerName="DESKTOP-GH65CIA" outcome="Error" timestamp="2026-01-26T16:30:50.8388562+01:00">
        <Text>[xUnit.net 00:00:01.56]     ShoppingProject.UnitTests.IntegrationTests.AuditIntegrationTests.SaveEntity_Should_Publish_IAuditEvent [FAIL]</Text>
      </RunInfo>
      <RunInfo computerName="DESKTOP-GH65CIA" outcome="Error" timestamp="2026-01-26T16:30:50.8440314+01:00">
        <Text>[xUnit.net 00:00:01.57]     ShoppingProject.UnitTests.IntegrationTests.CartsIntegrationTests.DeleteCart_Should_Return_Success_When_Authorized [FAIL]</Text>
      </RunInfo>
      <RunInfo computerName="DESKTOP-GH65CIA" outcome="Error" timestamp="2026-01-26T16:30:50.8551816+01:00">
        <Text>[xUnit.net 00:00:01.58]     ShoppingProject.UnitTests.IntegrationTests.IdentityIntegrationTests.UpdateUser_Should_Return_Success [FAIL]</Text>
      </RunInfo>
      <RunInfo computerName="DESKTOP-GH65CIA" outcome="Error" timestamp="2026-01-26T16:30:50.8874379+01:00">
        <Text>[xUnit.net 00:00:01.61]     ShoppingProject.UnitTests.IntegrationTests.ProductsIntegrationTests.GetAllProducts_Should_Return_List [FAIL]</Text>
      </RunInfo>
      <RunInfo computerName="DESKTOP-GH65CIA" outcome="Error" timestamp="2026-01-26T16:30:50.8898646+01:00">
        <Text>[xUnit.net 00:00:01.61]     ShoppingProject.UnitTests.IntegrationTests.ProductsIntegrationTests.GetProductById_Should_Return_Product [FAIL]</Text>
      </RunInfo>
      <RunInfo computerName="DESKTOP-GH65CIA" outcome="Error" timestamp="2026-01-26T16:30:50.8986040+01:00">
        <Text>[xUnit.net 00:00:01.62]     ShoppingProject.UnitTests.IntegrationTests.IdentityIntegrationTests.ForgotPassword_Should_Return_Success [FAIL]</Text>
      </RunInfo>
      <RunInfo computerName="DESKTOP-GH65CIA" outcome="Error" timestamp="2026-01-26T16:30:50.9011341+01:00">
        <Text>[xUnit.net 00:00:01.62]     ShoppingProject.UnitTests.Architecture.ArchitectureTests.Services_Should_HaveCorrectNaming [FAIL]</Text>
      </RunInfo>
      <RunInfo computerName="DESKTOP-GH65CIA" outcome="Error" timestamp="2026-01-26T16:30:50.9129117+01:00">
        <Text>[xUnit.net 00:00:01.64]     ShoppingProject.UnitTests.IntegrationTests.IdentityIntegrationTests.ResetPassword_Should_Update_User_Password [FAIL]</Text>
      </RunInfo>
      <RunInfo computerName="DESKTOP-GH65CIA" outcome="Error" timestamp="2026-01-26T16:30:50.9141075+01:00">
        <Text>[xUnit.net 00:00:01.64]     ShoppingProject.UnitTests.IntegrationTests.ProductsIntegrationTests.SearchProducts_Should_Return_Results [FAIL]</Text>
      </RunInfo>
      <RunInfo computerName="DESKTOP-GH65CIA" outcome="Error" timestamp="2026-01-26T16:30:50.9196915+01:00">
        <Text>[xUnit.net 00:00:01.64]     ShoppingProject.UnitTests.IntegrationTests.ProductsIntegrationTests.CreateProduct_Should_Return_Success_When_Authorized [FAIL]</Text>
      </RunInfo>
      <RunInfo computerName="DESKTOP-GH65CIA" outcome="Error" timestamp="2026-01-26T16:30:50.9233229+01:00">
        <Text>[xUnit.net 00:00:01.65]     ShoppingProject.UnitTests.IntegrationTests.IdentityIntegrationTests.RefreshToken_Should_Return_New_Tokens [FAIL]</Text>
      </RunInfo>
      <RunInfo computerName="DESKTOP-GH65CIA" outcome="Error" timestamp="2026-01-26T16:30:50.9353746+01:00">
        <Text>[xUnit.net 00:00:01.66]     ShoppingProject.UnitTests.IntegrationTests.IdentityIntegrationTests.Register_Then_Login_Should_Return_Token [FAIL]</Text>
      </RunInfo>
      <RunInfo computerName="DESKTOP-GH65CIA" outcome="Error" timestamp="2026-01-26T16:30:51.2714795+01:00">
        <Text>[xUnit.net 00:00:01.99]     ShoppingProject.UnitTests.Architecture.ArchitectureTests.Application_Should_Not_Reference_EntityFrameworkCore [FAIL]</Text>
      </RunInfo>
      <RunInfo computerName="DESKTOP-GH65CIA" outcome="Error" timestamp="2026-01-26T16:30:51.4443374+01:00">
        <Text>[xUnit.net 00:00:02.17]     ShoppingProject.UnitTests.Architecture.ArchitectureTests.Repositories_Should_HaveCorrectNaming [FAIL]</Text>
      </RunInfo>
      <RunInfo computerName="DESKTOP-GH65CIA" outcome="Error" timestamp="2026-01-26T16:30:51.4534767+01:00">
        <Text>[xUnit.net 00:00:02.18]     ShoppingProject.UnitTests.Architecture.ArchitectureTests.Repositories_Should_ResideIn_RepositoriesNamespace [FAIL]</Text>
      </RunInfo>
      <RunInfo computerName="DESKTOP-GH65CIA" outcome="Error" timestamp="2026-01-26T16:30:51.4865267+01:00">
        <Text>[xUnit.net 00:00:02.21]     ShoppingProject.UnitTests.Architecture.ArchitectureTests.Domain_Entities_Should_BeSealed_Or_Abstract [FAIL]</Text>
      </RunInfo>
      <RunInfo computerName="DESKTOP-GH65CIA" outcome="Error" timestamp="2026-01-26T16:30:52.4184519+01:00">
        <Text>[xUnit.net 00:00:03.14]     ShoppingProject.Tests.Infrastructure.OutboxMessageStoreIntegrationTests.GetUnprocessedMessagesAsync_SkipsMessagesWithFutureRetryTime [FAIL]</Text>
      </RunInfo>
      <RunInfo computerName="DESKTOP-GH65CIA" outcome="Error" timestamp="2026-01-26T16:30:52.4264805+01:00">
        <Text>[xUnit.net 00:00:03.15]     ShoppingProject.Tests.Infrastructure.RepositoryPatternIntegrationTests.SaveChangesAsync_PersistsChanges [FAIL]</Text>
      </RunInfo>
      <RunInfo computerName="DESKTOP-GH65CIA" outcome="Error" timestamp="2026-01-26T16:30:52.4373459+01:00">
        <Text>[xUnit.net 00:00:03.16]     ShoppingProject.Tests.Infrastructure.SpecificationPatternIntegrationTests.SearchProductsSpecification_SearchesAcrossMultipleProperties [FAIL]</Text>
      </RunInfo>
      <RunInfo computerName="DESKTOP-GH65CIA" outcome="Error" timestamp="2026-01-26T16:30:52.4483540+01:00">
        <Text>[xUnit.net 00:00:03.17]     ShoppingProject.Tests.Infrastructure.RepositoryPatternIntegrationTests.ListAsync_WithSpecification_Filters [FAIL]</Text>
      </RunInfo>
      <RunInfo computerName="DESKTOP-GH65CIA" outcome="Error" timestamp="2026-01-26T16:30:52.4572292+01:00">
        <Text>[xUnit.net 00:00:03.18]     ShoppingProject.Tests.Infrastructure.OutboxMessageStoreIntegrationTests.CleanupProcessedMessagesAsync_RemovesOldProcessedMessages [FAIL]</Text>
      </RunInfo>
      <RunInfo computerName="DESKTOP-GH65CIA" outcome="Error" timestamp="2026-01-26T16:30:52.4701632+01:00">
        <Text>[xUnit.net 00:00:03.19]     ShoppingProject.Tests.Infrastructure.OutboxMessageStoreIntegrationTests.CleanupProcessedMessagesAsync_PreservesRecentMessages [FAIL]</Text>
      </RunInfo>
      <RunInfo computerName="DESKTOP-GH65CIA" outcome="Error" timestamp="2026-01-26T16:30:52.4727531+01:00">
        <Text>[xUnit.net 00:00:03.20]     ShoppingProject.Tests.Infrastructure.RepositoryPatternIntegrationTests.DeleteRangeAsync_WithSpecification [FAIL]</Text>
      </RunInfo>
      <RunInfo computerName="DESKTOP-GH65CIA" outcome="Error" timestamp="2026-01-26T16:30:52.5119888+01:00">
        <Text>[xUnit.net 00:00:03.24]     ShoppingProject.Tests.Infrastructure.SpecificationPatternIntegrationTests.SearchProductsSpecification_FindsProductByDescription [FAIL]</Text>
      </RunInfo>
      <RunInfo computerName="DESKTOP-GH65CIA" outcome="Error" timestamp="2026-01-26T16:30:52.6288509+01:00">
        <Text>[xUnit.net 00:00:03.35]     ShoppingProject.Tests.Infrastructure.SpecificationPatternIntegrationTests.SpecificationEvaluator_ReadsAsNoTracking [FAIL]</Text>
      </RunInfo>
      <RunInfo computerName="DESKTOP-GH65CIA" outcome="Error" timestamp="2026-01-26T16:30:52.6427139+01:00">
        <Text>[xUnit.net 00:00:03.37]     ShoppingProject.Tests.Infrastructure.SpecificationPatternIntegrationTests.SearchSpecification_WithEmptySearchTerm_ReturnsAllProducts [FAIL]</Text>
      </RunInfo>
    </RunInfos>
  </ResultSummary>
</TestRun>